2025-04-03 18:24:33,843 INFO: 
                ____                _       _____  ____
               / __ ) ____ _ _____ (_)_____/ ___/ / __ \
              / __  |/ __ `// ___// // ___/\__ \ / /_/ /
             / /_/ // /_/ /(__  )/ // /__ ___/ // _, _/
            /_____/ \__,_//____//_/ \___//____//_/ |_|
     ______                   __   __                 __      __
    / ____/____   ____   ____/ /  / /   __  __ _____ / /__   / /
   / / __ / __ \ / __ \ / __  /  / /   / / / // ___// //_/  / /
  / /_/ // /_/ // /_/ // /_/ /  / /___/ /_/ // /__ / /<    /_/
  \____/ \____/ \____/ \____/  /_____/\____/ \___//_/|_|  (_)
    
Version Information: 
	PyTorch: 2.0.1+cu117
	TorchVision: 0.15.2+cu117
2025-04-03 18:24:33,843 INFO: 
  name: RAIN200H-LPNet_pad
  model_type: LPNetModel
  scale: 1
  num_gpu: 1
  manual_seed: 10
  datasets:[
    train:[
      name: RAIN200H
      type: PairedImageDataset
      dataroot_gt: /scratch/eecs568s001w25_class_root/eecs568s001w25_class/yiweigui/Deep-Fourier-Upsampling/Dataset/Rain100H/norain
      dataroot_lq: /scratch/eecs568s001w25_class_root/eecs568s001w25_class/yiweigui/Deep-Fourier-Upsampling/Dataset/Rain100H/rainy
      filename_tmpl: {}
      io_backend:[
        type: disk
      ]
      gt_size: 128
      use_flip: True
      use_rot: True
      use_shuffle: True
      num_worker_per_gpu: 0
      batch_size_per_gpu: 12
      dataset_enlarge_ratio: 1
      prefetch_mode: None
      phase: train
      scale: 1
    ]
    val:[
      name: RAIN200H
      type: PairedImageDataset
      dataroot_gt: /scratch/eecs568s001w25_class_root/eecs568s001w25_class/yiweigui/Deep-Fourier-Upsampling/Dataset/Rain100H/norain
      dataroot_lq: /scratch/eecs568s001w25_class_root/eecs568s001w25_class/yiweigui/Deep-Fourier-Upsampling/Dataset/Rain100H/rainy
      io_backend:[
        type: disk
      ]
      phase: val
      scale: 1
    ]
  ]
  network_g:[
    type: LPNet_pad
  ]
  path:[
    pretrain_network_g: None
    strict_load_g: True
    resume_state: None
    root: /scratch/eecs568s001w25_class_root/eecs568s001w25_class/yiweigui/Deep-Fourier-Upsampling/Deraining_LPNET
    experiments_root: /scratch/eecs568s001w25_class_root/eecs568s001w25_class/yiweigui/Deep-Fourier-Upsampling/Deraining_LPNET/experiments/RAIN200H-LPNet_pad
    models: /scratch/eecs568s001w25_class_root/eecs568s001w25_class/yiweigui/Deep-Fourier-Upsampling/Deraining_LPNET/experiments/RAIN200H-LPNet_pad/models
    training_states: /scratch/eecs568s001w25_class_root/eecs568s001w25_class/yiweigui/Deep-Fourier-Upsampling/Deraining_LPNET/experiments/RAIN200H-LPNet_pad/training_states
    log: /scratch/eecs568s001w25_class_root/eecs568s001w25_class/yiweigui/Deep-Fourier-Upsampling/Deraining_LPNET/experiments/RAIN200H-LPNet_pad
    visualization: /scratch/eecs568s001w25_class_root/eecs568s001w25_class/yiweigui/Deep-Fourier-Upsampling/Deraining_LPNET/experiments/RAIN200H-LPNet_pad/visualization
  ]
  train:[
    optim_g:[
      type: Adam
      lr: 0.001
      weight_decay: 0
      betas: [0.9, 0.99]
    ]
    scheduler:[
      type: TrueCosineAnnealingLR
      T_max: 1000
      eta_min: 1e-07
    ]
    total_iter: 900
    warmup_iter: 0
    pixel_opt:[
      type: L1Loss
      loss_weight: 0.5
      reduction: mean
    ]
  ]
  val:[
    val_freq: 9999999
    save_img: False
    grids: False
    crop_size: 256
    max_minibatch: 8
    metrics:[
      psnr:[
        type: calculate_psnr
        crop_border: 0
        test_y_channel: True
      ]
    ]
  ]
  logger:[
    print_freq: 200
    save_checkpoint_freq: 500
    use_tb_logger: True
    wandb:[
      project: None
      resume_id: None
    ]
  ]
  dist_params:[
    backend: nccl
    port: 29500
  ]
  is_train: True
  dist: False
  rank: 0
  world_size: 1

2025-04-03 18:24:33,998 INFO: Dataset PairedImageDataset - RAIN200H is created.
2025-04-03 18:24:33,999 INFO: Training statistics:
	Number of train images: 100
	Dataset enlarge ratio: 1
	Batch size per gpu: 12
	World size (gpu number): 1
	Require iter number per epoch: 9
	Total epochs: 100; iters: 900.
2025-04-03 18:24:34,002 INFO: Dataset PairedImageDataset - RAIN200H is created.
2025-04-03 18:24:34,002 INFO: Number of val images/folders in RAIN200H: 100
2025-04-03 18:24:34,657 INFO: Model [LPNetModel] is created.
2025-04-03 18:24:34,657 INFO: Start training from epoch: 0, iter: 0
2025-04-03 18:25:15,041 INFO: [RAIN2..][epoch: 24, iter:     200, lr:(9.054e-04,9.055e-05,)] [eta: 0:02:20, time (data): 0.178 (0.101)] l0: 6.5503e-02 l1: 5.3669e-02 l2: 7.7392e-02 l3: 8.7317e-02 l4: 9.9717e-02 l3_ssim: 5.1997e-01 l4_ssim: 5.8695e-01 
2025-04-03 18:25:51,079 INFO: [RAIN2..][epoch: 49, iter:     400, lr:(6.560e-04,6.563e-05,)] [eta: 0:01:35, time (data): 0.183 (0.106)] l0: 4.0364e-02 l1: 5.4973e-02 l2: 6.9848e-02 l3: 7.7223e-02 l4: 9.4343e-02 l3_ssim: 4.8945e-01 l4_ssim: 5.8861e-01 
2025-04-03 18:26:09,097 INFO: Saving models and training states.
2025-04-03 18:26:27,121 INFO: [RAIN2..][epoch: 74, iter:     600, lr:(3.471e-04,3.476e-05,)] [eta: 0:00:55, time (data): 0.179 (0.102)] l0: 4.5173e-02 l1: 5.7104e-02 l2: 5.8873e-02 l3: 6.6408e-02 l4: 7.6650e-02 l3_ssim: 5.3601e-01 l4_ssim: 6.1573e-01 
