2025-04-04 00:31:02,659 INFO: 
____ _ _____ ____
/ __ ) ____ _ _____ (_)_____/ ___/ / __ \
/ __ |/ __ `// ___// // ___/\__ \ / /_/ /
/ /_/ // /_/ /(__ )/ // /__ ___/ // _, _/
/_____/ \__,_//____//_/ \___//____//_/ |_|
______ __ __ __ __
/ ____/____ ____ ____/ / / / __ __ _____ / /__ / /
/ / __ / __ \ / __ \ / __ / / / / / / // ___// //_/ / /
/ /_/ // /_/ // /_/ // /_/ / / /___/ /_/ // /__ / /< /_/
\____/ \____/ \____/ \____/ /_____/\____/ \___//_/|_| (_)
Version Information: 
PyTorch: 2.0.1+cu117
TorchVision: 0.15.2+cu117
2025-04-04 00:31:02,659 INFO: 
name: RAIN200H-LPNet_pad
model_type: LPNetModel
scale: 1
num_gpu: 1
manual_seed: 10
datasets:[
train:[
name: RAIN200H
type: PairedImageDataset
dataroot_gt: /home/yitinw/Deep-Fourier-Upsampling/RainTrainH/norain
dataroot_lq: /home/yitinw/Deep-Fourier-Upsampling/RainTrainH/rain
filename_tmpl: {}
io_backend:[
type: disk
]
gt_size: 128
use_flip: True
use_rot: True
use_shuffle: True
num_worker_per_gpu: 10
batch_size_per_gpu: 192
dataset_enlarge_ratio: 1
prefetch_mode: None
phase: train
scale: 1
]
val:[
name: RAIN200H
type: PairedImageDataset
dataroot_gt: /home/yitinw/Deep-Fourier-Upsampling/Rain100H/target
dataroot_lq: /home/yitinw/Deep-Fourier-Upsampling/Rain100H/input
io_backend:[
type: disk
]
phase: val
scale: 1
]
]
network_g:[
type: LPNet_pad
]
path:[
pretrain_network_g: None
strict_load_g: True
resume_state: None
root: /home/yitinw/Deep-Fourier-Upsampling/deraining/lpnet
experiments_root: /home/yitinw/Deep-Fourier-Upsampling/deraining/lpnet/experiments/RAIN200H-LPNet_pad
models: /home/yitinw/Deep-Fourier-Upsampling/deraining/lpnet/experiments/RAIN200H-LPNet_pad/models
training_states: /home/yitinw/Deep-Fourier-Upsampling/deraining/lpnet/experiments/RAIN200H-LPNet_pad/training_states
log: /home/yitinw/Deep-Fourier-Upsampling/deraining/lpnet/experiments/RAIN200H-LPNet_pad
visualization: /home/yitinw/Deep-Fourier-Upsampling/deraining/lpnet/experiments/RAIN200H-LPNet_pad/visualization
]
train:[
optim_g:[
type: Adam
lr: 0.001
weight_decay: 0
betas: [0.9, 0.99]
]
scheduler:[
type: TrueCosineAnnealingLR
T_max: 10000
eta_min: 1e-07
]
total_iter: 10000
warmup_iter: 0
pixel_opt:[
type: L1Loss
loss_weight: 0.5
reduction: mean
]
]
val:[
val_freq: 100.0
save_img: False
grids: False
crop_size: 256
max_minibatch: 8
metrics:[
psnr:[
type: calculate_psnr
crop_border: 0
test_y_channel: True
]
]
]
logger:[
print_freq: 100
save_checkpoint_freq: 500.0
use_tb_logger: True
wandb:[
project: None
resume_id: None
]
]
dist_params:[
backend: nccl
port: 29500
]
is_train: True
dist: False
rank: 0
world_size: 1

2025-04-04 00:31:02,926 INFO: Dataset PairedImageDataset - RAIN200H is created.
2025-04-04 00:31:02,929 INFO: Training statistics:
Number of train images: 1254
Dataset enlarge ratio: 1
Batch size per gpu: 192
World size (gpu number): 1
Require iter number per epoch: 7
Total epochs: 1429; iters: 10000.
2025-04-04 00:31:02,931 INFO: Dataset PairedImageDataset - RAIN200H is created.
2025-04-04 00:31:02,932 INFO: Number of val images/folders in RAIN200H: 100
2025-04-04 00:31:03,804 INFO: Model [LPNetModel] is created.
2025-04-04 00:31:04,741 INFO: Start training from epoch: 0, iter: 0
2025-04-04 00:33:45,688 INFO: [RAIN2..][epoch: 16, iter: 100, lr:(9.998e-04,9.998e-05,)] [eta: 4:24:26, time (data): 0.854 (0.012)] l0: 1.0859e-01 l1: 6.4203e-02 l2: 8.4498e-02 l3: 8.8727e-02 l4: 1.0042e-01 l3_ssim: 5.5394e-01 l4_ssim: 6.2239e-01 
2025-04-04 00:33:52,796 INFO: Validation RAIN200H, # psnr: 14.5665
2025-04-04 00:36:26,474 INFO: [RAIN2..][epoch: 33, iter: 200, lr:(9.990e-04,9.990e-05,)] [eta: 4:22:10, time (data): 0.854 (0.012)] l0: 5.9059e-02 l1: 4.9055e-02 l2: 6.6562e-02 l3: 7.6877e-02 l4: 9.0632e-02 l3_ssim: 5.2244e-01 l4_ssim: 6.0031e-01 
2025-04-04 00:36:31,899 INFO: Validation RAIN200H, # psnr: 14.6500
2025-04-04 00:39:02,683 INFO: [RAIN2..][epoch: 49, iter: 300, lr:(9.978e-04,9.978e-05,)] [eta: 4:17:10, time (data): 0.859 (0.011)] l0: 3.9174e-02 l1: 5.2092e-02 l2: 6.0910e-02 l3: 6.9717e-02 l4: 8.5302e-02 l3_ssim: 5.0338e-01 l4_ssim: 5.8536e-01 
2025-04-04 00:39:09,171 INFO: Validation RAIN200H, # psnr: 15.6643
2025-04-04 00:41:42,092 INFO: [RAIN2..][epoch: 66, iter: 400, lr:(9.961e-04,9.961e-05,)] [eta: 4:14:39, time (data): 0.857 (0.010)] l0: 3.8234e-02 l1: 5.1502e-02 l2: 5.7989e-02 l3: 6.5911e-02 l4: 7.3607e-02 l3_ssim: 5.0706e-01 l4_ssim: 5.8784e-01 
2025-04-04 00:41:47,727 INFO: Validation RAIN200H, # psnr: 17.5478
2025-04-04 00:44:20,385 INFO: [RAIN2..][epoch: 83, iter: 500, lr:(9.939e-04,9.939e-05,)] [eta: 4:11:43, time (data): 0.856 (0.010)] l0: 3.5095e-02 l1: 4.5955e-02 l2: 5.4207e-02 l3: 6.3503e-02 l4: 6.8206e-02 l3_ssim: 5.0697e-01 l4_ssim: 5.8446e-01 
2025-04-04 00:44:20,386 INFO: Saving models and training states.
2025-04-04 00:44:25,988 INFO: Validation RAIN200H, # psnr: 18.4327
2025-04-04 00:46:55,239 INFO: [RAIN2..][epoch: 99, iter: 600, lr:(9.912e-04,9.912e-05,)] [eta: 4:07:59, time (data): 0.858 (0.011)] l0: 3.8437e-02 l1: 4.8954e-02 l2: 5.7173e-02 l3: 6.5878e-02 l4: 6.8653e-02 l3_ssim: 5.1184e-01 l4_ssim: 5.9221e-01 
2025-04-04 00:47:00,847 INFO: Validation RAIN200H, # psnr: 18.3201
2025-04-04 00:49:33,763 INFO: [RAIN2..][epoch:116, iter: 700, lr:(9.880e-04,9.880e-05,)] [eta: 4:05:23, time (data): 0.858 (0.011)] l0: 3.8339e-02 l1: 4.8587e-02 l2: 5.7568e-02 l3: 6.5596e-02 l4: 7.2162e-02 l3_ssim: 4.9493e-01 l4_ssim: 5.7483e-01 
2025-04-04 00:49:39,308 INFO: Validation RAIN200H, # psnr: 16.6024
2025-04-04 00:52:12,608 INFO: [RAIN2..][epoch:133, iter: 800, lr:(9.843e-04,9.843e-05,)] [eta: 4:02:51, time (data): 0.857 (0.012)] l0: 3.6233e-02 l1: 4.5514e-02 l2: 5.5015e-02 l3: 6.2510e-02 l4: 6.6318e-02 l3_ssim: 4.9260e-01 l4_ssim: 5.6434e-01 
2025-04-04 00:52:18,297 INFO: Validation RAIN200H, # psnr: 18.4618
2025-04-04 00:54:46,260 INFO: [RAIN2..][epoch:149, iter: 900, lr:(9.802e-04,9.802e-05,)] [eta: 3:59:25, time (data): 0.856 (0.010)] l0: 3.9406e-02 l1: 4.8518e-02 l2: 5.8957e-02 l3: 6.6217e-02 l4: 6.8568e-02 l3_ssim: 4.9823e-01 l4_ssim: 5.7242e-01 
2025-04-04 00:54:51,796 INFO: Validation RAIN200H, # psnr: 18.7371
2025-04-04 00:57:22,963 INFO: [RAIN2..][epoch:166, iter: 1,000, lr:(9.756e-04,9.756e-05,)] [eta: 3:56:36, time (data): 0.856 (0.010)] l0: 3.9047e-02 l1: 4.7584e-02 l2: 5.7482e-02 l3: 6.5072e-02 l4: 6.8714e-02 l3_ssim: 5.0391e-01 l4_ssim: 5.8307e-01 
2025-04-04 00:57:22,963 INFO: Saving models and training states.
2025-04-04 00:57:28,498 INFO: Validation RAIN200H, # psnr: 18.7452
2025-04-04 01:00:00,341 INFO: [RAIN2..][epoch:183, iter: 1,100, lr:(9.705e-04,9.705e-05,)] [eta: 3:53:55, time (data): 0.855 (0.010)] l0: 3.6350e-02 l1: 4.4675e-02 l2: 5.4786e-02 l3: 6.0708e-02 l4: 6.4529e-02 l3_ssim: 4.7298e-01 l4_ssim: 5.4431e-01 
2025-04-04 01:00:05,866 INFO: Validation RAIN200H, # psnr: 18.8579
2025-04-04 01:02:35,335 INFO: [RAIN2..][epoch:199, iter: 1,200, lr:(9.649e-04,9.650e-05,)] [eta: 3:50:58, time (data): 0.857 (0.010)] l0: 4.2181e-02 l1: 5.0131e-02 l2: 6.0165e-02 l3: 6.1013e-02 l4: 6.6945e-02 l3_ssim: 5.0530e-01 l4_ssim: 5.8230e-01 
2025-04-04 01:02:40,869 INFO: Validation RAIN200H, # psnr: 18.6489
2025-04-04 01:05:13,250 INFO: [RAIN2..][epoch:216, iter: 1,300, lr:(9.589e-04,9.590e-05,)] [eta: 3:48:23, time (data): 0.857 (0.011)] l0: 3.4591e-02 l1: 4.2707e-02 l2: 5.3210e-02 l3: 5.6253e-02 l4: 6.4452e-02 l3_ssim: 4.7715e-01 l4_ssim: 5.5313e-01 
2025-04-04 01:05:18,815 INFO: Validation RAIN200H, # psnr: 18.3475
2025-04-04 01:07:51,887 INFO: [RAIN2..][epoch:233, iter: 1,400, lr:(9.525e-04,9.525e-05,)] [eta: 3:45:52, time (data): 0.857 (0.011)] l0: 3.6664e-02 l1: 4.3881e-02 l2: 5.3999e-02 l3: 5.6180e-02 l4: 6.0200e-02 l3_ssim: 4.9538e-01 l4_ssim: 5.1846e-01 
2025-04-04 01:07:57,500 INFO: Validation RAIN200H, # psnr: 18.8695
2025-04-04 01:10:25,680 INFO: [RAIN2..][epoch:249, iter: 1,500, lr:(9.456e-04,9.456e-05,)] [eta: 3:42:53, time (data): 0.858 (0.012)] l0: 3.9087e-02 l1: 4.5742e-02 l2: 5.6216e-02 l3: 5.7334e-02 l4: 5.6801e-02 l3_ssim: 4.9539e-01 l4_ssim: 4.7089e-01 
2025-04-04 01:10:25,680 INFO: Saving models and training states.
2025-04-04 01:10:31,428 INFO: Validation RAIN200H, # psnr: 19.8389
2025-04-04 01:13:02,887 INFO: [RAIN2..][epoch:266, iter: 1,600, lr:(9.382e-04,9.383e-05,)] [eta: 3:40:15, time (data): 0.858 (0.011)] l0: 3.6909e-02 l1: 4.4013e-02 l2: 5.4381e-02 l3: 5.6864e-02 l4: 5.5133e-02 l3_ssim: 4.8774e-01 l4_ssim: 4.3668e-01 
2025-04-04 01:13:08,930 INFO: Validation RAIN200H, # psnr: 19.7054
2025-04-04 01:15:40,647 INFO: [RAIN2..][epoch:283, iter: 1,700, lr:(9.305e-04,9.305e-05,)] [eta: 3:37:40, time (data): 0.856 (0.011)] l0: 3.9036e-02 l1: 4.5933e-02 l2: 5.4875e-02 l3: 5.3973e-02 l4: 5.2187e-02 l3_ssim: 4.6517e-01 l4_ssim: 4.0243e-01 
2025-04-04 01:15:46,313 INFO: Validation RAIN200H, # psnr: 21.4105
2025-04-04 01:18:15,322 INFO: [RAIN2..][epoch:299, iter: 1,800, lr:(9.223e-04,9.223e-05,)] [eta: 3:34:50, time (data): 0.856 (0.010)] l0: 3.6858e-02 l1: 4.3328e-02 l2: 5.2890e-02 l3: 5.3895e-02 l4: 4.9481e-02 l3_ssim: 4.7590e-01 l4_ssim: 3.8727e-01 
2025-04-04 01:18:20,937 INFO: Validation RAIN200H, # psnr: 21.2537
2025-04-04 01:20:55,369 INFO: [RAIN2..][epoch:316, iter: 1,900, lr:(9.136e-04,9.137e-05,)] [eta: 3:32:25, time (data): 0.854 (0.010)] l0: 3.6800e-02 l1: 4.2744e-02 l2: 5.2349e-02 l3: 5.2449e-02 l4: 4.8683e-02 l3_ssim: 4.8780e-01 l4_ssim: 3.9167e-01 
2025-04-04 01:21:00,979 INFO: Validation RAIN200H, # psnr: 21.1839
2025-04-04 01:23:32,983 INFO: [RAIN2..][epoch:333, iter: 2,000, lr:(9.046e-04,9.047e-05,)] [eta: 3:29:48, time (data): 0.859 (0.013)] l0: 3.7431e-02 l1: 4.3165e-02 l2: 5.2758e-02 l3: 5.2831e-02 l4: 4.9119e-02 l3_ssim: 4.5560e-01 l4_ssim: 3.9013e-01 
2025-04-04 01:23:32,983 INFO: Saving models and training states.
2025-04-04 01:23:38,698 INFO: Validation RAIN200H, # psnr: 21.5468
2025-04-04 01:26:07,457 INFO: [RAIN2..][epoch:349, iter: 2,100, lr:(8.952e-04,8.953e-05,)] [eta: 3:27:00, time (data): 0.857 (0.011)] l0: 3.7417e-02 l1: 4.3482e-02 l2: 5.1604e-02 l3: 5.0163e-02 l4: 4.9774e-02 l3_ssim: 4.3354e-01 l4_ssim: 3.8566e-01 
2025-04-04 01:26:12,940 INFO: Validation RAIN200H, # psnr: 20.9330
2025-04-04 01:28:45,536 INFO: [RAIN2..][epoch:366, iter: 2,200, lr:(8.854e-04,8.855e-05,)] [eta: 3:24:26, time (data): 0.857 (0.011)] l0: 3.4768e-02 l1: 4.0691e-02 l2: 4.8239e-02 l3: 4.5477e-02 l4: 4.6136e-02 l3_ssim: 4.1479e-01 l4_ssim: 3.6250e-01 
2025-04-04 01:28:51,118 INFO: Validation RAIN200H, # psnr: 21.2263
2025-04-04 01:31:23,484 INFO: [RAIN2..][epoch:383, iter: 2,300, lr:(8.752e-04,8.753e-05,)] [eta: 3:21:51, time (data): 0.858 (0.013)] l0: 3.6374e-02 l1: 4.1711e-02 l2: 4.7813e-02 l3: 4.4319e-02 l4: 4.3832e-02 l3_ssim: 3.9554e-01 l4_ssim: 3.5474e-01 
2025-04-04 01:31:29,121 INFO: Validation RAIN200H, # psnr: 21.3051
2025-04-04 01:33:59,738 INFO: [RAIN2..][epoch:399, iter: 2,400, lr:(8.646e-04,8.647e-05,)] [eta: 3:19:10, time (data): 0.861 (0.012)] l0: 3.8078e-02 l1: 4.3176e-02 l2: 5.0477e-02 l3: 4.5563e-02 l4: 4.5645e-02 l3_ssim: 3.9696e-01 l4_ssim: 3.6605e-01 
2025-04-04 01:34:05,443 INFO: Validation RAIN200H, # psnr: 21.4370
2025-04-04 01:36:39,826 INFO: [RAIN2..][epoch:416, iter: 2,500, lr:(8.537e-04,8.538e-05,)] [eta: 3:16:41, time (data): 0.856 (0.010)] l0: 3.8279e-02 l1: 4.3848e-02 l2: 4.9454e-02 l3: 4.3993e-02 l4: 4.4782e-02 l3_ssim: 3.6607e-01 l4_ssim: 3.6036e-01 
2025-04-04 01:36:39,826 INFO: Saving models and training states.
2025-04-04 01:36:45,560 INFO: Validation RAIN200H, # psnr: 21.7742
2025-04-04 01:39:19,361 INFO: [RAIN2..][epoch:433, iter: 2,600, lr:(8.424e-04,8.425e-05,)] [eta: 3:14:10, time (data): 0.856 (0.011)] l0: 3.7407e-02 l1: 4.3051e-02 l2: 4.8436e-02 l3: 4.4359e-02 l4: 4.4535e-02 l3_ssim: 3.5972e-01 l4_ssim: 3.5250e-01 
2025-04-04 01:39:25,116 INFO: Validation RAIN200H, # psnr: 21.3960
2025-04-04 01:41:53,780 INFO: [RAIN2..][epoch:449, iter: 2,700, lr:(8.308e-04,8.309e-05,)] [eta: 3:11:24, time (data): 0.857 (0.011)] l0: 3.8156e-02 l1: 4.3062e-02 l2: 4.8686e-02 l3: 4.2691e-02 l4: 4.2855e-02 l3_ssim: 3.5845e-01 l4_ssim: 3.4915e-01 
2025-04-04 01:41:59,470 INFO: Validation RAIN200H, # psnr: 21.6702
2025-04-04 01:44:32,500 INFO: [RAIN2..][epoch:466, iter: 2,800, lr:(8.189e-04,8.190e-05,)] [eta: 3:08:51, time (data): 0.858 (0.011)] l0: 3.5938e-02 l1: 4.1466e-02 l2: 4.7106e-02 l3: 4.3035e-02 l4: 4.3611e-02 l3_ssim: 3.4847e-01 l4_ssim: 3.4682e-01 
2025-04-04 01:44:38,218 INFO: Validation RAIN200H, # psnr: 21.6304
2025-04-04 01:47:10,772 INFO: [RAIN2..][epoch:483, iter: 2,900, lr:(8.066e-04,8.068e-05,)] [eta: 3:06:15, time (data): 0.856 (0.011)] l0: 3.8623e-02 l1: 4.4533e-02 l2: 5.0711e-02 l3: 4.3337e-02 l4: 4.3565e-02 l3_ssim: 3.6895e-01 l4_ssim: 3.6773e-01 
2025-04-04 01:47:17,210 INFO: Validation RAIN200H, # psnr: 21.4130
2025-04-04 01:49:46,191 INFO: [RAIN2..][epoch:499, iter: 3,000, lr:(7.940e-04,7.942e-05,)] [eta: 3:03:33, time (data): 0.856 (0.011)] l0: 3.6375e-02 l1: 4.1498e-02 l2: 4.7267e-02 l3: 4.0550e-02 l4: 4.2025e-02 l3_ssim: 3.3042e-01 l4_ssim: 3.4050e-01 
2025-04-04 01:49:46,192 INFO: Saving models and training states.
2025-04-04 01:49:51,880 INFO: Validation RAIN200H, # psnr: 22.1056
2025-04-04 01:52:26,131 INFO: [RAIN2..][epoch:516, iter: 3,100, lr:(7.812e-04,7.814e-05,)] [eta: 3:01:02, time (data): 0.857 (0.011)] l0: 3.9161e-02 l1: 4.3903e-02 l2: 4.9119e-02 l3: 4.3428e-02 l4: 4.3752e-02 l3_ssim: 3.3603e-01 l4_ssim: 3.4601e-01 
2025-04-04 01:52:31,753 INFO: Validation RAIN200H, # psnr: 21.1903
2025-04-04 01:55:03,731 INFO: [RAIN2..][epoch:533, iter: 3,200, lr:(7.681e-04,7.683e-05,)] [eta: 2:58:24, time (data): 0.857 (0.011)] l0: 3.6952e-02 l1: 4.2214e-02 l2: 4.7422e-02 l3: 4.0776e-02 l4: 4.3945e-02 l3_ssim: 3.2568e-01 l4_ssim: 3.5298e-01 
2025-04-04 01:55:09,308 INFO: Validation RAIN200H, # psnr: 21.2326
2025-04-04 01:57:37,076 INFO: [RAIN2..][epoch:549, iter: 3,300, lr:(7.547e-04,7.549e-05,)] [eta: 2:55:39, time (data): 0.858 (0.011)] l0: 3.5642e-02 l1: 4.0347e-02 l2: 4.6037e-02 l3: 3.8386e-02 l4: 3.9677e-02 l3_ssim: 3.0738e-01 l4_ssim: 3.2074e-01 
2025-04-04 01:57:42,622 INFO: Validation RAIN200H, # psnr: 22.1301
2025-04-04 02:00:16,191 INFO: [RAIN2..][epoch:566, iter: 3,400, lr:(7.410e-04,7.413e-05,)] [eta: 2:53:05, time (data): 0.857 (0.011)] l0: 3.4228e-02 l1: 3.9528e-02 l2: 4.5099e-02 l3: 3.9852e-02 l4: 4.2527e-02 l3_ssim: 3.1741e-01 l4_ssim: 3.4241e-01 
2025-04-04 02:00:21,670 INFO: Validation RAIN200H, # psnr: 21.4690
2025-04-04 02:39:04,867 INFO: Resuming training from epoch: 583, iter: 3500.
2025-04-04 02:39:05,573 INFO: Start training from epoch: 583, iter: 3500
2025-04-04 02:39:47,823 INFO: [RAIN2..][epoch:588, iter: 3,600, lr:(7.131e-04,7.133e-05,)] [eta: 0:45:21, time (data): 0.281 (0.004)] l0: 3.1520e-02 l1: 3.7991e-02 l2: 4.3188e-02 l3: 3.8071e-02 l4: 4.0000e-02 l3_ssim: 3.0470e-01 l4_ssim: 3.3545e-01 
2025-04-04 02:39:54,843 INFO: Validation RAIN200H, # psnr: 22.4264
2025-04-04 02:40:32,190 INFO: [RAIN2..][epoch:593, iter: 3,700, lr:(6.987e-04,6.990e-05,)] [eta: 0:45:36, time (data): 0.282 (0.004)] l0: 3.8880e-02 l1: 4.3551e-02 l2: 4.8095e-02 l3: 4.0705e-02 l4: 4.1973e-02 l3_ssim: 3.0544e-01 l4_ssim: 3.3215e-01 
2025-04-04 02:40:39,395 INFO: Validation RAIN200H, # psnr: 22.1702
2025-04-04 02:41:16,952 INFO: [RAIN2..][epoch:598, iter: 3,800, lr:(6.842e-04,6.845e-05,)] [eta: 0:45:20, time (data): 0.282 (0.005)] l0: 3.6381e-02 l1: 4.1304e-02 l2: 4.6817e-02 l3: 4.2591e-02 l4: 4.3981e-02 l3_ssim: 3.0989e-01 l4_ssim: 3.3895e-01 
2025-04-04 02:41:24,433 INFO: Validation RAIN200H, # psnr: 21.7554
2025-04-04 02:42:03,824 INFO: [RAIN2..][epoch:604, iter: 3,900, lr:(6.695e-04,6.698e-05,)] [eta: 0:45:21, time (data): 2.256 (1.967)] l0: 3.8101e-02 l1: 4.2682e-02 l2: 4.7506e-02 l3: 4.1681e-02 l4: 4.1637e-02 l3_ssim: 3.0934e-01 l4_ssim: 3.3659e-01 
2025-04-04 02:42:12,463 INFO: Validation RAIN200H, # psnr: 22.4213
2025-04-04 02:42:50,060 INFO: [RAIN2..][epoch:609, iter: 4,000, lr:(6.547e-04,6.550e-05,)] [eta: 0:44:56, time (data): 0.281 (0.004)] l0: 4.2675e-02 l1: 4.6201e-02 l2: 5.2077e-02 l3: 4.4126e-02 l4: 4.4194e-02 l3_ssim: 3.0605e-01 l4_ssim: 3.4079e-01 
2025-04-04 02:42:50,060 INFO: Saving models and training states.
2025-04-04 02:42:58,218 INFO: Validation RAIN200H, # psnr: 21.3031
2025-04-04 02:43:35,884 INFO: [RAIN2..][epoch:614, iter: 4,100, lr:(6.397e-04,6.400e-05,)] [eta: 0:44:20, time (data): 0.283 (0.007)] l0: 4.4966e-02 l1: 4.9350e-02 l2: 5.3129e-02 l3: 4.1988e-02 l4: 4.2837e-02 l3_ssim: 3.2420e-01 l4_ssim: 3.4274e-01 
2025-04-04 02:43:43,077 INFO: Validation RAIN200H, # psnr: 22.3524
2025-04-04 02:44:20,832 INFO: [RAIN2..][epoch:619, iter: 4,200, lr:(6.245e-04,6.249e-05,)] [eta: 0:43:33, time (data): 0.281 (0.004)] l0: 3.6873e-02 l1: 4.1760e-02 l2: 4.7184e-02 l3: 3.7102e-02 l4: 3.8406e-02 l3_ssim: 2.9221e-01 l4_ssim: 3.2330e-01 
2025-04-04 02:44:29,403 INFO: Validation RAIN200H, # psnr: 22.3649
2025-04-04 02:45:09,311 INFO: [RAIN2..][epoch:625, iter: 4,300, lr:(6.093e-04,6.096e-05,)] [eta: 0:43:12, time (data): 0.291 (0.006)] l0: 3.8243e-02 l1: 4.2251e-02 l2: 4.7624e-02 l3: 3.5933e-02 l4: 3.7146e-02 l3_ssim: 3.0701e-01 l4_ssim: 3.3344e-01 
2025-04-04 02:45:17,569 INFO: Validation RAIN200H, # psnr: 21.4840
2025-04-04 02:45:55,267 INFO: [RAIN2..][epoch:630, iter: 4,400, lr:(5.939e-04,5.943e-05,)] [eta: 0:42:30, time (data): 0.280 (0.004)] l0: 3.6539e-02 l1: 4.1730e-02 l2: 4.6158e-02 l3: 3.7370e-02 l4: 3.8678e-02 l3_ssim: 2.8311e-01 l4_ssim: 3.1470e-01 
2025-04-04 02:46:02,918 INFO: Validation RAIN200H, # psnr: 22.5858
2025-04-04 02:46:40,293 INFO: [RAIN2..][epoch:635, iter: 4,500, lr:(5.784e-04,5.788e-05,)] [eta: 0:41:41, time (data): 0.282 (0.005)] l0: 3.2950e-02 l1: 3.7877e-02 l2: 4.3180e-02 l3: 3.7731e-02 l4: 4.0220e-02 l3_ssim: 3.0502e-01 l4_ssim: 3.3373e-01 
2025-04-04 02:46:40,293 INFO: Saving models and training states.
2025-04-04 02:46:47,695 INFO: Validation RAIN200H, # psnr: 21.4778
2025-04-04 02:47:25,681 INFO: [RAIN2..][epoch:640, iter: 4,600, lr:(5.629e-04,5.633e-05,)] [eta: 0:40:55, time (data): 0.282 (0.005)] l0: 4.0142e-02 l1: 4.3834e-02 l2: 4.8240e-02 l3: 3.8670e-02 l4: 3.9096e-02 l3_ssim: 2.8825e-01 l4_ssim: 3.1589e-01 
2025-04-04 02:47:33,763 INFO: Validation RAIN200H, # psnr: 21.7327
2025-04-04 02:48:13,654 INFO: [RAIN2..][epoch:646, iter: 4,700, lr:(5.473e-04,5.477e-05,)] [eta: 0:40:21, time (data): 0.283 (0.004)] l0: 3.7355e-02 l1: 4.2753e-02 l2: 4.6945e-02 l3: 3.8145e-02 l4: 3.8304e-02 l3_ssim: 2.7406e-01 l4_ssim: 2.8801e-01 
2025-04-04 02:48:21,619 INFO: Validation RAIN200H, # psnr: 22.1670
2025-04-04 02:48:59,468 INFO: [RAIN2..][epoch:651, iter: 4,800, lr:(5.316e-04,5.320e-05,)] [eta: 0:39:36, time (data): 0.282 (0.005)] l0: 3.4748e-02 l1: 3.8911e-02 l2: 4.4289e-02 l3: 3.8224e-02 l4: 3.9898e-02 l3_ssim: 2.9491e-01 l4_ssim: 3.2360e-01 
2025-04-04 02:49:06,850 INFO: Validation RAIN200H, # psnr: 22.2907
2025-04-04 02:49:44,206 INFO: [RAIN2..][epoch:656, iter: 4,900, lr:(5.159e-04,5.163e-05,)] [eta: 0:38:46, time (data): 0.281 (0.004)] l0: 4.2926e-02 l1: 4.6730e-02 l2: 5.1558e-02 l3: 4.1550e-02 l4: 4.3050e-02 l3_ssim: 3.1728e-01 l4_ssim: 3.4817e-01 
2025-04-04 02:49:51,493 INFO: Validation RAIN200H, # psnr: 21.6066
2025-04-04 02:50:29,133 INFO: [RAIN2..][epoch:661, iter: 5,000, lr:(5.002e-04,5.007e-05,)] [eta: 0:37:58, time (data): 0.283 (0.005)] l0: 3.2894e-02 l1: 3.7756e-02 l2: 4.2068e-02 l3: 3.6940e-02 l4: 3.7530e-02 l3_ssim: 2.8651e-01 l4_ssim: 3.0539e-01 
2025-04-04 02:50:29,133 INFO: Saving models and training states.
2025-04-04 02:50:35,638 INFO: Validation RAIN200H, # psnr: 22.4131
2025-04-04 02:51:15,237 INFO: [RAIN2..][epoch:667, iter: 5,100, lr:(4.845e-04,4.850e-05,)] [eta: 0:37:14, time (data): 0.282 (0.004)] l0: 3.6953e-02 l1: 4.0695e-02 l2: 4.5691e-02 l3: 3.9439e-02 l4: 4.0780e-02 l3_ssim: 2.8627e-01 l4_ssim: 3.0913e-01 
2025-04-04 02:51:22,233 INFO: Validation RAIN200H, # psnr: 22.1482
2025-04-04 02:51:59,914 INFO: [RAIN2..][epoch:672, iter: 5,200, lr:(4.688e-04,4.693e-05,)] [eta: 0:36:26, time (data): 0.280 (0.004)] l0: 3.8641e-02 l1: 4.1802e-02 l2: 4.6865e-02 l3: 4.0037e-02 l4: 4.1128e-02 l3_ssim: 2.9513e-01 l4_ssim: 3.1713e-01 
2025-04-04 02:52:07,171 INFO: Validation RAIN200H, # psnr: 22.4669
2025-04-04 02:52:44,656 INFO: [RAIN2..][epoch:677, iter: 5,300, lr:(4.532e-04,4.536e-05,)] [eta: 0:35:38, time (data): 0.280 (0.004)] l0: 3.8785e-02 l1: 4.2645e-02 l2: 4.6361e-02 l3: 3.8428e-02 l4: 4.0755e-02 l3_ssim: 2.9418e-01 l4_ssim: 3.1258e-01 
2025-04-04 02:52:51,808 INFO: Validation RAIN200H, # psnr: 21.5688
2025-04-04 02:53:29,632 INFO: [RAIN2..][epoch:682, iter: 5,400, lr:(4.375e-04,4.381e-05,)] [eta: 0:34:52, time (data): 0.283 (0.004)] l0: 3.4868e-02 l1: 3.9217e-02 l2: 4.3374e-02 l3: 3.5941e-02 l4: 3.7190e-02 l3_ssim: 2.6621e-01 l4_ssim: 2.9484e-01 
2025-04-04 02:53:37,030 INFO: Validation RAIN200H, # psnr: 22.1494
2025-04-04 02:54:16,636 INFO: [RAIN2..][epoch:688, iter: 5,500, lr:(4.220e-04,4.225e-05,)] [eta: 0:34:09, time (data): 0.281 (0.004)] l0: 3.3913e-02 l1: 3.9867e-02 l2: 4.5151e-02 l3: 3.8083e-02 l4: 4.0158e-02 l3_ssim: 2.7441e-01 l4_ssim: 2.8928e-01 
2025-04-04 02:54:16,636 INFO: Saving models and training states.
2025-04-04 02:54:24,185 INFO: Validation RAIN200H, # psnr: 22.6798
2025-04-04 02:55:01,996 INFO: [RAIN2..][epoch:693, iter: 5,600, lr:(4.065e-04,4.071e-05,)] [eta: 0:33:24, time (data): 0.281 (0.004)] l0: 3.8325e-02 l1: 4.3608e-02 l2: 4.7457e-02 l3: 3.7888e-02 l4: 3.7757e-02 l3_ssim: 2.9379e-01 l4_ssim: 3.1207e-01 
2025-04-04 02:55:09,589 INFO: Validation RAIN200H, # psnr: 22.6217
2025-04-04 02:55:47,312 INFO: [RAIN2..][epoch:698, iter: 5,700, lr:(3.911e-04,3.917e-05,)] [eta: 0:32:37, time (data): 0.280 (0.004)] l0: 3.9652e-02 l1: 4.3542e-02 l2: 4.7953e-02 l3: 3.9945e-02 l4: 4.1413e-02 l3_ssim: 2.9497e-01 l4_ssim: 3.2033e-01 
2025-04-04 02:55:56,018 INFO: Validation RAIN200H, # psnr: 22.6172
2025-04-04 02:56:35,965 INFO: [RAIN2..][epoch:704, iter: 5,800, lr:(3.759e-04,3.764e-05,)] [eta: 0:31:58, time (data): 2.178 (1.878)] l0: 3.4239e-02 l1: 4.0668e-02 l2: 4.4879e-02 l3: 3.6936e-02 l4: 3.8941e-02 l3_ssim: 2.8147e-01 l4_ssim: 3.0427e-01 
2025-04-04 02:56:43,919 INFO: Validation RAIN200H, # psnr: 22.3644
2025-04-04 02:57:21,732 INFO: [RAIN2..][epoch:709, iter: 5,900, lr:(3.607e-04,3.613e-05,)] [eta: 0:31:12, time (data): 0.282 (0.004)] l0: 3.6847e-02 l1: 4.1026e-02 l2: 4.4912e-02 l3: 3.6975e-02 l4: 3.7920e-02 l3_ssim: 2.7151e-01 l4_ssim: 2.8167e-01 
2025-04-04 02:57:29,187 INFO: Validation RAIN200H, # psnr: 22.9390
2025-04-04 02:58:06,863 INFO: [RAIN2..][epoch:714, iter: 6,000, lr:(3.457e-04,3.463e-05,)] [eta: 0:30:26, time (data): 0.283 (0.007)] l0: 3.4247e-02 l1: 3.8241e-02 l2: 4.2497e-02 l3: 3.5092e-02 l4: 3.6812e-02 l3_ssim: 2.6367e-01 l4_ssim: 2.6806e-01 
2025-04-04 02:58:06,864 INFO: Saving models and training states.
2025-04-04 02:58:14,963 INFO: Validation RAIN200H, # psnr: 21.7359
2025-04-04 02:58:52,738 INFO: [RAIN2..][epoch:719, iter: 6,100, lr:(3.308e-04,3.314e-05,)] [eta: 0:29:40, time (data): 0.282 (0.004)] l0: 3.9948e-02 l1: 4.5160e-02 l2: 4.8229e-02 l3: 3.8159e-02 l4: 3.8468e-02 l3_ssim: 2.7866e-01 l4_ssim: 2.8484e-01 
2025-04-04 02:58:59,363 INFO: Validation RAIN200H, # psnr: 22.6861
2025-04-04 02:59:38,880 INFO: [RAIN2..][epoch:725, iter: 6,200, lr:(3.162e-04,3.168e-05,)] [eta: 0:28:55, time (data): 0.318 (0.006)] l0: 3.6137e-02 l1: 4.2780e-02 l2: 4.6887e-02 l3: 3.8846e-02 l4: 3.9576e-02 l3_ssim: 2.9014e-01 l4_ssim: 3.0754e-01 
2025-04-04 02:59:46,397 INFO: Validation RAIN200H, # psnr: 22.4794
2025-04-04 03:00:24,532 INFO: [RAIN2..][epoch:730, iter: 6,300, lr:(3.016e-04,3.023e-05,)] [eta: 0:28:09, time (data): 0.280 (0.004)] l0: 3.2237e-02 l1: 3.8537e-02 l2: 4.3024e-02 l3: 3.6897e-02 l4: 3.8036e-02 l3_ssim: 2.7672e-01 l4_ssim: 2.8718e-01 
2025-04-04 03:00:32,152 INFO: Validation RAIN200H, # psnr: 22.6561
2025-04-04 03:01:09,673 INFO: [RAIN2..][epoch:735, iter: 6,400, lr:(2.873e-04,2.880e-05,)] [eta: 0:27:23, time (data): 0.285 (0.006)] l0: 3.9025e-02 l1: 4.2984e-02 l2: 4.7589e-02 l3: 3.8963e-02 l4: 3.7392e-02 l3_ssim: 2.9872e-01 l4_ssim: 3.1812e-01 
2025-04-04 03:01:17,779 INFO: Validation RAIN200H, # psnr: 22.5599
2025-04-04 03:01:55,359 INFO: [RAIN2..][epoch:740, iter: 6,500, lr:(2.732e-04,2.739e-05,)] [eta: 0:26:37, time (data): 0.281 (0.004)] l0: 3.3832e-02 l1: 3.8359e-02 l2: 4.2580e-02 l3: 3.5398e-02 l4: 3.7568e-02 l3_ssim: 2.7479e-01 l4_ssim: 3.0070e-01 
2025-04-04 03:01:55,359 INFO: Saving models and training states.
2025-04-04 03:02:02,573 INFO: Validation RAIN200H, # psnr: 22.7918
2025-04-04 03:02:42,481 INFO: [RAIN2..][epoch:746, iter: 6,600, lr:(2.593e-04,2.600e-05,)] [eta: 0:25:53, time (data): 0.312 (0.017)] l0: 3.5911e-02 l1: 3.9453e-02 l2: 4.4132e-02 l3: 3.5829e-02 l4: 3.6911e-02 l3_ssim: 2.6838e-01 l4_ssim: 2.8655e-01 
2025-04-04 03:02:50,380 INFO: Validation RAIN200H, # psnr: 22.5456
2025-04-04 03:03:27,821 INFO: [RAIN2..][epoch:751, iter: 6,700, lr:(2.457e-04,2.464e-05,)] [eta: 0:25:07, time (data): 0.282 (0.004)] l0: 3.9076e-02 l1: 4.2255e-02 l2: 4.6046e-02 l3: 3.5239e-02 l4: 3.5796e-02 l3_ssim: 2.6239e-01 l4_ssim: 2.7978e-01 
2025-04-04 03:03:34,279 INFO: Validation RAIN200H, # psnr: 21.6596
2025-04-04 03:04:12,536 INFO: [RAIN2..][epoch:756, iter: 6,800, lr:(2.323e-04,2.330e-05,)] [eta: 0:24:21, time (data): 0.283 (0.006)] l0: 4.2101e-02 l1: 4.6973e-02 l2: 5.0815e-02 l3: 4.3681e-02 l4: 4.3238e-02 l3_ssim: 2.8912e-01 l4_ssim: 3.0793e-01 
2025-04-04 03:04:20,465 INFO: Validation RAIN200H, # psnr: 22.4472
2025-04-04 03:04:57,959 INFO: [RAIN2..][epoch:761, iter: 6,900, lr:(2.192e-04,2.199e-05,)] [eta: 0:23:35, time (data): 0.283 (0.004)] l0: 3.8135e-02 l1: 4.3765e-02 l2: 4.6269e-02 l3: 3.4925e-02 l4: 3.5171e-02 l3_ssim: 2.6754e-01 l4_ssim: 2.9516e-01 
2025-04-04 03:05:06,155 INFO: Validation RAIN200H, # psnr: 21.9490
2025-04-04 03:05:45,547 INFO: [RAIN2..][epoch:767, iter: 7,000, lr:(2.063e-04,2.070e-05,)] [eta: 0:22:51, time (data): 0.284 (0.005)] l0: 3.6337e-02 l1: 4.1134e-02 l2: 4.5057e-02 l3: 3.7848e-02 l4: 3.9656e-02 l3_ssim: 2.8578e-01 l4_ssim: 3.0993e-01 
2025-04-04 03:05:45,548 INFO: Saving models and training states.
2025-04-04 03:05:53,464 INFO: Validation RAIN200H, # psnr: 23.0043
2025-04-04 03:06:31,225 INFO: [RAIN2..][epoch:772, iter: 7,100, lr:(1.938e-04,1.945e-05,)] [eta: 0:22:05, time (data): 0.280 (0.004)] l0: 3.9968e-02 l1: 4.6291e-02 l2: 4.9330e-02 l3: 3.9414e-02 l4: 3.8384e-02 l3_ssim: 2.7963e-01 l4_ssim: 2.9201e-01 
2025-04-04 03:06:38,370 INFO: Validation RAIN200H, # psnr: 22.7199
2025-04-04 03:07:16,195 INFO: [RAIN2..][epoch:777, iter: 7,200, lr:(1.815e-04,1.822e-05,)] [eta: 0:21:19, time (data): 0.283 (0.004)] l0: 3.6720e-02 l1: 4.1801e-02 l2: 4.4944e-02 l3: 3.7220e-02 l4: 3.8113e-02 l3_ssim: 2.6303e-01 l4_ssim: 2.7462e-01 
2025-04-04 03:07:23,503 INFO: Validation RAIN200H, # psnr: 22.1630
2025-04-04 03:08:01,376 INFO: [RAIN2..][epoch:782, iter: 7,300, lr:(1.695e-04,1.703e-05,)] [eta: 0:20:33, time (data): 0.281 (0.004)] l0: 4.1115e-02 l1: 4.4670e-02 l2: 4.8223e-02 l3: 3.9002e-02 l4: 3.9283e-02 l3_ssim: 2.8701e-01 l4_ssim: 3.0129e-01 
2025-04-04 03:08:08,121 INFO: Validation RAIN200H, # psnr: 22.5763
2025-04-04 03:08:47,558 INFO: [RAIN2..][epoch:788, iter: 7,400, lr:(1.579e-04,1.587e-05,)] [eta: 0:19:47, time (data): 0.281 (0.004)] l0: 3.3611e-02 l1: 3.9348e-02 l2: 4.2981e-02 l3: 3.5614e-02 l4: 3.6606e-02 l3_ssim: 2.7366e-01 l4_ssim: 2.9186e-01 
2025-04-04 03:08:54,756 INFO: Validation RAIN200H, # psnr: 22.3237
2025-04-04 03:09:32,651 INFO: [RAIN2..][epoch:793, iter: 7,500, lr:(1.466e-04,1.474e-05,)] [eta: 0:19:01, time (data): 0.282 (0.005)] l0: 3.7149e-02 l1: 4.0684e-02 l2: 4.3927e-02 l3: 3.5114e-02 l4: 3.5294e-02 l3_ssim: 2.8482e-01 l4_ssim: 3.0109e-01 
2025-04-04 03:09:32,651 INFO: Saving models and training states.
2025-04-04 03:09:40,412 INFO: Validation RAIN200H, # psnr: 23.0373
2025-04-04 03:10:17,755 INFO: [RAIN2..][epoch:798, iter: 7,600, lr:(1.357e-04,1.365e-05,)] [eta: 0:18:15, time (data): 0.280 (0.005)] l0: 3.7612e-02 l1: 4.3019e-02 l2: 4.6382e-02 l3: 3.8572e-02 l4: 3.8574e-02 l3_ssim: 2.8070e-01 l4_ssim: 2.9438e-01 
2025-04-04 03:10:24,980 INFO: Validation RAIN200H, # psnr: 22.8069
2025-04-04 03:11:04,975 INFO: [RAIN2..][epoch:804, iter: 7,700, lr:(1.251e-04,1.259e-05,)] [eta: 0:17:30, time (data): 2.221 (1.938)] l0: 3.7920e-02 l1: 4.2876e-02 l2: 4.6092e-02 l3: 3.7934e-02 l4: 3.7719e-02 l3_ssim: 2.7454e-01 l4_ssim: 2.9485e-01 
2025-04-04 03:11:12,753 INFO: Validation RAIN200H, # psnr: 22.6824
2025-04-04 03:11:50,518 INFO: [RAIN2..][epoch:809, iter: 7,800, lr:(1.149e-04,1.157e-05,)] [eta: 0:16:44, time (data): 0.288 (0.004)] l0: 3.6326e-02 l1: 4.0224e-02 l2: 4.3375e-02 l3: 3.4221e-02 l4: 3.5456e-02 l3_ssim: 2.7686e-01 l4_ssim: 2.9332e-01 
2025-04-04 03:11:59,048 INFO: Validation RAIN200H, # psnr: 23.0121
2025-04-04 03:12:37,025 INFO: [RAIN2..][epoch:814, iter: 7,900, lr:(1.051e-04,1.059e-05,)] [eta: 0:15:59, time (data): 0.285 (0.009)] l0: 3.8454e-02 l1: 3.9440e-02 l2: 4.4313e-02 l3: 3.7731e-02 l4: 3.8655e-02 l3_ssim: 2.7571e-01 l4_ssim: 3.0326e-01 
2025-04-04 03:12:44,575 INFO: Validation RAIN200H, # psnr: 23.0111
2025-04-04 03:13:22,217 INFO: [RAIN2..][epoch:819, iter: 8,000, lr:(9.567e-05,9.649e-06,)] [eta: 0:15:13, time (data): 0.280 (0.004)] l0: 3.5176e-02 l1: 4.0469e-02 l2: 4.4563e-02 l3: 3.6326e-02 l4: 3.6370e-02 l3_ssim: 2.8747e-01 l4_ssim: 3.1144e-01 
2025-04-04 03:13:22,217 INFO: Saving models and training states.
2025-04-04 03:13:30,274 INFO: Validation RAIN200H, # psnr: 22.5529
2025-04-04 03:14:09,407 INFO: [RAIN2..][epoch:825, iter: 8,100, lr:(8.664e-05,8.746e-06,)] [eta: 0:14:28, time (data): 0.304 (0.022)] l0: 3.4884e-02 l1: 3.9590e-02 l2: 4.2623e-02 l3: 3.6860e-02 l4: 3.7527e-02 l3_ssim: 2.7068e-01 l4_ssim: 2.8795e-01 
2025-04-04 03:14:18,077 INFO: Validation RAIN200H, # psnr: 22.8198
2025-04-04 03:14:55,588 INFO: [RAIN2..][epoch:830, iter: 8,200, lr:(7.801e-05,7.884e-06,)] [eta: 0:13:43, time (data): 0.280 (0.004)] l0: 3.6995e-02 l1: 4.1691e-02 l2: 4.4966e-02 l3: 3.6289e-02 l4: 3.7577e-02 l3_ssim: 2.6422e-01 l4_ssim: 2.7862e-01 
2025-04-04 03:15:03,211 INFO: Validation RAIN200H, # psnr: 22.8137
2025-04-04 03:15:40,760 INFO: [RAIN2..][epoch:835, iter: 8,300, lr:(6.980e-05,7.064e-06,)] [eta: 0:12:57, time (data): 0.283 (0.006)] l0: 3.5393e-02 l1: 4.1646e-02 l2: 4.4255e-02 l3: 3.6853e-02 l4: 3.8659e-02 l3_ssim: 2.7560e-01 l4_ssim: 2.9549e-01 
2025-04-04 03:15:48,076 INFO: Validation RAIN200H, # psnr: 22.4242
2025-04-04 03:16:25,489 INFO: [RAIN2..][epoch:840, iter: 8,400, lr:(6.202e-05,6.286e-06,)] [eta: 0:12:11, time (data): 0.282 (0.004)] l0: 4.1265e-02 l1: 4.6503e-02 l2: 4.8792e-02 l3: 3.8914e-02 l4: 3.8328e-02 l3_ssim: 2.8429e-01 l4_ssim: 2.9690e-01 
2025-04-04 03:16:33,005 INFO: Validation RAIN200H, # psnr: 22.8378
2025-04-04 03:17:12,732 INFO: [RAIN2..][epoch:846, iter: 8,500, lr:(5.466e-05,5.551e-06,)] [eta: 0:11:25, time (data): 0.287 (0.004)] l0: 3.5178e-02 l1: 3.8214e-02 l2: 4.2095e-02 l3: 3.4920e-02 l4: 3.7284e-02 l3_ssim: 2.6118e-01 l4_ssim: 2.8588e-01 
2025-04-04 03:17:12,732 INFO: Saving models and training states.
2025-04-04 03:17:20,505 INFO: Validation RAIN200H, # psnr: 22.2490
2025-04-04 03:17:57,865 INFO: [RAIN2..][epoch:851, iter: 8,600, lr:(4.775e-05,4.861e-06,)] [eta: 0:10:39, time (data): 0.285 (0.004)] l0: 3.3897e-02 l1: 3.9657e-02 l2: 4.3140e-02 l3: 3.4760e-02 l4: 3.4626e-02 l3_ssim: 2.5723e-01 l4_ssim: 2.7229e-01 
2025-04-04 03:18:05,160 INFO: Validation RAIN200H, # psnr: 22.7733
2025-04-04 03:18:42,803 INFO: [RAIN2..][epoch:856, iter: 8,700, lr:(4.128e-05,4.214e-06,)] [eta: 0:09:53, time (data): 0.284 (0.006)] l0: 3.7111e-02 l1: 4.1825e-02 l2: 4.4877e-02 l3: 3.4411e-02 l4: 3.4863e-02 l3_ssim: 2.6284e-01 l4_ssim: 2.8103e-01 
2025-04-04 03:18:50,012 INFO: Validation RAIN200H, # psnr: 22.7820
2025-04-04 03:19:27,436 INFO: [RAIN2..][epoch:861, iter: 8,800, lr:(3.527e-05,3.613e-06,)] [eta: 0:09:07, time (data): 0.281 (0.004)] l0: 3.4741e-02 l1: 4.0812e-02 l2: 4.4131e-02 l3: 3.6059e-02 l4: 3.6106e-02 l3_ssim: 2.6617e-01 l4_ssim: 2.7913e-01 
2025-04-04 03:19:34,272 INFO: Validation RAIN200H, # psnr: 22.9056
2025-04-04 03:20:13,832 INFO: [RAIN2..][epoch:867, iter: 8,900, lr:(2.971e-05,3.058e-06,)] [eta: 0:08:22, time (data): 0.283 (0.004)] l0: 3.4781e-02 l1: 4.0577e-02 l2: 4.3120e-02 l3: 3.5010e-02 l4: 3.6047e-02 l3_ssim: 2.4724e-01 l4_ssim: 2.6443e-01 
2025-04-04 03:20:21,158 INFO: Validation RAIN200H, # psnr: 22.7033
2025-04-04 03:20:58,540 INFO: [RAIN2..][epoch:872, iter: 9,000, lr:(2.462e-05,2.550e-06,)] [eta: 0:07:36, time (data): 0.282 (0.004)] l0: 3.7974e-02 l1: 4.2955e-02 l2: 4.6258e-02 l3: 3.7741e-02 l4: 3.7718e-02 l3_ssim: 2.8091e-01 l4_ssim: 3.0079e-01 
2025-04-04 03:20:58,540 INFO: Saving models and training states.
2025-04-04 03:21:06,253 INFO: Validation RAIN200H, # psnr: 23.1217
2025-04-04 03:21:43,810 INFO: [RAIN2..][epoch:877, iter: 9,100, lr:(2.000e-05,2.088e-06,)] [eta: 0:06:50, time (data): 0.282 (0.004)] l0: 3.8291e-02 l1: 4.0710e-02 l2: 4.3930e-02 l3: 3.5871e-02 l4: 3.5815e-02 l3_ssim: 2.8539e-01 l4_ssim: 3.0222e-01 
2025-04-04 03:21:51,437 INFO: Validation RAIN200H, # psnr: 22.9357
2025-04-04 03:22:29,364 INFO: [RAIN2..][epoch:882, iter: 9,200, lr:(1.585e-05,1.673e-06,)] [eta: 0:06:05, time (data): 0.284 (0.004)] l0: 3.6969e-02 l1: 4.2637e-02 l2: 4.5245e-02 l3: 3.5989e-02 l4: 3.5988e-02 l3_ssim: 2.5663e-01 l4_ssim: 2.6574e-01 
2025-04-04 03:22:37,540 INFO: Validation RAIN200H, # psnr: 22.8591
2025-04-04 03:23:17,507 INFO: [RAIN2..][epoch:888, iter: 9,300, lr:(1.217e-05,1.306e-06,)] [eta: 0:05:19, time (data): 0.282 (0.004)] l0: 3.8681e-02 l1: 4.2439e-02 l2: 4.5245e-02 l3: 3.6445e-02 l4: 3.6580e-02 l3_ssim: 2.8303e-01 l4_ssim: 2.9194e-01 
2025-04-04 03:23:25,091 INFO: Validation RAIN200H, # psnr: 22.7838
2025-04-04 03:24:02,910 INFO: [RAIN2..][epoch:893, iter: 9,400, lr:(8.985e-06,9.877e-07,)] [eta: 0:04:33, time (data): 0.282 (0.004)] l0: 4.2566e-02 l1: 4.5254e-02 l2: 4.7787e-02 l3: 3.8217e-02 l4: 3.7749e-02 l3_ssim: 2.7307e-01 l4_ssim: 2.8388e-01 
2025-04-04 03:24:11,263 INFO: Validation RAIN200H, # psnr: 22.8460
2025-04-04 03:24:49,352 INFO: [RAIN2..][epoch:898, iter: 9,500, lr:(6.280e-06,7.174e-07,)] [eta: 0:03:48, time (data): 0.280 (0.004)] l0: 3.7417e-02 l1: 4.2936e-02 l2: 4.5575e-02 l3: 3.5494e-02 l4: 3.6495e-02 l3_ssim: 2.5495e-01 l4_ssim: 2.6944e-01 
2025-04-04 03:24:49,352 INFO: Saving models and training states.
2025-04-04 03:24:56,979 INFO: Validation RAIN200H, # psnr: 22.8534
2025-04-04 03:25:36,297 INFO: [RAIN2..][epoch:904, iter: 9,600, lr:(4.062e-06,4.958e-07,)] [eta: 0:03:02, time (data): 2.048 (1.756)] l0: 3.5778e-02 l1: 4.0347e-02 l2: 4.1978e-02 l3: 3.4972e-02 l4: 3.6606e-02 l3_ssim: 2.5815e-01 l4_ssim: 2.7717e-01 
2025-04-04 03:25:44,025 INFO: Validation RAIN200H, # psnr: 22.9246
2025-04-04 03:26:21,588 INFO: [RAIN2..][epoch:909, iter: 9,700, lr:(2.334e-06,3.232e-07,)] [eta: 0:02:16, time (data): 0.280 (0.004)] l0: 3.7615e-02 l1: 4.1007e-02 l2: 4.4535e-02 l3: 3.6119e-02 l4: 3.6248e-02 l3_ssim: 2.6607e-01 l4_ssim: 2.7946e-01 
2025-04-04 03:26:30,008 INFO: Validation RAIN200H, # psnr: 22.8988
2025-04-04 03:27:08,011 INFO: [RAIN2..][epoch:914, iter: 9,800, lr:(1.096e-06,1.996e-07,)] [eta: 0:01:31, time (data): 0.282 (0.007)] l0: 3.7960e-02 l1: 3.8799e-02 l2: 4.2641e-02 l3: 3.4802e-02 l4: 3.5777e-02 l3_ssim: 2.6303e-01 l4_ssim: 2.8297e-01 
2025-04-04 03:27:14,935 INFO: Validation RAIN200H, # psnr: 22.8810
2025-04-04 03:27:52,750 INFO: [RAIN2..][epoch:919, iter: 9,900, lr:(3.517e-07,1.251e-07,)] [eta: 0:00:45, time (data): 0.280 (0.004)] l0: 3.7331e-02 l1: 4.2130e-02 l2: 4.5960e-02 l3: 3.7373e-02 l4: 3.6831e-02 l3_ssim: 2.5815e-01 l4_ssim: 2.7046e-01 
2025-04-04 03:28:00,773 INFO: Validation RAIN200H, # psnr: 22.8511
2025-04-04 03:28:40,811 INFO: [RAIN2..][epoch:925, iter: 10,000, lr:(1.000e-07,1.000e-07,)] [eta: 0:00:00, time (data): 0.303 (0.004)] l0: 3.6709e-02 l1: 4.1247e-02 l2: 4.4312e-02 l3: 3.4887e-02 l4: 3.5704e-02 l3_ssim: 2.7389e-01 l4_ssim: 2.8811e-01 
2025-04-04 03:28:40,811 INFO: Saving models and training states.
2025-04-04 03:28:48,597 INFO: Validation RAIN200H, # psnr: 22.8597
2025-04-04 03:28:48,602 INFO: End of training. Time consumed: 0:49:43
2025-04-04 03:28:48,602 INFO: Save the latest model.
2025-04-04 03:28:57,197 INFO: Validation RAIN200H, # psnr: 22.8597

