2025-04-04 19:25:07,683 INFO: 
                ____                _       _____  ____
               / __ ) ____ _ _____ (_)_____/ ___/ / __ \
              / __  |/ __ `// ___// // ___/\__ \ / /_/ /
             / /_/ // /_/ /(__  )/ // /__ ___/ // _, _/
            /_____/ \__,_//____//_/ \___//____//_/ |_|
     ______                   __   __                 __      __
    / ____/____   ____   ____/ /  / /   __  __ _____ / /__   / /
   / / __ / __ \ / __ \ / __  /  / /   / / / // ___// //_/  / /
  / /_/ // /_/ // /_/ // /_/ /  / /___/ /_/ // /__ / /<    /_/
  \____/ \____/ \____/ \____/  /_____/\____/ \___//_/|_|  (_)
    
Version Information: 
	PyTorch: 2.0.1+cu117
	TorchVision: 0.15.2+cu117
2025-04-04 19:25:07,683 INFO: 
  name: RAIN200H-LPNet_combined_area_pad
  model_type: LPNetModel
  scale: 1
  num_gpu: 1
  manual_seed: 10
  datasets:[
    train:[
      name: RAIN200H
      type: PairedImageDataset
      dataroot_gt: /home/haojd/Fourier/deraining/lpnet/datasets/RainTrainH/norain
      dataroot_lq: /home/haojd/Fourier/deraining/lpnet/datasets/RainTrainH/rain
      filename_tmpl: {}
      io_backend:[
        type: disk
      ]
      gt_size: 128
      use_flip: True
      use_rot: True
      use_shuffle: True
      num_worker_per_gpu: 10
      batch_size_per_gpu: 192
      dataset_enlarge_ratio: 1
      prefetch_mode: None
      phase: train
      scale: 1
    ]
    val:[
      name: RAIN200H
      type: PairedImageDataset
      dataroot_gt: /home/haojd/Fourier/deraining/lpnet/datasets/Rain100H
      dataroot_lq: /home/haojd/Fourier/deraining/lpnet/datasets/Rain100H/rainy
      io_backend:[
        type: disk
      ]
      phase: val
      scale: 1
    ]
  ]
  network_g:[
    type: LPNet_combined_area_pad
  ]
  path:[
    pretrain_network_g: None
    strict_load_g: True
    resume_state: None
    root: /home/haojd/Fourier/deraining/lpnet
    experiments_root: /home/haojd/Fourier/deraining/lpnet/experiments/RAIN200H-LPNet_combined_area_pad
    models: /home/haojd/Fourier/deraining/lpnet/experiments/RAIN200H-LPNet_combined_area_pad/models
    training_states: /home/haojd/Fourier/deraining/lpnet/experiments/RAIN200H-LPNet_combined_area_pad/training_states
    log: /home/haojd/Fourier/deraining/lpnet/experiments/RAIN200H-LPNet_combined_area_pad
    visualization: /home/haojd/Fourier/deraining/lpnet/experiments/RAIN200H-LPNet_combined_area_pad/visualization
  ]
  train:[
    optim_g:[
      type: Adam
      lr: 0.001
      weight_decay: 0
      betas: [0.9, 0.99]
    ]
    scheduler:[
      type: TrueCosineAnnealingLR
      T_max: 10000
      eta_min: 1e-07
    ]
    total_iter: 10000
    warmup_iter: 0
    pixel_opt:[
      type: L1Loss
      loss_weight: 0.5
      reduction: mean
    ]
  ]
  val:[
    val_freq: 100.0
    save_img: False
    grids: False
    crop_size: 256
    max_minibatch: 8
    metrics:[
      psnr:[
        type: calculate_psnr
        crop_border: 0
        test_y_channel: True
      ]
    ]
  ]
  logger:[
    print_freq: 50
    save_checkpoint_freq: 500.0
    use_tb_logger: True
    wandb:[
      project: None
      resume_id: None
    ]
  ]
  dist_params:[
    backend: nccl
    port: 29500
  ]
  is_train: True
  dist: False
  rank: 0
  world_size: 1

2025-04-04 19:25:08,214 INFO: Dataset PairedImageDataset - RAIN200H is created.
2025-04-04 19:25:08,215 INFO: Training statistics:
	Number of train images: 1254
	Dataset enlarge ratio: 1
	Batch size per gpu: 192
	World size (gpu number): 1
	Require iter number per epoch: 7
	Total epochs: 1429; iters: 10000.
2025-04-04 19:25:08,219 INFO: Dataset PairedImageDataset - RAIN200H is created.
2025-04-04 19:25:08,219 INFO: Number of val images/folders in RAIN200H: 100
2025-04-04 19:25:09,113 INFO: Model [LPNetModel] is created.
2025-04-04 19:25:09,540 INFO: Start training from epoch: 0, iter: 0
2025-04-04 19:26:22,484 INFO: [RAIN2..][epoch:  8, iter:      50, lr:(9.999e-04,9.999e-05,)] [eta: 3:58:33, time (data): 0.867 (0.011)] l0: 1.7706e-01 l1: 7.1553e-02 l2: 8.8474e-02 l3: 8.9300e-02 l4: 9.7619e-02 l3_ssim: 5.5502e-01 l4_ssim: 6.1324e-01 
2025-04-04 19:27:27,730 INFO: [RAIN2..][epoch: 16, iter:     100, lr:(9.998e-04,9.998e-05,)] [eta: 3:46:25, time (data): 0.873 (0.012)] l0: 1.0797e-01 l1: 6.2844e-02 l2: 7.5740e-02 l3: 8.4491e-02 l4: 9.6842e-02 l3_ssim: 5.3849e-01 l4_ssim: 6.1002e-01 
2025-04-04 19:27:39,138 INFO: Validation RAIN200H,		 # psnr: 14.7303
2025-04-04 19:28:45,012 INFO: [RAIN2..][epoch: 24, iter:     150, lr:(9.995e-04,9.995e-05,)] [eta: 3:54:42, time (data): 0.869 (0.011)] l0: 8.5324e-02 l1: 5.5707e-02 l2: 6.2268e-02 l3: 7.5818e-02 l4: 9.0527e-02 l3_ssim: 5.2822e-01 l4_ssim: 6.0621e-01 
2025-04-04 19:29:53,722 INFO: [RAIN2..][epoch: 33, iter:     200, lr:(9.990e-04,9.990e-05,)] [eta: 3:51:15, time (data): 0.871 (0.011)] l0: 6.1661e-02 l1: 5.2177e-02 l2: 5.5823e-02 l3: 6.7693e-02 l4: 8.2489e-02 l3_ssim: 5.0224e-01 l4_ssim: 5.8663e-01 
2025-04-04 19:30:02,506 INFO: Validation RAIN200H,		 # psnr: 15.1559
2025-04-04 19:31:08,736 INFO: [RAIN2..][epoch: 41, iter:     250, lr:(9.985e-04,9.985e-05,)] [eta: 3:52:47, time (data): 0.871 (0.011)] l0: 4.0948e-02 l1: 5.2988e-02 l2: 5.6415e-02 l3: 6.7691e-02 l4: 8.1928e-02 l3_ssim: 5.0016e-01 l4_ssim: 5.8719e-01 
2025-04-04 19:32:14,848 INFO: [RAIN2..][epoch: 49, iter:     300, lr:(9.978e-04,9.978e-05,)] [eta: 3:48:38, time (data): 0.871 (0.011)] l0: 3.8900e-02 l1: 5.2423e-02 l2: 5.7465e-02 l3: 6.5593e-02 l4: 7.8145e-02 l3_ssim: 4.9359e-01 l4_ssim: 5.7398e-01 
2025-04-04 19:32:35,008 INFO: Validation RAIN200H,		 # psnr: 16.7004
2025-04-04 19:33:43,742 INFO: [RAIN2..][epoch: 58, iter:     350, lr:(9.970e-04,9.970e-05,)] [eta: 3:55:47, time (data): 0.876 (0.013)] l0: 3.9071e-02 l1: 5.0542e-02 l2: 5.7814e-02 l3: 6.5900e-02 l4: 7.2950e-02 l3_ssim: 5.1128e-01 l4_ssim: 5.9042e-01 
2025-04-04 19:34:49,786 INFO: [RAIN2..][epoch: 66, iter:     400, lr:(9.961e-04,9.961e-05,)] [eta: 3:51:39, time (data): 0.875 (0.013)] l0: 3.8387e-02 l1: 4.9221e-02 l2: 5.6737e-02 l3: 6.4330e-02 l4: 7.0119e-02 l3_ssim: 5.0315e-01 l4_ssim: 5.8486e-01 
2025-04-04 19:35:02,181 INFO: Validation RAIN200H,		 # psnr: 17.9773
2025-04-04 19:36:08,476 INFO: [RAIN2..][epoch: 74, iter:     450, lr:(9.950e-04,9.950e-05,)] [eta: 3:52:40, time (data): 0.872 (0.012)] l0: 3.7842e-02 l1: 4.6923e-02 l2: 5.5474e-02 l3: 6.5515e-02 l4: 6.9516e-02 l3_ssim: 5.0398e-01 l4_ssim: 5.9122e-01 
2025-04-04 19:37:17,530 INFO: [RAIN2..][epoch: 83, iter:     500, lr:(9.939e-04,9.939e-05,)] [eta: 3:50:10, time (data): 0.874 (0.013)] l0: 3.5118e-02 l1: 4.4323e-02 l2: 5.3797e-02 l3: 6.1704e-02 l4: 6.7036e-02 l3_ssim: 5.0368e-01 l4_ssim: 5.8399e-01 
2025-04-04 19:37:17,530 INFO: Saving models and training states.
2025-04-04 19:37:27,409 INFO: Validation RAIN200H,		 # psnr: 18.2218
2025-04-04 19:38:33,278 INFO: [RAIN2..][epoch: 91, iter:     550, lr:(9.926e-04,9.926e-05,)] [eta: 3:49:50, time (data): 0.872 (0.011)] l0: 3.9283e-02 l1: 4.8579e-02 l2: 5.6720e-02 l3: 6.4402e-02 l4: 7.0369e-02 l3_ssim: 4.9098e-01 l4_ssim: 5.7119e-01 
2025-04-04 19:39:39,033 INFO: [RAIN2..][epoch: 99, iter:     600, lr:(9.912e-04,9.912e-05,)] [eta: 3:46:44, time (data): 0.872 (0.012)] l0: 3.8474e-02 l1: 4.7579e-02 l2: 5.6904e-02 l3: 6.6804e-02 l4: 6.9926e-02 l3_ssim: 5.0913e-01 l4_ssim: 5.7559e-01 
2025-04-04 19:39:52,552 INFO: Validation RAIN200H,		 # psnr: 18.7430
2025-04-04 19:41:00,765 INFO: [RAIN2..][epoch:108, iter:     650, lr:(9.896e-04,9.897e-05,)] [eta: 3:47:46, time (data): 0.874 (0.015)] l0: 3.8730e-02 l1: 4.5788e-02 l2: 5.5929e-02 l3: 5.8561e-02 l4: 6.0986e-02 l3_ssim: 4.8864e-01 l4_ssim: 5.1867e-01 
2025-04-04 19:42:06,013 INFO: [RAIN2..][epoch:116, iter:     700, lr:(9.880e-04,9.880e-05,)] [eta: 3:44:49, time (data): 0.873 (0.011)] l0: 3.8349e-02 l1: 4.6819e-02 l2: 5.6713e-02 l3: 5.8449e-02 l4: 6.2821e-02 l3_ssim: 4.8434e-01 l4_ssim: 4.9390e-01 
2025-04-04 19:42:26,372 INFO: Validation RAIN200H,		 # psnr: 19.2541
2025-04-04 19:43:32,317 INFO: [RAIN2..][epoch:124, iter:     750, lr:(9.862e-04,9.862e-05,)] [eta: 3:46:26, time (data): 0.874 (0.013)] l0: 3.8471e-02 l1: 4.6535e-02 l2: 5.6978e-02 l3: 5.7821e-02 l4: 5.8537e-02 l3_ssim: 5.1731e-01 l4_ssim: 4.9440e-01 
2025-04-04 19:44:40,553 INFO: [RAIN2..][epoch:133, iter:     800, lr:(9.843e-04,9.843e-05,)] [eta: 3:44:13, time (data): 0.870 (0.012)] l0: 3.6193e-02 l1: 4.4533e-02 l2: 5.4037e-02 l3: 5.4636e-02 l4: 5.4602e-02 l3_ssim: 4.8242e-01 l4_ssim: 4.4762e-01 
2025-04-04 19:44:57,447 INFO: Validation RAIN200H,		 # psnr: 20.0326
2025-04-04 19:46:02,925 INFO: [RAIN2..][epoch:141, iter:     850, lr:(9.823e-04,9.823e-05,)] [eta: 3:44:39, time (data): 0.870 (0.011)] l0: 3.8106e-02 l1: 4.6031e-02 l2: 5.5183e-02 l3: 5.6676e-02 l4: 5.8421e-02 l3_ssim: 4.7458e-01 l4_ssim: 4.6126e-01 
2025-04-04 19:47:08,516 INFO: [RAIN2..][epoch:149, iter:     900, lr:(9.802e-04,9.802e-05,)] [eta: 3:42:04, time (data): 0.871 (0.011)] l0: 3.9505e-02 l1: 4.7056e-02 l2: 5.6587e-02 l3: 5.6832e-02 l4: 5.9044e-02 l3_ssim: 4.8659e-01 l4_ssim: 4.5127e-01 
2025-04-04 19:47:24,279 INFO: Validation RAIN200H,		 # psnr: 20.0400
2025-04-04 19:48:32,644 INFO: [RAIN2..][epoch:158, iter:     950, lr:(9.779e-04,9.780e-05,)] [eta: 3:42:34, time (data): 0.876 (0.013)] l0: 3.7001e-02 l1: 4.3634e-02 l2: 5.4650e-02 l3: 5.4397e-02 l4: 5.6865e-02 l3_ssim: 4.6706e-01 l4_ssim: 4.2664e-01 
2025-04-04 19:49:38,473 INFO: [RAIN2..][epoch:166, iter:   1,000, lr:(9.756e-04,9.756e-05,)] [eta: 3:40:09, time (data): 0.871 (0.011)] l0: 3.9089e-02 l1: 4.6718e-02 l2: 5.6661e-02 l3: 5.6474e-02 l4: 5.3246e-02 l3_ssim: 4.9340e-01 l4_ssim: 4.2425e-01 
2025-04-04 19:49:38,473 INFO: Saving models and training states.
2025-04-04 19:49:49,799 INFO: Validation RAIN200H,		 # psnr: 18.9644
2025-04-04 19:50:55,573 INFO: [RAIN2..][epoch:174, iter:   1,050, lr:(9.731e-04,9.731e-05,)] [eta: 3:39:27, time (data): 0.871 (0.011)] l0: 3.6726e-02 l1: 4.4839e-02 l2: 5.5007e-02 l3: 5.4825e-02 l4: 5.5948e-02 l3_ssim: 4.9990e-01 l4_ssim: 4.0684e-01 
2025-04-04 19:52:03,794 INFO: [RAIN2..][epoch:183, iter:   1,100, lr:(9.705e-04,9.705e-05,)] [eta: 3:37:30, time (data): 0.877 (0.013)] l0: 3.6452e-02 l1: 4.4107e-02 l2: 5.3186e-02 l3: 5.3350e-02 l4: 5.2897e-02 l3_ssim: 4.6502e-01 l4_ssim: 3.8344e-01 
2025-04-04 19:52:23,912 INFO: Validation RAIN200H,		 # psnr: 19.9712
2025-04-04 19:53:29,757 INFO: [RAIN2..][epoch:191, iter:   1,150, lr:(9.678e-04,9.678e-05,)] [eta: 3:37:54, time (data): 0.872 (0.012)] l0: 3.6805e-02 l1: 4.4996e-02 l2: 5.3760e-02 l3: 5.4094e-02 l4: 5.3711e-02 l3_ssim: 4.8973e-01 l4_ssim: 4.0439e-01 
2025-04-04 19:54:35,160 INFO: [RAIN2..][epoch:199, iter:   1,200, lr:(9.649e-04,9.650e-05,)] [eta: 3:35:38, time (data): 0.871 (0.011)] l0: 4.2194e-02 l1: 4.9090e-02 l2: 5.8266e-02 l3: 5.6606e-02 l4: 5.3739e-02 l3_ssim: 5.0068e-01 l4_ssim: 4.2233e-01 
2025-04-04 19:54:43,439 INFO: Validation RAIN200H,		 # psnr: 20.9832
2025-04-04 19:55:51,483 INFO: [RAIN2..][epoch:208, iter:   1,250, lr:(9.620e-04,9.620e-05,)] [eta: 3:34:44, time (data): 0.871 (0.012)] l0: 3.5965e-02 l1: 4.3541e-02 l2: 5.2982e-02 l3: 5.2150e-02 l4: 4.9665e-02 l3_ssim: 4.6770e-01 l4_ssim: 3.7866e-01 
2025-04-04 19:56:56,913 INFO: [RAIN2..][epoch:216, iter:   1,300, lr:(9.589e-04,9.590e-05,)] [eta: 3:32:36, time (data): 0.870 (0.011)] l0: 3.4601e-02 l1: 4.2996e-02 l2: 5.1226e-02 l3: 5.2008e-02 l4: 5.1139e-02 l3_ssim: 4.7368e-01 l4_ssim: 3.7492e-01 
2025-04-04 19:57:04,940 INFO: Validation RAIN200H,		 # psnr: 19.8196
2025-04-04 19:58:10,690 INFO: [RAIN2..][epoch:224, iter:   1,350, lr:(9.558e-04,9.558e-05,)] [eta: 3:31:25, time (data): 0.872 (0.012)] l0: 3.9658e-02 l1: 4.6721e-02 l2: 5.5559e-02 l3: 5.3159e-02 l4: 5.3218e-02 l3_ssim: 4.8677e-01 l4_ssim: 3.8783e-01 
2025-04-04 19:59:19,125 INFO: [RAIN2..][epoch:233, iter:   1,400, lr:(9.525e-04,9.525e-05,)] [eta: 3:29:42, time (data): 0.871 (0.013)] l0: 3.6685e-02 l1: 4.3477e-02 l2: 5.2588e-02 l3: 5.3160e-02 l4: 4.8009e-02 l3_ssim: 4.9130e-01 l4_ssim: 3.7139e-01 
2025-04-04 19:59:26,234 INFO: Validation RAIN200H,		 # psnr: 19.8246
2025-04-04 20:00:31,701 INFO: [RAIN2..][epoch:241, iter:   1,450, lr:(9.491e-04,9.491e-05,)] [eta: 3:28:25, time (data): 0.870 (0.011)] l0: 3.8224e-02 l1: 4.4878e-02 l2: 5.4572e-02 l3: 5.3565e-02 l4: 4.8846e-02 l3_ssim: 4.8371e-01 l4_ssim: 3.7298e-01 
2025-04-04 20:01:37,369 INFO: [RAIN2..][epoch:249, iter:   1,500, lr:(9.456e-04,9.456e-05,)] [eta: 3:26:30, time (data): 0.873 (0.013)] l0: 3.9165e-02 l1: 4.5777e-02 l2: 5.5038e-02 l3: 5.2719e-02 l4: 4.7361e-02 l3_ssim: 4.9029e-01 l4_ssim: 3.8112e-01 
2025-04-04 20:01:37,369 INFO: Saving models and training states.
2025-04-04 20:01:56,209 INFO: Validation RAIN200H,		 # psnr: 19.9520
2025-04-04 20:03:04,704 INFO: [RAIN2..][epoch:258, iter:   1,550, lr:(9.420e-04,9.420e-05,)] [eta: 3:26:36, time (data): 0.879 (0.016)] l0: 3.6407e-02 l1: 4.3411e-02 l2: 5.2242e-02 l3: 5.2261e-02 l4: 4.6842e-02 l3_ssim: 4.8669e-01 l4_ssim: 3.6164e-01 
2025-04-04 20:04:10,395 INFO: [RAIN2..][epoch:266, iter:   1,600, lr:(9.382e-04,9.383e-05,)] [eta: 3:24:42, time (data): 0.872 (0.013)] l0: 3.7008e-02 l1: 4.3902e-02 l2: 5.2983e-02 l3: 5.2637e-02 l4: 4.7811e-02 l3_ssim: 4.8232e-01 l4_ssim: 3.9587e-01 
2025-04-04 20:04:29,220 INFO: Validation RAIN200H,		 # psnr: 20.7543
2025-04-04 20:05:34,841 INFO: [RAIN2..][epoch:274, iter:   1,650, lr:(9.344e-04,9.345e-05,)] [eta: 3:24:26, time (data): 0.871 (0.012)] l0: 3.8137e-02 l1: 4.4203e-02 l2: 5.4385e-02 l3: 5.2458e-02 l4: 4.7395e-02 l3_ssim: 4.8477e-01 l4_ssim: 3.6846e-01 
2025-04-04 20:06:43,349 INFO: [RAIN2..][epoch:283, iter:   1,700, lr:(9.305e-04,9.305e-05,)] [eta: 3:22:49, time (data): 0.877 (0.014)] l0: 3.9018e-02 l1: 4.5742e-02 l2: 5.4515e-02 l3: 5.1651e-02 l4: 4.6711e-02 l3_ssim: 4.6320e-01 l4_ssim: 3.6671e-01 
2025-04-04 20:07:00,329 INFO: Validation RAIN200H,		 # psnr: 21.2646
2025-04-04 20:08:05,842 INFO: [RAIN2..][epoch:291, iter:   1,750, lr:(9.264e-04,9.265e-05,)] [eta: 3:22:19, time (data): 0.875 (0.011)] l0: 3.9397e-02 l1: 4.5201e-02 l2: 5.4615e-02 l3: 5.1383e-02 l4: 4.5747e-02 l3_ssim: 4.8937e-01 l4_ssim: 3.6258e-01 
2025-04-04 20:09:11,040 INFO: [RAIN2..][epoch:299, iter:   1,800, lr:(9.223e-04,9.223e-05,)] [eta: 3:20:27, time (data): 0.875 (0.011)] l0: 3.6870e-02 l1: 4.3599e-02 l2: 5.2509e-02 l3: 5.0127e-02 l4: 4.4338e-02 l3_ssim: 4.7344e-01 l4_ssim: 3.7029e-01 
2025-04-04 20:09:20,562 INFO: Validation RAIN200H,		 # psnr: 21.7080
2025-04-04 20:10:28,337 INFO: [RAIN2..][epoch:308, iter:   1,850, lr:(9.180e-04,9.181e-05,)] [eta: 3:19:31, time (data): 0.871 (0.011)] l0: 3.8145e-02 l1: 4.4268e-02 l2: 5.3021e-02 l3: 5.1765e-02 l4: 4.7321e-02 l3_ssim: 4.7776e-01 l4_ssim: 3.6854e-01 
2025-04-04 20:11:33,871 INFO: [RAIN2..][epoch:316, iter:   1,900, lr:(9.136e-04,9.137e-05,)] [eta: 3:17:44, time (data): 0.875 (0.011)] l0: 3.6860e-02 l1: 4.2945e-02 l2: 5.2020e-02 l3: 5.0861e-02 l4: 4.7886e-02 l3_ssim: 4.9187e-01 l4_ssim: 3.8110e-01 
2025-04-04 20:11:48,109 INFO: Validation RAIN200H,		 # psnr: 20.1722
2025-04-04 20:12:53,790 INFO: [RAIN2..][epoch:324, iter:   1,950, lr:(9.092e-04,9.093e-05,)] [eta: 3:16:58, time (data): 0.873 (0.012)] l0: 3.9669e-02 l1: 4.5390e-02 l2: 5.3785e-02 l3: 5.1113e-02 l4: 4.6556e-02 l3_ssim: 4.6829e-01 l4_ssim: 3.7041e-01 
2025-04-04 20:14:02,031 INFO: [RAIN2..][epoch:333, iter:   2,000, lr:(9.046e-04,9.047e-05,)] [eta: 3:15:24, time (data): 0.870 (0.011)] l0: 3.7431e-02 l1: 4.3358e-02 l2: 5.2496e-02 l3: 4.9693e-02 l4: 4.5938e-02 l3_ssim: 4.7330e-01 l4_ssim: 3.5700e-01 
2025-04-04 20:14:02,031 INFO: Saving models and training states.
2025-04-04 20:14:20,814 INFO: Validation RAIN200H,		 # psnr: 21.8660
2025-04-04 20:15:26,324 INFO: [RAIN2..][epoch:341, iter:   2,050, lr:(8.999e-04,9.000e-05,)] [eta: 3:14:53, time (data): 0.870 (0.011)] l0: 3.7785e-02 l1: 4.3213e-02 l2: 5.1980e-02 l3: 4.9857e-02 l4: 4.5020e-02 l3_ssim: 4.8659e-01 l4_ssim: 3.6894e-01 
2025-04-04 20:16:31,724 INFO: [RAIN2..][epoch:349, iter:   2,100, lr:(8.952e-04,8.953e-05,)] [eta: 3:13:09, time (data): 0.876 (0.012)] l0: 3.7420e-02 l1: 4.3640e-02 l2: 5.2152e-02 l3: 5.0675e-02 l4: 4.6113e-02 l3_ssim: 4.6987e-01 l4_ssim: 3.6669e-01 
2025-04-04 20:16:40,266 INFO: Validation RAIN200H,		 # psnr: 19.8635
2025-04-04 20:17:48,587 INFO: [RAIN2..][epoch:358, iter:   2,150, lr:(8.903e-04,8.904e-05,)] [eta: 3:12:08, time (data): 0.871 (0.011)] l0: 3.8996e-02 l1: 4.4008e-02 l2: 5.3020e-02 l3: 4.9686e-02 l4: 4.3216e-02 l3_ssim: 4.9267e-01 l4_ssim: 3.4658e-01 
2025-04-04 20:18:53,726 INFO: [RAIN2..][epoch:366, iter:   2,200, lr:(8.854e-04,8.855e-05,)] [eta: 3:10:26, time (data): 0.871 (0.011)] l0: 3.4827e-02 l1: 4.1153e-02 l2: 4.9689e-02 l3: 4.7790e-02 l4: 4.3533e-02 l3_ssim: 4.7402e-01 l4_ssim: 3.5435e-01 
2025-04-04 20:19:10,438 INFO: Validation RAIN200H,		 # psnr: 21.6123
2025-04-04 20:20:14,975 INFO: [RAIN2..][epoch:374, iter:   2,250, lr:(8.803e-04,8.804e-05,)] [eta: 3:09:40, time (data): 0.871 (0.011)] l0: 4.0025e-02 l1: 4.6433e-02 l2: 5.4190e-02 l3: 5.0194e-02 l4: 4.4050e-02 l3_ssim: 4.7450e-01 l4_ssim: 3.4564e-01 
2025-04-04 20:21:22,640 INFO: [RAIN2..][epoch:383, iter:   2,300, lr:(8.752e-04,8.753e-05,)] [eta: 3:08:07, time (data): 0.879 (0.015)] l0: 3.6367e-02 l1: 4.2217e-02 l2: 5.0366e-02 l3: 4.9007e-02 l4: 4.4439e-02 l3_ssim: 4.7889e-01 l4_ssim: 3.5347e-01 
2025-04-04 20:21:36,250 INFO: Validation RAIN200H,		 # psnr: 21.2120
2025-04-04 20:22:41,476 INFO: [RAIN2..][epoch:391, iter:   2,350, lr:(8.699e-04,8.701e-05,)] [eta: 3:07:12, time (data): 0.871 (0.011)] l0: 3.6237e-02 l1: 4.1466e-02 l2: 5.0073e-02 l3: 4.9470e-02 l4: 4.3078e-02 l3_ssim: 4.6901e-01 l4_ssim: 3.4283e-01 
2025-04-04 20:23:46,395 INFO: [RAIN2..][epoch:399, iter:   2,400, lr:(8.646e-04,8.647e-05,)] [eta: 3:05:31, time (data): 0.874 (0.012)] l0: 3.8175e-02 l1: 4.3867e-02 l2: 5.3368e-02 l3: 5.1194e-02 l4: 4.5441e-02 l3_ssim: 4.9268e-01 l4_ssim: 3.5642e-01 
2025-04-04 20:24:04,479 INFO: Validation RAIN200H,		 # psnr: 21.8752
2025-04-04 20:25:12,077 INFO: [RAIN2..][epoch:408, iter:   2,450, lr:(8.592e-04,8.593e-05,)] [eta: 3:04:57, time (data): 0.874 (0.013)] l0: 3.8434e-02 l1: 4.4104e-02 l2: 5.2571e-02 l3: 4.8404e-02 l4: 4.3783e-02 l3_ssim: 4.7669e-01 l4_ssim: 3.3298e-01 
2025-04-04 20:26:17,413 INFO: [RAIN2..][epoch:416, iter:   2,500, lr:(8.537e-04,8.538e-05,)] [eta: 3:03:19, time (data): 0.875 (0.011)] l0: 3.8433e-02 l1: 4.4273e-02 l2: 5.1777e-02 l3: 4.9210e-02 l4: 4.5386e-02 l3_ssim: 4.6152e-01 l4_ssim: 3.4082e-01 
2025-04-04 20:26:17,414 INFO: Saving models and training states.
2025-04-04 20:26:36,831 INFO: Validation RAIN200H,		 # psnr: 21.8544
2025-04-04 20:27:42,203 INFO: [RAIN2..][epoch:424, iter:   2,550, lr:(8.481e-04,8.482e-05,)] [eta: 3:02:39, time (data): 0.875 (0.012)] l0: 3.7995e-02 l1: 4.3241e-02 l2: 5.1799e-02 l3: 4.8455e-02 l4: 4.2078e-02 l3_ssim: 4.7187e-01 l4_ssim: 3.3700e-01 
2025-04-04 20:28:50,328 INFO: [RAIN2..][epoch:433, iter:   2,600, lr:(8.424e-04,8.425e-05,)] [eta: 3:01:10, time (data): 0.874 (0.013)] l0: 3.7531e-02 l1: 4.3507e-02 l2: 5.2224e-02 l3: 4.9268e-02 l4: 4.3274e-02 l3_ssim: 4.7153e-01 l4_ssim: 3.3195e-01 
2025-04-04 20:29:09,283 INFO: Validation RAIN200H,		 # psnr: 21.4967
2025-04-04 20:30:14,142 INFO: [RAIN2..][epoch:441, iter:   2,650, lr:(8.366e-04,8.368e-05,)] [eta: 3:00:25, time (data): 0.874 (0.012)] l0: 4.0400e-02 l1: 4.5874e-02 l2: 5.4625e-02 l3: 4.9352e-02 l4: 4.3488e-02 l3_ssim: 4.7144e-01 l4_ssim: 3.3269e-01 
2025-04-04 20:31:19,631 INFO: [RAIN2..][epoch:449, iter:   2,700, lr:(8.308e-04,8.309e-05,)] [eta: 2:58:49, time (data): 0.874 (0.013)] l0: 3.8146e-02 l1: 4.3478e-02 l2: 5.1840e-02 l3: 4.8268e-02 l4: 4.2269e-02 l3_ssim: 4.6621e-01 l4_ssim: 3.4633e-01 
2025-04-04 20:31:38,634 INFO: Validation RAIN200H,		 # psnr: 21.8182
2025-04-04 20:32:46,983 INFO: [RAIN2..][epoch:458, iter:   2,750, lr:(8.249e-04,8.250e-05,)] [eta: 2:58:12, time (data): 0.863 (0.010)] l0: 3.8192e-02 l1: 4.3974e-02 l2: 5.2479e-02 l3: 4.9694e-02 l4: 4.5743e-02 l3_ssim: 4.7847e-01 l4_ssim: 3.4896e-01 
2025-04-04 20:33:52,114 INFO: [RAIN2..][epoch:466, iter:   2,800, lr:(8.189e-04,8.190e-05,)] [eta: 2:56:36, time (data): 0.875 (0.011)] l0: 3.5955e-02 l1: 4.1741e-02 l2: 4.9948e-02 l3: 4.9377e-02 l4: 4.2353e-02 l3_ssim: 4.7500e-01 l4_ssim: 3.3874e-01 
2025-04-04 20:34:03,176 INFO: Validation RAIN200H,		 # psnr: 21.9986
2025-04-04 20:35:08,071 INFO: [RAIN2..][epoch:474, iter:   2,850, lr:(8.128e-04,8.129e-05,)] [eta: 2:55:29, time (data): 0.872 (0.012)] l0: 4.1035e-02 l1: 4.6016e-02 l2: 5.4849e-02 l3: 5.0696e-02 l4: 4.2363e-02 l3_ssim: 5.0382e-01 l4_ssim: 3.5027e-01 
2025-04-04 20:36:16,201 INFO: [RAIN2..][epoch:483, iter:   2,900, lr:(8.066e-04,8.068e-05,)] [eta: 2:54:01, time (data): 0.869 (0.011)] l0: 3.8581e-02 l1: 4.4758e-02 l2: 5.3379e-02 l3: 5.1543e-02 l4: 4.3743e-02 l3_ssim: 5.0478e-01 l4_ssim: 3.6023e-01 
2025-04-04 20:36:25,913 INFO: Validation RAIN200H,		 # psnr: 21.9208
2025-04-04 20:37:31,253 INFO: [RAIN2..][epoch:491, iter:   2,950, lr:(8.004e-04,8.005e-05,)] [eta: 2:52:51, time (data): 0.875 (0.012)] l0: 3.7247e-02 l1: 4.3094e-02 l2: 5.1096e-02 l3: 4.8368e-02 l4: 4.2331e-02 l3_ssim: 4.8182e-01 l4_ssim: 3.3978e-01 
2025-04-04 20:38:36,697 INFO: [RAIN2..][epoch:499, iter:   3,000, lr:(7.940e-04,7.942e-05,)] [eta: 2:51:19, time (data): 0.873 (0.012)] l0: 3.6389e-02 l1: 4.2101e-02 l2: 5.0163e-02 l3: 4.9595e-02 l4: 4.2957e-02 l3_ssim: 4.6954e-01 l4_ssim: 3.3378e-01 
2025-04-04 20:38:36,697 INFO: Saving models and training states.
2025-04-04 20:38:44,139 INFO: Validation RAIN200H,		 # psnr: 22.1525
2025-04-04 20:39:52,469 INFO: [RAIN2..][epoch:508, iter:   3,050, lr:(7.877e-04,7.878e-05,)] [eta: 2:50:11, time (data): 0.871 (0.011)] l0: 3.6486e-02 l1: 4.2013e-02 l2: 5.0248e-02 l3: 4.8007e-02 l4: 4.1305e-02 l3_ssim: 4.7680e-01 l4_ssim: 3.3514e-01 
2025-04-04 20:40:57,337 INFO: [RAIN2..][epoch:516, iter:   3,100, lr:(7.812e-04,7.814e-05,)] [eta: 2:48:38, time (data): 0.872 (0.011)] l0: 3.9143e-02 l1: 4.4233e-02 l2: 5.2409e-02 l3: 4.9978e-02 l4: 4.4777e-02 l3_ssim: 4.8050e-01 l4_ssim: 3.4494e-01 
2025-04-04 20:41:14,145 INFO: Validation RAIN200H,		 # psnr: 21.1879
2025-04-04 20:42:19,364 INFO: [RAIN2..][epoch:524, iter:   3,150, lr:(7.747e-04,7.749e-05,)] [eta: 2:47:44, time (data): 0.871 (0.011)] l0: 3.4650e-02 l1: 4.0716e-02 l2: 4.8286e-02 l3: 4.8469e-02 l4: 4.1645e-02 l3_ssim: 4.7570e-01 l4_ssim: 3.3998e-01 
2025-04-04 20:43:27,851 INFO: [RAIN2..][epoch:533, iter:   3,200, lr:(7.681e-04,7.683e-05,)] [eta: 2:46:20, time (data): 0.877 (0.013)] l0: 3.6991e-02 l1: 4.2807e-02 l2: 5.1080e-02 l3: 4.8749e-02 l4: 4.1872e-02 l3_ssim: 4.7553e-01 l4_ssim: 3.2959e-01 
2025-04-04 20:43:35,250 INFO: Validation RAIN200H,		 # psnr: 22.3864
2025-04-04 20:44:40,284 INFO: [RAIN2..][epoch:541, iter:   3,250, lr:(7.614e-04,7.616e-05,)] [eta: 2:45:04, time (data): 0.871 (0.011)] l0: 3.8246e-02 l1: 4.3466e-02 l2: 5.1948e-02 l3: 4.9357e-02 l4: 4.2487e-02 l3_ssim: 4.8282e-01 l4_ssim: 3.3618e-01 
2025-04-04 20:45:45,794 INFO: [RAIN2..][epoch:549, iter:   3,300, lr:(7.547e-04,7.549e-05,)] [eta: 2:43:35, time (data): 0.872 (0.011)] l0: 3.5636e-02 l1: 4.0632e-02 l2: 4.9349e-02 l3: 4.7659e-02 l4: 4.0114e-02 l3_ssim: 4.7222e-01 l4_ssim: 3.3437e-01 
2025-04-04 20:45:56,227 INFO: Validation RAIN200H,		 # psnr: 22.4400
2025-04-04 20:47:04,287 INFO: [RAIN2..][epoch:558, iter:   3,350, lr:(7.479e-04,7.481e-05,)] [eta: 2:42:32, time (data): 0.871 (0.011)] l0: 3.6272e-02 l1: 4.2482e-02 l2: 5.0390e-02 l3: 4.8468e-02 l4: 4.1618e-02 l3_ssim: 4.7889e-01 l4_ssim: 3.2482e-01 
2025-04-04 20:48:09,457 INFO: [RAIN2..][epoch:566, iter:   3,400, lr:(7.410e-04,7.413e-05,)] [eta: 2:41:03, time (data): 0.876 (0.012)] l0: 3.4231e-02 l1: 3.9820e-02 l2: 4.8616e-02 l3: 4.7509e-02 l4: 4.0754e-02 l3_ssim: 4.7399e-01 l4_ssim: 3.2959e-01 
2025-04-04 20:48:28,348 INFO: Validation RAIN200H,		 # psnr: 22.2422
2025-04-04 20:49:33,822 INFO: [RAIN2..][epoch:574, iter:   3,450, lr:(7.341e-04,7.344e-05,)] [eta: 2:40:11, time (data): 0.870 (0.011)] l0: 3.9685e-02 l1: 4.4944e-02 l2: 5.2782e-02 l3: 4.8773e-02 l4: 4.2323e-02 l3_ssim: 4.6676e-01 l4_ssim: 3.3004e-01 
2025-04-04 20:50:41,585 INFO: [RAIN2..][epoch:583, iter:   3,500, lr:(7.272e-04,7.274e-05,)] [eta: 2:38:47, time (data): 0.874 (0.014)] l0: 3.7584e-02 l1: 4.2972e-02 l2: 5.1461e-02 l3: 4.8434e-02 l4: 4.1606e-02 l3_ssim: 4.8479e-01 l4_ssim: 3.2467e-01 
2025-04-04 20:50:41,586 INFO: Saving models and training states.
2025-04-04 20:50:58,410 INFO: Validation RAIN200H,		 # psnr: 21.8368
2025-04-04 20:52:04,164 INFO: [RAIN2..][epoch:591, iter:   3,550, lr:(7.201e-04,7.204e-05,)] [eta: 2:37:51, time (data): 0.876 (0.013)] l0: 3.8661e-02 l1: 4.3157e-02 l2: 5.1255e-02 l3: 4.7466e-02 l4: 4.1599e-02 l3_ssim: 4.7617e-01 l4_ssim: 3.3305e-01 
2025-04-04 20:53:09,734 INFO: [RAIN2..][epoch:599, iter:   3,600, lr:(7.131e-04,7.133e-05,)] [eta: 2:36:23, time (data): 0.875 (0.011)] l0: 3.9507e-02 l1: 4.4939e-02 l2: 5.2489e-02 l3: 4.8253e-02 l4: 4.0955e-02 l3_ssim: 4.5318e-01 l4_ssim: 3.2538e-01 
2025-04-04 20:53:21,055 INFO: Validation RAIN200H,		 # psnr: 21.7762
2025-04-04 20:54:29,400 INFO: [RAIN2..][epoch:608, iter:   3,650, lr:(7.059e-04,7.062e-05,)] [eta: 2:35:21, time (data): 0.875 (0.012)] l0: 3.7718e-02 l1: 4.2392e-02 l2: 5.1276e-02 l3: 4.8894e-02 l4: 4.0784e-02 l3_ssim: 4.9083e-01 l4_ssim: 3.3457e-01 
2025-04-04 20:55:34,802 INFO: [RAIN2..][epoch:616, iter:   3,700, lr:(6.987e-04,6.990e-05,)] [eta: 2:33:54, time (data): 0.871 (0.011)] l0: 3.7704e-02 l1: 4.3055e-02 l2: 5.1763e-02 l3: 4.8134e-02 l4: 4.0978e-02 l3_ssim: 4.6924e-01 l4_ssim: 3.2273e-01 
2025-04-04 20:55:42,926 INFO: Validation RAIN200H,		 # psnr: 22.3093
2025-04-04 20:56:48,437 INFO: [RAIN2..][epoch:624, iter:   3,750, lr:(6.915e-04,6.918e-05,)] [eta: 2:32:41, time (data): 0.875 (0.011)] l0: 3.8502e-02 l1: 4.2950e-02 l2: 5.0765e-02 l3: 4.7533e-02 l4: 4.0983e-02 l3_ssim: 4.5644e-01 l4_ssim: 3.1552e-01 
2025-04-04 20:57:56,720 INFO: [RAIN2..][epoch:633, iter:   3,800, lr:(6.842e-04,6.845e-05,)] [eta: 2:31:20, time (data): 0.876 (0.012)] l0: 3.8892e-02 l1: 4.4383e-02 l2: 5.2328e-02 l3: 4.9751e-02 l4: 4.2958e-02 l3_ssim: 4.6821e-01 l4_ssim: 3.4600e-01 
2025-04-04 20:58:09,206 INFO: Validation RAIN200H,		 # psnr: 22.4522
2025-04-04 20:59:14,622 INFO: [RAIN2..][epoch:641, iter:   3,850, lr:(6.769e-04,6.772e-05,)] [eta: 2:30:14, time (data): 0.871 (0.011)] l0: 3.6014e-02 l1: 4.1199e-02 l2: 4.9451e-02 l3: 4.6884e-02 l4: 4.2856e-02 l3_ssim: 4.5751e-01 l4_ssim: 3.0963e-01 
2025-04-04 21:00:20,244 INFO: [RAIN2..][epoch:649, iter:   3,900, lr:(6.695e-04,6.698e-05,)] [eta: 2:28:49, time (data): 0.876 (0.011)] l0: 3.7516e-02 l1: 4.3321e-02 l2: 5.1361e-02 l3: 4.8831e-02 l4: 4.0205e-02 l3_ssim: 4.8832e-01 l4_ssim: 3.2359e-01 
2025-04-04 21:00:27,851 INFO: Validation RAIN200H,		 # psnr: 20.5854
2025-04-04 21:01:35,904 INFO: [RAIN2..][epoch:658, iter:   3,950, lr:(6.621e-04,6.624e-05,)] [eta: 2:27:39, time (data): 0.874 (0.014)] l0: 3.6610e-02 l1: 4.2002e-02 l2: 5.0166e-02 l3: 4.9130e-02 l4: 4.2202e-02 l3_ssim: 4.8657e-01 l4_ssim: 3.2437e-01 
2025-04-04 21:02:41,304 INFO: [RAIN2..][epoch:666, iter:   4,000, lr:(6.547e-04,6.550e-05,)] [eta: 2:26:14, time (data): 0.871 (0.011)] l0: 3.8013e-02 l1: 4.3198e-02 l2: 5.1596e-02 l3: 4.9688e-02 l4: 4.2646e-02 l3_ssim: 4.7854e-01 l4_ssim: 3.2653e-01 
2025-04-04 21:02:41,305 INFO: Saving models and training states.
2025-04-04 21:02:51,066 INFO: Validation RAIN200H,		 # psnr: 21.8339
2025-04-04 21:03:56,377 INFO: [RAIN2..][epoch:674, iter:   4,050, lr:(6.472e-04,6.475e-05,)] [eta: 2:25:04, time (data): 0.876 (0.013)] l0: 3.7700e-02 l1: 4.3277e-02 l2: 5.1120e-02 l3: 4.7215e-02 l4: 4.0791e-02 l3_ssim: 4.6848e-01 l4_ssim: 3.1146e-01 
2025-04-04 21:05:04,152 INFO: [RAIN2..][epoch:683, iter:   4,100, lr:(6.397e-04,6.400e-05,)] [eta: 2:23:43, time (data): 0.870 (0.012)] l0: 3.9197e-02 l1: 4.4177e-02 l2: 5.1894e-02 l3: 4.9756e-02 l4: 4.1758e-02 l3_ssim: 4.8389e-01 l4_ssim: 3.2052e-01 
2025-04-04 21:05:13,668 INFO: Validation RAIN200H,		 # psnr: 22.3197
2025-04-04 21:06:18,993 INFO: [RAIN2..][epoch:691, iter:   4,150, lr:(6.321e-04,6.325e-05,)] [eta: 2:22:32, time (data): 0.878 (0.015)] l0: 3.7096e-02 l1: 4.2239e-02 l2: 5.0557e-02 l3: 4.8559e-02 l4: 4.1295e-02 l3_ssim: 4.8418e-01 l4_ssim: 3.2061e-01 
2025-04-04 21:07:24,406 INFO: [RAIN2..][epoch:699, iter:   4,200, lr:(6.245e-04,6.249e-05,)] [eta: 2:21:09, time (data): 0.878 (0.011)] l0: 3.5348e-02 l1: 4.0195e-02 l2: 4.8916e-02 l3: 4.7310e-02 l4: 3.8785e-02 l3_ssim: 4.7976e-01 l4_ssim: 3.0440e-01 
2025-04-04 21:07:44,925 INFO: Validation RAIN200H,		 # psnr: 22.2059
2025-04-04 21:08:53,175 INFO: [RAIN2..][epoch:708, iter:   4,250, lr:(6.169e-04,6.173e-05,)] [eta: 2:20:17, time (data): 0.872 (0.013)] l0: 3.7377e-02 l1: 4.2287e-02 l2: 5.0276e-02 l3: 4.6873e-02 l4: 4.0311e-02 l3_ssim: 4.6610e-01 l4_ssim: 3.1053e-01 
2025-04-04 21:09:59,134 INFO: [RAIN2..][epoch:716, iter:   4,300, lr:(6.093e-04,6.096e-05,)] [eta: 2:18:54, time (data): 0.871 (0.011)] l0: 4.0558e-02 l1: 4.4011e-02 l2: 5.2505e-02 l3: 4.6772e-02 l4: 3.9758e-02 l3_ssim: 4.7345e-01 l4_ssim: 3.2223e-01 
2025-04-04 21:10:16,056 INFO: Validation RAIN200H,		 # psnr: 21.3613
2025-04-04 21:11:21,477 INFO: [RAIN2..][epoch:724, iter:   4,350, lr:(6.016e-04,6.019e-05,)] [eta: 2:17:53, time (data): 0.871 (0.011)] l0: 3.7781e-02 l1: 4.2701e-02 l2: 5.1072e-02 l3: 4.6882e-02 l4: 3.8553e-02 l3_ssim: 4.7998e-01 l4_ssim: 3.0201e-01 
2025-04-04 21:12:29,397 INFO: [RAIN2..][epoch:733, iter:   4,400, lr:(5.939e-04,5.943e-05,)] [eta: 2:16:33, time (data): 0.877 (0.013)] l0: 3.7484e-02 l1: 4.2465e-02 l2: 5.0315e-02 l3: 4.7142e-02 l4: 4.1563e-02 l3_ssim: 4.6238e-01 l4_ssim: 3.1175e-01 
2025-04-04 21:12:42,780 INFO: Validation RAIN200H,		 # psnr: 22.3902
2025-04-04 21:13:47,898 INFO: [RAIN2..][epoch:741, iter:   4,450, lr:(5.862e-04,5.865e-05,)] [eta: 2:15:26, time (data): 0.870 (0.011)] l0: 3.9386e-02 l1: 4.4413e-02 l2: 5.3153e-02 l3: 4.8659e-02 l4: 4.2121e-02 l3_ssim: 4.6506e-01 l4_ssim: 3.1586e-01 
2025-04-04 21:14:53,549 INFO: [RAIN2..][epoch:749, iter:   4,500, lr:(5.784e-04,5.788e-05,)] [eta: 2:14:04, time (data): 0.872 (0.012)] l0: 3.8942e-02 l1: 4.3336e-02 l2: 5.1553e-02 l3: 4.6946e-02 l4: 4.0340e-02 l3_ssim: 4.6878e-01 l4_ssim: 3.1901e-01 
2025-04-04 21:14:53,549 INFO: Saving models and training states.
2025-04-04 21:15:01,079 INFO: Validation RAIN200H,		 # psnr: 21.3195
2025-04-04 21:16:08,859 INFO: [RAIN2..][epoch:758, iter:   4,550, lr:(5.706e-04,5.710e-05,)] [eta: 2:12:53, time (data): 0.873 (0.013)] l0: 3.5890e-02 l1: 4.0630e-02 l2: 4.9256e-02 l3: 4.5337e-02 l4: 4.0012e-02 l3_ssim: 4.4561e-01 l4_ssim: 3.1573e-01 
2025-04-04 21:17:14,112 INFO: [RAIN2..][epoch:766, iter:   4,600, lr:(5.629e-04,5.633e-05,)] [eta: 2:11:31, time (data): 0.874 (0.011)] l0: 3.7463e-02 l1: 4.2631e-02 l2: 5.0446e-02 l3: 4.6429e-02 l4: 4.1555e-02 l3_ssim: 4.2088e-01 l4_ssim: 3.0971e-01 
2025-04-04 21:17:21,263 INFO: Validation RAIN200H,		 # psnr: 22.5074
2025-04-04 21:18:26,443 INFO: [RAIN2..][epoch:774, iter:   4,650, lr:(5.551e-04,5.555e-05,)] [eta: 2:10:17, time (data): 0.872 (0.012)] l0: 3.7881e-02 l1: 4.1675e-02 l2: 4.9843e-02 l3: 4.4790e-02 l4: 3.8898e-02 l3_ssim: 4.3864e-01 l4_ssim: 3.0853e-01 
2025-04-04 21:19:34,123 INFO: [RAIN2..][epoch:783, iter:   4,700, lr:(5.473e-04,5.477e-05,)] [eta: 2:08:58, time (data): 0.871 (0.013)] l0: 3.7338e-02 l1: 4.2016e-02 l2: 4.9997e-02 l3: 4.7259e-02 l4: 4.3804e-02 l3_ssim: 4.3733e-01 l4_ssim: 3.1488e-01 
2025-04-04 21:19:42,417 INFO: Validation RAIN200H,		 # psnr: 22.3532
2025-04-04 21:20:47,950 INFO: [RAIN2..][epoch:791, iter:   4,750, lr:(5.394e-04,5.398e-05,)] [eta: 2:07:46, time (data): 0.872 (0.011)] l0: 3.7014e-02 l1: 4.2975e-02 l2: 5.0883e-02 l3: 4.6043e-02 l4: 4.3303e-02 l3_ssim: 4.3092e-01 l4_ssim: 3.1678e-01 
2025-04-04 21:21:53,165 INFO: [RAIN2..][epoch:799, iter:   4,800, lr:(5.316e-04,5.320e-05,)] [eta: 2:06:24, time (data): 0.873 (0.012)] l0: 3.8902e-02 l1: 4.3495e-02 l2: 5.1173e-02 l3: 4.5077e-02 l4: 4.0053e-02 l3_ssim: 4.4243e-01 l4_ssim: 3.0888e-01 
2025-04-04 21:22:06,378 INFO: Validation RAIN200H,		 # psnr: 21.5246
2025-04-04 21:23:13,961 INFO: [RAIN2..][epoch:808, iter:   4,850, lr:(5.238e-04,5.242e-05,)] [eta: 2:05:20, time (data): 0.870 (0.011)] l0: 3.8677e-02 l1: 4.2909e-02 l2: 5.0800e-02 l3: 4.4682e-02 l4: 4.0722e-02 l3_ssim: 4.1485e-01 l4_ssim: 3.1162e-01 
2025-04-04 21:24:19,374 INFO: [RAIN2..][epoch:816, iter:   4,900, lr:(5.159e-04,5.163e-05,)] [eta: 2:03:59, time (data): 0.876 (0.012)] l0: 3.7667e-02 l1: 4.3889e-02 l2: 5.1515e-02 l3: 4.5181e-02 l4: 3.9435e-02 l3_ssim: 4.2958e-01 l4_ssim: 3.1048e-01 
2025-04-04 21:24:37,215 INFO: Validation RAIN200H,		 # psnr: 22.1330
2025-04-04 21:25:43,193 INFO: [RAIN2..][epoch:824, iter:   4,950, lr:(5.081e-04,5.085e-05,)] [eta: 2:02:57, time (data): 0.877 (0.013)] l0: 4.0360e-02 l1: 4.5313e-02 l2: 5.3172e-02 l3: 4.7297e-02 l4: 4.1078e-02 l3_ssim: 4.3354e-01 l4_ssim: 3.1404e-01 
2025-04-04 21:26:51,677 INFO: [RAIN2..][epoch:833, iter:   5,000, lr:(5.002e-04,5.007e-05,)] [eta: 2:01:39, time (data): 0.864 (0.010)] l0: 3.8895e-02 l1: 4.2753e-02 l2: 5.1047e-02 l3: 4.4510e-02 l4: 4.0795e-02 l3_ssim: 4.1794e-01 l4_ssim: 3.1210e-01 
2025-04-04 21:26:51,677 INFO: Saving models and training states.
2025-04-04 21:27:03,299 INFO: Validation RAIN200H,		 # psnr: 21.8809
2025-04-04 21:28:08,918 INFO: [RAIN2..][epoch:841, iter:   5,050, lr:(4.924e-04,4.928e-05,)] [eta: 2:00:30, time (data): 0.870 (0.011)] l0: 3.4707e-02 l1: 4.0381e-02 l2: 4.8688e-02 l3: 4.4812e-02 l4: 3.9311e-02 l3_ssim: 4.1570e-01 l4_ssim: 3.0375e-01 
2025-04-04 21:29:15,056 INFO: [RAIN2..][epoch:849, iter:   5,100, lr:(4.845e-04,4.850e-05,)] [eta: 1:59:11, time (data): 0.871 (0.011)] l0: 3.6953e-02 l1: 4.2733e-02 l2: 5.0542e-02 l3: 4.5258e-02 l4: 4.0513e-02 l3_ssim: 4.1479e-01 l4_ssim: 3.0300e-01 
2025-04-04 21:29:27,916 INFO: Validation RAIN200H,		 # psnr: 22.6009
2025-04-04 21:30:36,153 INFO: [RAIN2..][epoch:858, iter:   5,150, lr:(4.767e-04,4.771e-05,)] [eta: 1:58:05, time (data): 0.875 (0.016)] l0: 3.8340e-02 l1: 4.3096e-02 l2: 5.0605e-02 l3: 4.4046e-02 l4: 3.9000e-02 l3_ssim: 4.0158e-01 l4_ssim: 2.9745e-01 
2025-04-04 21:31:41,825 INFO: [RAIN2..][epoch:866, iter:   5,200, lr:(4.688e-04,4.693e-05,)] [eta: 1:56:45, time (data): 0.871 (0.011)] l0: 3.8307e-02 l1: 4.2524e-02 l2: 5.0805e-02 l3: 4.6203e-02 l4: 4.0951e-02 l3_ssim: 4.1334e-01 l4_ssim: 3.1303e-01 
2025-04-04 21:31:59,590 INFO: Validation RAIN200H,		 # psnr: 22.4957
2025-04-04 21:33:05,025 INFO: [RAIN2..][epoch:874, iter:   5,250, lr:(4.610e-04,4.615e-05,)] [eta: 1:55:42, time (data): 0.876 (0.011)] l0: 3.8008e-02 l1: 4.2187e-02 l2: 4.9934e-02 l3: 4.3567e-02 l4: 3.7625e-02 l3_ssim: 4.1048e-01 l4_ssim: 2.9321e-01 
2025-04-04 21:34:13,162 INFO: [RAIN2..][epoch:883, iter:   5,300, lr:(4.532e-04,4.536e-05,)] [eta: 1:54:24, time (data): 0.871 (0.013)] l0: 3.7471e-02 l1: 4.3309e-02 l2: 5.1065e-02 l3: 4.5465e-02 l4: 3.9578e-02 l3_ssim: 4.2864e-01 l4_ssim: 3.1658e-01 
2025-04-04 21:34:30,699 INFO: Validation RAIN200H,		 # psnr: 21.0819
2025-04-04 21:35:35,758 INFO: [RAIN2..][epoch:891, iter:   5,350, lr:(4.453e-04,4.458e-05,)] [eta: 1:53:19, time (data): 0.870 (0.012)] l0: 3.8144e-02 l1: 4.2109e-02 l2: 4.9669e-02 l3: 4.2729e-02 l4: 3.7875e-02 l3_ssim: 4.0742e-01 l4_ssim: 2.9706e-01 
2025-04-04 21:36:40,801 INFO: [RAIN2..][epoch:899, iter:   5,400, lr:(4.375e-04,4.381e-05,)] [eta: 1:51:59, time (data): 0.873 (0.012)] l0: 3.7009e-02 l1: 4.2416e-02 l2: 5.0285e-02 l3: 4.5313e-02 l4: 3.9758e-02 l3_ssim: 4.1257e-01 l4_ssim: 3.0567e-01 
2025-04-04 21:36:59,159 INFO: Validation RAIN200H,		 # psnr: 22.2550
2025-04-04 21:38:07,244 INFO: [RAIN2..][epoch:908, iter:   5,450, lr:(4.298e-04,4.303e-05,)] [eta: 1:50:57, time (data): 0.874 (0.013)] l0: 3.7331e-02 l1: 4.2494e-02 l2: 5.0126e-02 l3: 4.5335e-02 l4: 4.1750e-02 l3_ssim: 4.0242e-01 l4_ssim: 2.9580e-01 
2025-04-04 21:39:12,783 INFO: [RAIN2..][epoch:916, iter:   5,500, lr:(4.220e-04,4.225e-05,)] [eta: 1:49:38, time (data): 0.871 (0.011)] l0: 3.7058e-02 l1: 4.3438e-02 l2: 5.0237e-02 l3: 4.4497e-02 l4: 3.9454e-02 l3_ssim: 3.9620e-01 l4_ssim: 2.9290e-01 
2025-04-04 21:39:12,784 INFO: Saving models and training states.
2025-04-04 21:39:25,610 INFO: Validation RAIN200H,		 # psnr: 22.0573
2025-04-04 21:40:31,102 INFO: [RAIN2..][epoch:924, iter:   5,550, lr:(4.142e-04,4.148e-05,)] [eta: 1:48:29, time (data): 0.870 (0.011)] l0: 3.7562e-02 l1: 4.1323e-02 l2: 4.9081e-02 l3: 4.5306e-02 l4: 3.9672e-02 l3_ssim: 3.9968e-01 l4_ssim: 3.0073e-01 
2025-04-04 21:41:39,356 INFO: [RAIN2..][epoch:933, iter:   5,600, lr:(4.065e-04,4.071e-05,)] [eta: 1:47:12, time (data): 0.881 (0.016)] l0: 3.4626e-02 l1: 4.0300e-02 l2: 4.7773e-02 l3: 4.3492e-02 l4: 3.9066e-02 l3_ssim: 3.9216e-01 l4_ssim: 2.9322e-01 
2025-04-04 21:41:52,710 INFO: Validation RAIN200H,		 # psnr: 22.2968
