2025-04-03 20:57:51,588 INFO: 
                ____                _       _____  ____
               / __ ) ____ _ _____ (_)_____/ ___/ / __ \
              / __  |/ __ `// ___// // ___/\__ \ / /_/ /
             / /_/ // /_/ /(__  )/ // /__ ___/ // _, _/
            /_____/ \__,_//____//_/ \___//____//_/ |_|
     ______                   __   __                 __      __
    / ____/____   ____   ____/ /  / /   __  __ _____ / /__   / /
   / / __ / __ \ / __ \ / __  /  / /   / / / // ___// //_/  / /
  / /_/ // /_/ // /_/ // /_/ /  / /___/ /_/ // /__ / /<    /_/
  \____/ \____/ \____/ \____/  /_____/\____/ \___//_/|_|  (_)
    
Version Information: 
  PyTorch: 2.0.1+cu117
  TorchVision: 0.15.2+cu117
2025-04-03 20:57:51,588 INFO: 
  name: RAIN200H-LPNet_combined
  model_type: LPNetModel
  scale: 1
  num_gpu: 1
  manual_seed: 10
  datasets:[
    train:[
      name: RAIN200H
      type: PairedImageDataset
      dataroot_gt: /home/haojd/Fourier/deraining/lpnet/datasets/RainTrainH/norain
      dataroot_lq: /home/haojd/Fourier/deraining/lpnet/datasets/RainTrainH/rain
      filename_tmpl: {}
      io_backend:[
        type: disk
      ]
      gt_size: 128
      use_flip: True
      use_rot: True
      use_shuffle: True
      num_worker_per_gpu: 10
      batch_size_per_gpu: 192
      dataset_enlarge_ratio: 1
      prefetch_mode: None
      phase: train
      scale: 1
    ]
    val:[
      name: RAIN200H
      type: PairedImageDataset
      dataroot_gt: /home/haojd/Fourier/deraining/lpnet/datasets/Rain100H
      dataroot_lq: /home/haojd/Fourier/deraining/lpnet/datasets/Rain100H/rainy
      io_backend:[
        type: disk
      ]
      phase: val
      scale: 1
    ]
  ]
  network_g:[
    type: LPNet_combined
  ]
  path:[
    pretrain_network_g: None
    strict_load_g: True
    resume_state: None
    root: /home/haojd/Fourier/deraining/lpnet
    experiments_root: /home/haojd/Fourier/deraining/lpnet/experiments/RAIN200H-LPNet_combined
    models: /home/haojd/Fourier/deraining/lpnet/experiments/RAIN200H-LPNet_combined/models
    training_states: /home/haojd/Fourier/deraining/lpnet/experiments/RAIN200H-LPNet_combined/training_states
    log: /home/haojd/Fourier/deraining/lpnet/experiments/RAIN200H-LPNet_combined
    visualization: /home/haojd/Fourier/deraining/lpnet/experiments/RAIN200H-LPNet_combined/visualization
  ]
  train:[
    optim_g:[
      type: Adam
      lr: 0.001
      weight_decay: 0
      betas: [0.9, 0.99]
    ]
    scheduler:[
      type: TrueCosineAnnealingLR
      T_max: 10000
      eta_min: 1e-07
    ]
    total_iter: 10000
    warmup_iter: 0
    pixel_opt:[
      type: L1Loss
      loss_weight: 0.5
      reduction: mean
    ]
  ]
  val:[
    val_freq: 100.0
    save_img: False
    grids: False
    crop_size: 256
    max_minibatch: 8
    metrics:[
      psnr:[
        type: calculate_psnr
        crop_border: 0
        test_y_channel: True
      ]
    ]
  ]
  logger:[
    print_freq: 50
    save_checkpoint_freq: 500.0
    use_tb_logger: True
    wandb:[
      project: None
      resume_id: None
    ]
  ]
  dist_params:[
    backend: nccl
    port: 29500
  ]
  is_train: True
  dist: False
  rank: 0
  world_size: 1

2025-04-03 20:57:51,910 INFO: Dataset PairedImageDataset - RAIN200H is created.
2025-04-03 20:57:51,910 INFO: Training statistics:
  Number of train images: 1254
  Dataset enlarge ratio: 1
  Batch size per gpu: 192
  World size (gpu number): 1
  Require iter number per epoch: 7
  Total epochs: 1429; iters: 10000.
2025-04-03 20:57:51,922 INFO: Dataset PairedImageDataset - RAIN200H is created.
2025-04-03 20:57:51,922 INFO: Number of val images/folders in RAIN200H: 100
2025-04-03 20:57:52,944 INFO: Model [LPNetModel] is created.
2025-04-03 20:57:53,335 INFO: Start training from epoch: 0, iter: 0
2025-04-03 20:59:07,480 INFO: [RAIN2..][epoch:  8, iter:      50, lr:(9.999e-04,9.999e-05,)] [eta: 4:02:20, time (data): 0.906 (0.010)] l0: 1.7521e-01 l1: 1.3260e-01 l2: 7.8993e-02 l3: 8.8055e-02 l4: 9.9963e-02 l3_ssim: 5.6096e-01 l4_ssim: 6.2813e-01 
2025-04-03 21:00:15,475 INFO: [RAIN2..][epoch: 16, iter:     100, lr:(9.998e-04,9.998e-05,)] [eta: 3:52:49, time (data): 0.935 (0.010)] l0: 1.0969e-01 l1: 7.1270e-02 l2: 6.9762e-02 l3: 8.1132e-02 l4: 9.8290e-02 l3_ssim: 5.3050e-01 l4_ssim: 6.2054e-01 
2025-04-03 21:00:22,962 INFO: Validation RAIN200H,     # psnr: 14.7519
2025-04-03 21:01:30,874 INFO: [RAIN2..][epoch: 24, iter:     150, lr:(9.995e-04,9.995e-05,)] [eta: 3:56:54, time (data): 0.905 (0.010)] l0: 8.3787e-02 l1: 6.4989e-02 l2: 6.1550e-02 l3: 7.2643e-02 l4: 9.1049e-02 l3_ssim: 5.2301e-01 l4_ssim: 6.1058e-01 
2025-04-03 21:02:41,649 INFO: [RAIN2..][epoch: 33, iter:     200, lr:(9.990e-04,9.990e-05,)] [eta: 3:54:34, time (data): 0.920 (0.014)] l0: 5.7054e-02 l1: 6.1000e-02 l2: 5.6328e-02 l3: 6.6378e-02 l4: 8.3544e-02 l3_ssim: 5.0280e-01 l4_ssim: 5.9178e-01 
2025-04-03 21:02:48,457 INFO: Validation RAIN200H,     # psnr: 15.6416
2025-04-03 21:03:57,004 INFO: [RAIN2..][epoch: 41, iter:     250, lr:(9.985e-04,9.985e-05,)] [eta: 3:55:40, time (data): 0.910 (0.014)] l0: 4.0033e-02 l1: 5.9716e-02 l2: 5.6556e-02 l3: 6.5850e-02 l4: 8.1956e-02 l3_ssim: 5.0588e-01 l4_ssim: 5.9157e-01 
2025-04-03 21:05:04,927 INFO: [RAIN2..][epoch: 49, iter:     300, lr:(9.978e-04,9.978e-05,)] [eta: 3:51:59, time (data): 0.941 (0.011)] l0: 3.9164e-02 l1: 5.8928e-02 l2: 5.6883e-02 l3: 6.6124e-02 l4: 7.8952e-02 l3_ssim: 4.9895e-01 l4_ssim: 5.7779e-01 
2025-04-03 21:05:11,721 INFO: Validation RAIN200H,     # psnr: 16.7391
2025-04-03 21:06:22,904 INFO: [RAIN2..][epoch: 58, iter:     350, lr:(9.970e-04,9.970e-05,)] [eta: 3:53:38, time (data): 0.901 (0.010)] l0: 3.9137e-02 l1: 5.6210e-02 l2: 5.6173e-02 l3: 6.5225e-02 l4: 7.5521e-02 l3_ssim: 5.1699e-01 l4_ssim: 5.9352e-01 
2025-04-03 21:07:30,891 INFO: [RAIN2..][epoch: 66, iter:     400, lr:(9.961e-04,9.961e-05,)] [eta: 3:50:34, time (data): 0.954 (0.011)] l0: 3.8322e-02 l1: 5.2809e-02 l2: 5.6356e-02 l3: 6.4961e-02 l4: 7.3946e-02 l3_ssim: 5.0754e-01 l4_ssim: 5.8957e-01 
2025-04-03 21:07:38,346 INFO: Validation RAIN200H,     # psnr: 17.4926
2025-04-03 21:08:46,742 INFO: [RAIN2..][epoch: 74, iter:     450, lr:(9.950e-04,9.950e-05,)] [eta: 3:50:42, time (data): 0.909 (0.011)] l0: 3.7863e-02 l1: 5.0700e-02 l2: 5.4964e-02 l3: 6.4440e-02 l4: 7.1000e-02 l3_ssim: 5.0613e-01 l4_ssim: 5.9424e-01 
2025-04-03 21:09:57,630 INFO: [RAIN2..][epoch: 83, iter:     500, lr:(9.939e-04,9.939e-05,)] [eta: 3:49:00, time (data): 0.948 (0.011)] l0: 3.5165e-02 l1: 4.7676e-02 l2: 5.3487e-02 l3: 6.2149e-02 l4: 7.0590e-02 l3_ssim: 5.0861e-01 l4_ssim: 5.8818e-01 
2025-04-03 21:09:57,630 INFO: Saving models and training states.
2025-04-03 21:10:04,574 INFO: Validation RAIN200H,     # psnr: 17.3000
2025-04-03 21:11:12,606 INFO: [RAIN2..][epoch: 91, iter:     550, lr:(9.926e-04,9.926e-05,)] [eta: 3:48:33, time (data): 0.897 (0.014)] l0: 3.9305e-02 l1: 5.0793e-02 l2: 5.6626e-02 l3: 6.5618e-02 l4: 6.9684e-02 l3_ssim: 4.9370e-01 l4_ssim: 5.7203e-01 
2025-04-03 21:12:20,276 INFO: [RAIN2..][epoch: 99, iter:     600, lr:(9.912e-04,9.912e-05,)] [eta: 3:46:04, time (data): 0.909 (0.011)] l0: 3.8465e-02 l1: 4.9483e-02 l2: 5.6648e-02 l3: 6.5499e-02 l4: 7.1232e-02 l3_ssim: 5.1116e-01 l4_ssim: 5.9546e-01 
2025-04-03 21:12:26,830 INFO: Validation RAIN200H,     # psnr: 18.3635
2025-04-03 21:13:38,146 INFO: [RAIN2..][epoch:108, iter:     650, lr:(9.896e-04,9.897e-05,)] [eta: 3:46:14, time (data): 0.925 (0.014)] l0: 3.8692e-02 l1: 4.8226e-02 l2: 5.5760e-02 l3: 6.3301e-02 l4: 6.9174e-02 l3_ssim: 4.9486e-01 l4_ssim: 5.7386e-01 
2025-04-03 21:14:46,007 INFO: [RAIN2..][epoch:116, iter:     700, lr:(9.880e-04,9.880e-05,)] [eta: 3:43:58, time (data): 0.911 (0.011)] l0: 3.8352e-02 l1: 4.9209e-02 l2: 5.7028e-02 l3: 6.5052e-02 l4: 6.9769e-02 l3_ssim: 4.9458e-01 l4_ssim: 5.7643e-01 
2025-04-03 21:14:53,080 INFO: Validation RAIN200H,     # psnr: 17.5561
2025-04-03 21:16:01,180 INFO: [RAIN2..][epoch:124, iter:     750, lr:(9.862e-04,9.862e-05,)] [eta: 3:43:22, time (data): 0.913 (0.011)] l0: 3.8283e-02 l1: 4.8383e-02 l2: 5.7147e-02 l3: 6.4796e-02 l4: 6.6858e-02 l3_ssim: 5.2534e-01 l4_ssim: 5.8042e-01 
2025-04-03 21:17:12,024 INFO: [RAIN2..][epoch:133, iter:     800, lr:(9.843e-04,9.843e-05,)] [eta: 3:41:51, time (data): 0.913 (0.011)] l0: 3.6201e-02 l1: 4.6022e-02 l2: 5.4725e-02 l3: 6.2067e-02 l4: 6.3277e-02 l3_ssim: 4.9259e-01 l4_ssim: 5.3516e-01 
2025-04-03 21:17:19,729 INFO: Validation RAIN200H,     # psnr: 18.8191
2025-04-03 21:18:27,382 INFO: [RAIN2..][epoch:141, iter:     850, lr:(9.823e-04,9.823e-05,)] [eta: 3:41:11, time (data): 0.911 (0.012)] l0: 3.8111e-02 l1: 4.7466e-02 l2: 5.5835e-02 l3: 6.3800e-02 l4: 6.6727e-02 l3_ssim: 4.8428e-01 l4_ssim: 5.2943e-01 
2025-04-03 21:19:35,432 INFO: [RAIN2..][epoch:149, iter:     900, lr:(9.802e-04,9.802e-05,)] [eta: 3:39:13, time (data): 0.910 (0.012)] l0: 3.9422e-02 l1: 4.8880e-02 l2: 5.8209e-02 l3: 6.5776e-02 l4: 6.6840e-02 l3_ssim: 4.9715e-01 l4_ssim: 5.2198e-01 
2025-04-03 21:19:42,422 INFO: Validation RAIN200H,     # psnr: 19.6792
2025-04-03 21:20:52,497 INFO: [RAIN2..][epoch:158, iter:     950, lr:(9.779e-04,9.780e-05,)] [eta: 3:38:46, time (data): 0.928 (0.010)] l0: 3.7006e-02 l1: 4.5792e-02 l2: 5.5488e-02 l3: 6.2165e-02 l4: 6.2940e-02 l3_ssim: 4.7492e-01 l4_ssim: 5.0501e-01 
2025-04-03 21:22:00,356 INFO: [RAIN2..][epoch:166, iter:   1,000, lr:(9.756e-04,9.756e-05,)] [eta: 3:36:52, time (data): 0.895 (0.013)] l0: 3.9062e-02 l1: 4.7499e-02 l2: 5.7311e-02 l3: 6.4801e-02 l4: 6.1842e-02 l3_ssim: 5.0350e-01 l4_ssim: 5.1662e-01 
2025-04-03 21:22:00,357 INFO: Saving models and training states.
2025-04-03 21:22:08,230 INFO: Validation RAIN200H,     # psnr: 19.2484
2025-04-03 21:23:16,416 INFO: [RAIN2..][epoch:174, iter:   1,050, lr:(9.731e-04,9.731e-05,)] [eta: 3:36:11, time (data): 0.916 (0.013)] l0: 3.6704e-02 l1: 4.6289e-02 l2: 5.6771e-02 l3: 6.3912e-02 l4: 6.5801e-02 l3_ssim: 5.1123e-01 l4_ssim: 5.0043e-01 
2025-04-03 21:24:27,265 INFO: [RAIN2..][epoch:183, iter:   1,100, lr:(9.705e-04,9.705e-05,)] [eta: 3:34:46, time (data): 0.939 (0.013)] l0: 3.6402e-02 l1: 4.4685e-02 l2: 5.4369e-02 l3: 6.1582e-02 l4: 6.0449e-02 l3_ssim: 4.7482e-01 l4_ssim: 4.7267e-01 
2025-04-03 21:24:34,166 INFO: Validation RAIN200H,     # psnr: 19.6250
2025-04-03 21:25:41,907 INFO: [RAIN2..][epoch:191, iter:   1,150, lr:(9.678e-04,9.678e-05,)] [eta: 3:33:51, time (data): 0.893 (0.010)] l0: 3.6707e-02 l1: 4.5383e-02 l2: 5.4812e-02 l3: 6.3402e-02 l4: 6.1274e-02 l3_ssim: 4.9932e-01 l4_ssim: 5.0758e-01 
2025-04-03 21:26:49,740 INFO: [RAIN2..][epoch:199, iter:   1,200, lr:(9.649e-04,9.650e-05,)] [eta: 3:32:04, time (data): 0.901 (0.010)] l0: 4.2126e-02 l1: 4.9871e-02 l2: 5.9141e-02 l3: 6.6945e-02 l4: 6.3288e-02 l3_ssim: 5.0999e-01 l4_ssim: 4.9214e-01 
2025-04-03 21:26:56,720 INFO: Validation RAIN200H,     # psnr: 20.3104
2025-04-03 21:28:07,586 INFO: [RAIN2..][epoch:208, iter:   1,250, lr:(9.620e-04,9.620e-05,)] [eta: 3:31:30, time (data): 0.934 (0.017)] l0: 3.5974e-02 l1: 4.4178e-02 l2: 5.3461e-02 l3: 6.0789e-02 l4: 6.1623e-02 l3_ssim: 4.7588e-01 l4_ssim: 4.7451e-01 
2025-04-03 21:29:15,485 INFO: [RAIN2..][epoch:216, iter:   1,300, lr:(9.589e-04,9.590e-05,)] [eta: 3:29:47, time (data): 0.955 (0.012)] l0: 3.4622e-02 l1: 4.2330e-02 l2: 5.2867e-02 l3: 6.0248e-02 l4: 5.9958e-02 l3_ssim: 4.8004e-01 l4_ssim: 4.7528e-01 
2025-04-03 21:29:22,234 INFO: Validation RAIN200H,     # psnr: 20.1101
2025-04-03 21:30:30,193 INFO: [RAIN2..][epoch:224, iter:   1,350, lr:(9.558e-04,9.558e-05,)] [eta: 3:28:50, time (data): 0.899 (0.011)] l0: 3.9642e-02 l1: 4.6674e-02 l2: 5.5822e-02 l3: 6.2641e-02 l4: 5.6772e-02 l3_ssim: 4.9627e-01 l4_ssim: 4.5497e-01 
2025-04-03 21:31:40,826 INFO: [RAIN2..][epoch:233, iter:   1,400, lr:(9.525e-04,9.525e-05,)] [eta: 3:27:26, time (data): 0.924 (0.013)] l0: 3.6687e-02 l1: 4.3471e-02 l2: 5.3327e-02 l3: 6.1069e-02 l4: 5.5770e-02 l3_ssim: 4.9885e-01 l4_ssim: 4.5457e-01 
2025-04-03 21:31:48,418 INFO: Validation RAIN200H,     # psnr: 20.8124
2025-04-03 21:32:56,589 INFO: [RAIN2..][epoch:241, iter:   1,450, lr:(9.491e-04,9.491e-05,)] [eta: 3:26:34, time (data): 1.013 (0.010)] l0: 3.8211e-02 l1: 4.5059e-02 l2: 5.4527e-02 l3: 6.1174e-02 l4: 5.7123e-02 l3_ssim: 4.9046e-01 l4_ssim: 4.6008e-01 
2025-04-03 21:34:04,784 INFO: [RAIN2..][epoch:249, iter:   1,500, lr:(9.456e-04,9.456e-05,)] [eta: 3:24:57, time (data): 0.910 (0.012)] l0: 3.9137e-02 l1: 4.5885e-02 l2: 5.4792e-02 l3: 6.1107e-02 l4: 5.5736e-02 l3_ssim: 4.9895e-01 l4_ssim: 4.4522e-01 
2025-04-03 21:34:04,785 INFO: Saving models and training states.
2025-04-03 21:34:12,077 INFO: Validation RAIN200H,     # psnr: 19.7952
2025-04-03 21:35:23,243 INFO: [RAIN2..][epoch:258, iter:   1,550, lr:(9.420e-04,9.420e-05,)] [eta: 3:24:18, time (data): 0.932 (0.011)] l0: 3.6401e-02 l1: 4.3654e-02 l2: 5.2221e-02 l3: 5.8831e-02 l4: 5.1735e-02 l3_ssim: 4.9252e-01 l4_ssim: 4.1565e-01 
2025-04-03 21:36:31,403 INFO: [RAIN2..][epoch:266, iter:   1,600, lr:(9.382e-04,9.383e-05,)] [eta: 3:22:42, time (data): 0.899 (0.011)] l0: 3.6954e-02 l1: 4.4280e-02 l2: 5.3120e-02 l3: 6.0065e-02 l4: 5.2020e-02 l3_ssim: 4.8935e-01 l4_ssim: 4.1142e-01 
2025-04-03 21:36:38,813 INFO: Validation RAIN200H,     # psnr: 19.2560
2025-04-03 21:37:46,315 INFO: [RAIN2..][epoch:274, iter:   1,650, lr:(9.344e-04,9.345e-05,)] [eta: 3:21:43, time (data): 0.901 (0.012)] l0: 3.7996e-02 l1: 4.4324e-02 l2: 5.3004e-02 l3: 5.8955e-02 l4: 5.2050e-02 l3_ssim: 4.9297e-01 l4_ssim: 3.9844e-01 
2025-04-03 21:38:57,177 INFO: [RAIN2..][epoch:283, iter:   1,700, lr:(9.305e-04,9.305e-05,)] [eta: 3:20:22, time (data): 0.919 (0.014)] l0: 3.8974e-02 l1: 4.5784e-02 l2: 5.3590e-02 l3: 5.9829e-02 l4: 5.2313e-02 l3_ssim: 4.7255e-01 l4_ssim: 3.8917e-01 
2025-04-03 21:39:04,153 INFO: Validation RAIN200H,     # psnr: 21.2938
2025-04-03 21:40:11,803 INFO: [RAIN2..][epoch:291, iter:   1,750, lr:(9.264e-04,9.265e-05,)] [eta: 3:19:20, time (data): 0.910 (0.010)] l0: 3.9396e-02 l1: 4.5860e-02 l2: 5.3379e-02 l3: 5.9176e-02 l4: 5.0683e-02 l3_ssim: 4.9851e-01 l4_ssim: 3.9992e-01 
2025-04-03 21:41:20,109 INFO: [RAIN2..][epoch:299, iter:   1,800, lr:(9.223e-04,9.223e-05,)] [eta: 3:17:49, time (data): 0.915 (0.012)] l0: 3.6858e-02 l1: 4.3944e-02 l2: 5.1848e-02 l3: 5.8232e-02 l4: 4.9233e-02 l3_ssim: 4.8358e-01 l4_ssim: 3.7921e-01 
2025-04-03 21:41:26,954 INFO: Validation RAIN200H,     # psnr: 20.2818
2025-04-03 21:42:37,569 INFO: [RAIN2..][epoch:308, iter:   1,850, lr:(9.180e-04,9.181e-05,)] [eta: 3:16:59, time (data): 0.943 (0.013)] l0: 3.8143e-02 l1: 4.4441e-02 l2: 5.2088e-02 l3: 5.8146e-02 l4: 4.7174e-02 l3_ssim: 4.8582e-01 l4_ssim: 3.8839e-01 
2025-04-03 21:43:45,302 INFO: [RAIN2..][epoch:316, iter:   1,900, lr:(9.136e-04,9.137e-05,)] [eta: 3:15:26, time (data): 0.917 (0.012)] l0: 3.6830e-02 l1: 4.2815e-02 l2: 5.1464e-02 l3: 5.7727e-02 l4: 5.0058e-02 l3_ssim: 5.0041e-01 l4_ssim: 3.9854e-01 
2025-04-03 21:43:52,194 INFO: Validation RAIN200H,     # psnr: 20.7927
2025-04-03 21:45:00,440 INFO: [RAIN2..][epoch:324, iter:   1,950, lr:(9.092e-04,9.093e-05,)] [eta: 3:14:25, time (data): 0.907 (0.011)] l0: 3.9659e-02 l1: 4.5506e-02 l2: 5.2622e-02 l3: 5.9111e-02 l4: 4.8650e-02 l3_ssim: 4.7805e-01 l4_ssim: 3.7311e-01 
2025-04-03 21:46:11,069 INFO: [RAIN2..][epoch:333, iter:   2,000, lr:(9.046e-04,9.047e-05,)] [eta: 3:13:05, time (data): 0.914 (0.014)] l0: 3.7454e-02 l1: 4.3721e-02 l2: 5.1667e-02 l3: 5.8084e-02 l4: 4.7303e-02 l3_ssim: 4.8269e-01 l4_ssim: 3.8090e-01 
2025-04-03 21:46:11,070 INFO: Saving models and training states.
2025-04-03 21:46:17,446 INFO: Validation RAIN200H,     # psnr: 20.2345
2025-04-03 21:47:25,916 INFO: [RAIN2..][epoch:341, iter:   2,050, lr:(8.999e-04,9.000e-05,)] [eta: 3:12:02, time (data): 0.908 (0.012)] l0: 3.7751e-02 l1: 4.3793e-02 l2: 5.0875e-02 l3: 5.7335e-02 l4: 4.6125e-02 l3_ssim: 4.9190e-01 l4_ssim: 3.8157e-01 
2025-04-03 21:48:33,795 INFO: [RAIN2..][epoch:349, iter:   2,100, lr:(8.952e-04,8.953e-05,)] [eta: 3:10:32, time (data): 0.907 (0.010)] l0: 3.7432e-02 l1: 4.4082e-02 l2: 5.1156e-02 l3: 5.8040e-02 l4: 4.6392e-02 l3_ssim: 4.7896e-01 l4_ssim: 3.5968e-01 
2025-04-03 21:48:40,028 INFO: Validation RAIN200H,     # psnr: 20.5314
2025-04-03 21:49:50,629 INFO: [RAIN2..][epoch:358, iter:   2,150, lr:(8.903e-04,8.904e-05,)] [eta: 3:09:36, time (data): 0.906 (0.011)] l0: 3.8964e-02 l1: 4.4384e-02 l2: 5.1324e-02 l3: 5.7789e-02 l4: 4.5478e-02 l3_ssim: 5.0416e-01 l4_ssim: 3.6941e-01 
2025-04-03 21:50:58,745 INFO: [RAIN2..][epoch:366, iter:   2,200, lr:(8.854e-04,8.855e-05,)] [eta: 3:08:08, time (data): 0.911 (0.011)] l0: 3.4804e-02 l1: 4.1693e-02 l2: 4.8915e-02 l3: 5.6471e-02 l4: 4.5600e-02 l3_ssim: 4.8436e-01 l4_ssim: 3.5442e-01 
2025-04-03 21:51:04,994 INFO: Validation RAIN200H,     # psnr: 21.0463
2025-04-03 21:52:13,095 INFO: [RAIN2..][epoch:374, iter:   2,250, lr:(8.803e-04,8.804e-05,)] [eta: 3:07:02, time (data): 0.914 (0.011)] l0: 4.0045e-02 l1: 4.6305e-02 l2: 5.3409e-02 l3: 6.0457e-02 l4: 4.4679e-02 l3_ssim: 4.8393e-01 l4_ssim: 3.5726e-01 
2025-04-03 21:53:23,550 INFO: [RAIN2..][epoch:383, iter:   2,300, lr:(8.752e-04,8.753e-05,)] [eta: 3:05:43, time (data): 0.910 (0.010)] l0: 3.6320e-02 l1: 4.1717e-02 l2: 4.9017e-02 l3: 5.5738e-02 l4: 4.3601e-02 l3_ssim: 4.8646e-01 l4_ssim: 3.4766e-01 
2025-04-03 21:53:30,194 INFO: Validation RAIN200H,     # psnr: 21.7391
2025-04-03 21:54:37,440 INFO: [RAIN2..][epoch:391, iter:   2,350, lr:(8.699e-04,8.701e-05,)] [eta: 3:04:36, time (data): 0.929 (0.011)] l0: 3.6232e-02 l1: 4.1232e-02 l2: 4.9147e-02 l3: 5.5615e-02 l4: 4.4251e-02 l3_ssim: 4.7727e-01 l4_ssim: 3.4939e-01 
2025-04-03 21:55:44,965 INFO: [RAIN2..][epoch:399, iter:   2,400, lr:(8.646e-04,8.647e-05,)] [eta: 3:03:08, time (data): 0.904 (0.012)] l0: 3.8083e-02 l1: 4.3531e-02 l2: 5.1920e-02 l3: 5.8756e-02 l4: 4.7394e-02 l3_ssim: 5.0262e-01 l4_ssim: 3.6145e-01 
2025-04-03 21:55:51,713 INFO: Validation RAIN200H,     # psnr: 19.8000
2025-04-03 21:57:01,735 INFO: [RAIN2..][epoch:408, iter:   2,450, lr:(8.592e-04,8.593e-05,)] [eta: 3:02:10, time (data): 0.899 (0.012)] l0: 3.8487e-02 l1: 4.3697e-02 l2: 5.1788e-02 l3: 5.7899e-02 l4: 4.3492e-02 l3_ssim: 4.8944e-01 l4_ssim: 3.3639e-01 
2025-04-03 21:58:09,521 INFO: [RAIN2..][epoch:416, iter:   2,500, lr:(8.537e-04,8.538e-05,)] [eta: 3:00:43, time (data): 0.914 (0.013)] l0: 3.8475e-02 l1: 4.4631e-02 l2: 5.1013e-02 l3: 5.7973e-02 l4: 4.5879e-02 l3_ssim: 4.7196e-01 l4_ssim: 3.6612e-01 
2025-04-03 21:58:09,522 INFO: Saving models and training states.
2025-04-03 21:58:15,908 INFO: Validation RAIN200H,     # psnr: 21.9411
2025-04-03 21:59:24,137 INFO: [RAIN2..][epoch:424, iter:   2,550, lr:(8.481e-04,8.482e-05,)] [eta: 2:59:38, time (data): 0.916 (0.013)] l0: 3.8028e-02 l1: 4.3939e-02 l2: 5.0653e-02 l3: 5.7796e-02 l4: 4.4862e-02 l3_ssim: 4.8337e-01 l4_ssim: 3.3762e-01 
2025-04-03 22:00:35,268 INFO: [RAIN2..][epoch:433, iter:   2,600, lr:(8.424e-04,8.425e-05,)] [eta: 2:58:22, time (data): 0.940 (0.014)] l0: 3.7429e-02 l1: 4.3086e-02 l2: 5.1228e-02 l3: 5.7974e-02 l4: 4.4968e-02 l3_ssim: 4.8229e-01 l4_ssim: 3.5990e-01 
2025-04-03 22:00:43,704 INFO: Validation RAIN200H,     # psnr: 21.8122
2025-04-03 22:01:51,325 INFO: [RAIN2..][epoch:441, iter:   2,650, lr:(8.366e-04,8.368e-05,)] [eta: 2:57:20, time (data): 0.899 (0.011)] l0: 4.0436e-02 l1: 4.5748e-02 l2: 5.3184e-02 l3: 5.9642e-02 l4: 4.2682e-02 l3_ssim: 4.8352e-01 l4_ssim: 3.3938e-01 
2025-04-03 22:02:58,667 INFO: [RAIN2..][epoch:449, iter:   2,700, lr:(8.308e-04,8.309e-05,)] [eta: 2:55:54, time (data): 0.897 (0.011)] l0: 3.8158e-02 l1: 4.3618e-02 l2: 5.1036e-02 l3: 5.7836e-02 l4: 4.4378e-02 l3_ssim: 4.7824e-01 l4_ssim: 3.4901e-01 
2025-04-03 22:03:05,004 INFO: Validation RAIN200H,     # psnr: 21.0515
2025-04-03 22:04:16,127 INFO: [RAIN2..][epoch:458, iter:   2,750, lr:(8.249e-04,8.250e-05,)] [eta: 2:54:55, time (data): 0.898 (0.012)] l0: 3.8208e-02 l1: 4.4155e-02 l2: 5.1813e-02 l3: 5.9287e-02 l4: 4.4257e-02 l3_ssim: 4.8929e-01 l4_ssim: 3.4520e-01 
2025-04-03 22:05:23,953 INFO: [RAIN2..][epoch:466, iter:   2,800, lr:(8.189e-04,8.190e-05,)] [eta: 2:53:31, time (data): 0.897 (0.012)] l0: 3.5939e-02 l1: 4.1316e-02 l2: 4.9116e-02 l3: 5.6650e-02 l4: 4.4029e-02 l3_ssim: 4.8427e-01 l4_ssim: 3.5560e-01 
2025-04-03 22:05:30,310 INFO: Validation RAIN200H,     # psnr: 20.9043
2025-04-03 22:06:38,101 INFO: [RAIN2..][epoch:474, iter:   2,850, lr:(8.128e-04,8.129e-05,)] [eta: 2:52:24, time (data): 0.912 (0.013)] l0: 4.1036e-02 l1: 4.6533e-02 l2: 5.3886e-02 l3: 6.1290e-02 l4: 4.3720e-02 l3_ssim: 5.1620e-01 l4_ssim: 3.5621e-01 
2025-04-03 22:07:48,141 INFO: [RAIN2..][epoch:483, iter:   2,900, lr:(8.066e-04,8.068e-05,)] [eta: 2:51:06, time (data): 0.899 (0.011)] l0: 3.8498e-02 l1: 4.5228e-02 l2: 5.2333e-02 l3: 6.0690e-02 l4: 4.3599e-02 l3_ssim: 5.1547e-01 l4_ssim: 3.6396e-01 
2025-04-03 22:07:54,957 INFO: Validation RAIN200H,     # psnr: 21.7283
2025-04-03 22:09:02,799 INFO: [RAIN2..][epoch:491, iter:   2,950, lr:(8.004e-04,8.005e-05,)] [eta: 2:49:59, time (data): 0.902 (0.014)] l0: 3.7296e-02 l1: 4.3229e-02 l2: 5.0564e-02 l3: 5.7841e-02 l4: 4.3781e-02 l3_ssim: 4.9364e-01 l4_ssim: 3.4013e-01 
2025-04-03 22:10:10,048 INFO: [RAIN2..][epoch:499, iter:   3,000, lr:(7.940e-04,7.942e-05,)] [eta: 2:48:35, time (data): 0.893 (0.011)] l0: 3.6439e-02 l1: 4.1994e-02 l2: 4.9639e-02 l3: 5.6729e-02 l4: 4.3260e-02 l3_ssim: 4.7997e-01 l4_ssim: 3.3670e-01 
2025-04-03 22:10:10,048 INFO: Saving models and training states.
2025-04-03 22:10:16,225 INFO: Validation RAIN200H,     # psnr: 21.7660
2025-04-03 22:11:27,049 INFO: [RAIN2..][epoch:508, iter:   3,050, lr:(7.877e-04,7.878e-05,)] [eta: 2:47:33, time (data): 0.896 (0.012)] l0: 3.6508e-02 l1: 4.2295e-02 l2: 4.9745e-02 l3: 5.6763e-02 l4: 4.2915e-02 l3_ssim: 4.8670e-01 l4_ssim: 3.4369e-01 
2025-04-03 22:12:34,960 INFO: [RAIN2..][epoch:516, iter:   3,100, lr:(7.812e-04,7.814e-05,)] [eta: 2:46:11, time (data): 0.898 (0.013)] l0: 3.9170e-02 l1: 4.3897e-02 l2: 5.1214e-02 l3: 5.8190e-02 l4: 4.3584e-02 l3_ssim: 4.8836e-01 l4_ssim: 3.4419e-01 
2025-04-03 22:12:41,391 INFO: Validation RAIN200H,     # psnr: 21.0378
2025-04-03 22:13:48,940 INFO: [RAIN2..][epoch:524, iter:   3,150, lr:(7.747e-04,7.749e-05,)] [eta: 2:45:02, time (data): 0.896 (0.012)] l0: 3.4627e-02 l1: 3.9991e-02 l2: 4.7610e-02 l3: 5.4792e-02 l4: 4.2486e-02 l3_ssim: 4.8000e-01 l4_ssim: 3.5551e-01 
2025-04-03 22:14:59,311 INFO: [RAIN2..][epoch:533, iter:   3,200, lr:(7.681e-04,7.683e-05,)] [eta: 2:43:46, time (data): 0.940 (0.014)] l0: 3.6907e-02 l1: 4.1720e-02 l2: 4.9135e-02 l3: 5.4654e-02 l4: 4.1995e-02 l3_ssim: 4.6407e-01 l4_ssim: 3.4378e-01 
2025-04-03 22:15:05,887 INFO: Validation RAIN200H,     # psnr: 21.1367
2025-04-03 22:16:13,310 INFO: [RAIN2..][epoch:541, iter:   3,250, lr:(7.614e-04,7.616e-05,)] [eta: 2:42:37, time (data): 0.892 (0.011)] l0: 3.8207e-02 l1: 4.3510e-02 l2: 5.0250e-02 l3: 5.5139e-02 l4: 4.3884e-02 l3_ssim: 4.5283e-01 l4_ssim: 3.4899e-01 
2025-04-03 22:17:20,410 INFO: [RAIN2..][epoch:549, iter:   3,300, lr:(7.547e-04,7.549e-05,)] [eta: 2:41:15, time (data): 0.891 (0.010)] l0: 3.5694e-02 l1: 4.0957e-02 l2: 4.6933e-02 l3: 5.1333e-02 l4: 3.9724e-02 l3_ssim: 4.3631e-01 l4_ssim: 3.2002e-01 
2025-04-03 22:17:27,322 INFO: Validation RAIN200H,     # psnr: 22.0010
2025-04-03 22:18:38,021 INFO: [RAIN2..][epoch:558, iter:   3,350, lr:(7.479e-04,7.481e-05,)] [eta: 2:40:13, time (data): 0.898 (0.010)] l0: 3.6309e-02 l1: 4.2264e-02 l2: 4.9298e-02 l3: 5.2106e-02 l4: 4.0607e-02 l3_ssim: 4.2713e-01 l4_ssim: 3.3571e-01 
2025-04-03 22:19:45,301 INFO: [RAIN2..][epoch:566, iter:   3,400, lr:(7.410e-04,7.413e-05,)] [eta: 2:38:51, time (data): 0.891 (0.011)] l0: 3.4276e-02 l1: 4.0367e-02 l2: 4.6436e-02 l3: 5.0941e-02 l4: 4.1447e-02 l3_ssim: 4.1815e-01 l4_ssim: 3.3862e-01 
2025-04-03 22:19:51,798 INFO: Validation RAIN200H,     # psnr: 21.6490
2025-04-03 22:20:58,981 INFO: [RAIN2..][epoch:574, iter:   3,450, lr:(7.341e-04,7.344e-05,)] [eta: 2:37:42, time (data): 0.892 (0.011)] l0: 3.9737e-02 l1: 4.4988e-02 l2: 5.0151e-02 l3: 5.2384e-02 l4: 4.2532e-02 l3_ssim: 4.1444e-01 l4_ssim: 3.2753e-01 
2025-04-03 22:22:08,997 INFO: [RAIN2..][epoch:583, iter:   3,500, lr:(7.272e-04,7.274e-05,)] [eta: 2:36:25, time (data): 0.937 (0.012)] l0: 3.7593e-02 l1: 4.3347e-02 l2: 4.9258e-02 l3: 5.0685e-02 l4: 4.1638e-02 l3_ssim: 4.1124e-01 l4_ssim: 3.4503e-01 
2025-04-03 22:22:08,997 INFO: Saving models and training states.
2025-04-03 22:22:15,397 INFO: Validation RAIN200H,     # psnr: 20.5416
2025-04-03 22:23:22,726 INFO: [RAIN2..][epoch:591, iter:   3,550, lr:(7.201e-04,7.204e-05,)] [eta: 2:35:16, time (data): 0.898 (0.010)] l0: 3.8667e-02 l1: 4.2965e-02 l2: 4.8608e-02 l3: 4.9946e-02 l4: 4.1229e-02 l3_ssim: 4.0722e-01 l4_ssim: 3.2750e-01 
2025-04-03 22:24:30,448 INFO: [RAIN2..][epoch:599, iter:   3,600, lr:(7.131e-04,7.133e-05,)] [eta: 2:33:55, time (data): 0.899 (0.012)] l0: 3.9489e-02 l1: 4.4011e-02 l2: 4.9954e-02 l3: 5.0618e-02 l4: 4.3639e-02 l3_ssim: 3.9880e-01 l4_ssim: 3.3716e-01 
2025-04-03 22:24:37,203 INFO: Validation RAIN200H,     # psnr: 21.5549
2025-04-03 22:25:46,989 INFO: [RAIN2..][epoch:608, iter:   3,650, lr:(7.059e-04,7.062e-05,)] [eta: 2:32:51, time (data): 0.914 (0.013)] l0: 3.7707e-02 l1: 4.2628e-02 l2: 4.8342e-02 l3: 5.0445e-02 l4: 4.1520e-02 l3_ssim: 4.1467e-01 l4_ssim: 3.3697e-01 
2025-04-03 22:26:55,344 INFO: [RAIN2..][epoch:616, iter:   3,700, lr:(6.987e-04,6.990e-05,)] [eta: 2:31:32, time (data): 0.893 (0.012)] l0: 3.7746e-02 l1: 4.3228e-02 l2: 4.9296e-02 l3: 4.8267e-02 l4: 4.2659e-02 l3_ssim: 3.8948e-01 l4_ssim: 3.3688e-01 
2025-04-03 22:27:01,568 INFO: Validation RAIN200H,     # psnr: 21.5389
2025-04-03 22:28:08,876 INFO: [RAIN2..][epoch:624, iter:   3,750, lr:(6.915e-04,6.918e-05,)] [eta: 2:30:22, time (data): 0.894 (0.012)] l0: 3.8534e-02 l1: 4.3099e-02 l2: 4.8234e-02 l3: 4.8713e-02 l4: 4.3897e-02 l3_ssim: 4.0816e-01 l4_ssim: 3.3424e-01 
2025-04-03 22:29:18,762 INFO: [RAIN2..][epoch:633, iter:   3,800, lr:(6.842e-04,6.845e-05,)] [eta: 2:29:06, time (data): 0.916 (0.014)] l0: 3.8921e-02 l1: 4.4354e-02 l2: 4.9756e-02 l3: 5.0182e-02 l4: 4.4610e-02 l3_ssim: 4.0347e-01 l4_ssim: 3.3847e-01 
2025-04-03 22:29:25,442 INFO: Validation RAIN200H,     # psnr: 21.5722
2025-04-03 22:30:32,478 INFO: [RAIN2..][epoch:641, iter:   3,850, lr:(6.769e-04,6.772e-05,)] [eta: 2:27:57, time (data): 0.899 (0.014)] l0: 3.6005e-02 l1: 4.1082e-02 l2: 4.6635e-02 l3: 4.7557e-02 l4: 4.1523e-02 l3_ssim: 3.8220e-01 l4_ssim: 3.2814e-01 
2025-04-03 22:31:39,529 INFO: [RAIN2..][epoch:649, iter:   3,900, lr:(6.695e-04,6.698e-05,)] [eta: 2:26:36, time (data): 0.893 (0.010)] l0: 3.7489e-02 l1: 4.2791e-02 l2: 4.8186e-02 l3: 4.8145e-02 l4: 4.0034e-02 l3_ssim: 4.1009e-01 l4_ssim: 3.3905e-01 
2025-04-03 22:31:46,324 INFO: Validation RAIN200H,     # psnr: 20.7218
2025-04-03 22:32:56,466 INFO: [RAIN2..][epoch:658, iter:   3,950, lr:(6.621e-04,6.624e-05,)] [eta: 2:25:32, time (data): 0.931 (0.011)] l0: 3.6609e-02 l1: 4.1268e-02 l2: 4.7288e-02 l3: 4.5918e-02 l4: 4.2298e-02 l3_ssim: 3.9975e-01 l4_ssim: 3.2963e-01 
2025-04-03 22:34:03,933 INFO: [RAIN2..][epoch:666, iter:   4,000, lr:(6.547e-04,6.550e-05,)] [eta: 2:24:12, time (data): 0.911 (0.012)] l0: 3.8015e-02 l1: 4.3159e-02 l2: 4.8832e-02 l3: 4.7415e-02 l4: 4.0824e-02 l3_ssim: 3.8754e-01 l4_ssim: 3.3482e-01 
2025-04-03 22:34:03,934 INFO: Saving models and training states.
2025-04-03 22:34:10,600 INFO: Validation RAIN200H,     # psnr: 21.5097
2025-04-03 22:35:19,292 INFO: [RAIN2..][epoch:674, iter:   4,050, lr:(6.472e-04,6.475e-05,)] [eta: 2:23:05, time (data): 0.897 (0.012)] l0: 3.7709e-02 l1: 4.3258e-02 l2: 4.7753e-02 l3: 4.7303e-02 l4: 4.0595e-02 l3_ssim: 3.8813e-01 l4_ssim: 3.2090e-01 
2025-04-03 22:36:28,902 INFO: [RAIN2..][epoch:683, iter:   4,100, lr:(6.397e-04,6.400e-05,)] [eta: 2:21:49, time (data): 0.892 (0.010)] l0: 3.9218e-02 l1: 4.3857e-02 l2: 4.8788e-02 l3: 4.6575e-02 l4: 4.0700e-02 l3_ssim: 3.9246e-01 l4_ssim: 3.2479e-01 
2025-04-03 22:36:35,251 INFO: Validation RAIN200H,     # psnr: 22.5694
2025-04-03 22:37:42,491 INFO: [RAIN2..][epoch:691, iter:   4,150, lr:(6.321e-04,6.325e-05,)] [eta: 2:20:39, time (data): 0.893 (0.010)] l0: 3.7122e-02 l1: 4.2139e-02 l2: 4.8613e-02 l3: 4.5460e-02 l4: 4.1373e-02 l3_ssim: 3.7707e-01 l4_ssim: 3.3108e-01 
2025-04-03 22:38:50,898 INFO: [RAIN2..][epoch:699, iter:   4,200, lr:(6.245e-04,6.249e-05,)] [eta: 2:19:22, time (data): 0.897 (0.010)] l0: 3.5357e-02 l1: 3.9584e-02 l2: 4.5164e-02 l3: 4.3723e-02 l4: 3.9435e-02 l3_ssim: 3.8404e-01 l4_ssim: 3.3293e-01 
2025-04-03 22:38:57,533 INFO: Validation RAIN200H,     # psnr: 21.5698
2025-04-03 22:40:08,027 INFO: [RAIN2..][epoch:708, iter:   4,250, lr:(6.169e-04,6.173e-05,)] [eta: 2:18:17, time (data): 0.936 (0.010)] l0: 3.7367e-02 l1: 4.1912e-02 l2: 4.7700e-02 l3: 4.4505e-02 l4: 3.9237e-02 l3_ssim: 3.7467e-01 l4_ssim: 3.1228e-01 
2025-04-03 22:41:16,499 INFO: [RAIN2..][epoch:716, iter:   4,300, lr:(6.093e-04,6.096e-05,)] [eta: 2:16:59, time (data): 0.931 (0.010)] l0: 4.0595e-02 l1: 4.4492e-02 l2: 4.8719e-02 l3: 4.5379e-02 l4: 3.9886e-02 l3_ssim: 3.7917e-01 l4_ssim: 3.3024e-01 
2025-04-03 22:41:23,891 INFO: Validation RAIN200H,     # psnr: 21.4857
2025-04-03 22:42:32,002 INFO: [RAIN2..][epoch:724, iter:   4,350, lr:(6.016e-04,6.019e-05,)] [eta: 2:15:52, time (data): 0.896 (0.014)] l0: 3.7829e-02 l1: 4.2813e-02 l2: 4.7369e-02 l3: 4.5253e-02 l4: 3.9100e-02 l3_ssim: 3.9777e-01 l4_ssim: 3.0589e-01 
2025-04-03 22:43:41,712 INFO: [RAIN2..][epoch:733, iter:   4,400, lr:(5.939e-04,5.943e-05,)] [eta: 2:14:36, time (data): 0.901 (0.011)] l0: 3.7511e-02 l1: 4.2221e-02 l2: 4.7027e-02 l3: 4.4489e-02 l4: 4.0420e-02 l3_ssim: 3.7569e-01 l4_ssim: 3.1703e-01 
2025-04-03 22:43:48,456 INFO: Validation RAIN200H,     # psnr: 22.5729
2025-04-03 22:44:56,329 INFO: [RAIN2..][epoch:741, iter:   4,450, lr:(5.862e-04,5.865e-05,)] [eta: 2:13:27, time (data): 0.953 (0.014)] l0: 3.9407e-02 l1: 4.4494e-02 l2: 4.8997e-02 l3: 4.7101e-02 l4: 4.1920e-02 l3_ssim: 3.7726e-01 l4_ssim: 3.1171e-01 
2025-04-03 22:46:04,390 INFO: [RAIN2..][epoch:749, iter:   4,500, lr:(5.784e-04,5.788e-05,)] [eta: 2:12:10, time (data): 0.935 (0.013)] l0: 3.8995e-02 l1: 4.3306e-02 l2: 4.7661e-02 l3: 4.6148e-02 l4: 3.9239e-02 l3_ssim: 3.9623e-01 l4_ssim: 3.2378e-01 
2025-04-03 22:46:04,390 INFO: Saving models and training states.
2025-04-03 22:46:12,156 INFO: Validation RAIN200H,     # psnr: 20.6866
2025-04-03 22:47:23,809 INFO: [RAIN2..][epoch:758, iter:   4,550, lr:(5.706e-04,5.710e-05,)] [eta: 2:11:07, time (data): 0.910 (0.011)] l0: 3.5908e-02 l1: 4.0689e-02 l2: 4.5955e-02 l3: 4.3246e-02 l4: 3.9117e-02 l3_ssim: 3.6284e-01 l4_ssim: 3.0530e-01 
2025-04-03 22:48:33,839 INFO: [RAIN2..][epoch:766, iter:   4,600, lr:(5.629e-04,5.633e-05,)] [eta: 2:09:52, time (data): 0.936 (0.011)] l0: 3.7455e-02 l1: 4.2782e-02 l2: 4.8396e-02 l3: 4.5248e-02 l4: 4.2928e-02 l3_ssim: 3.5905e-01 l4_ssim: 3.1524e-01 
2025-04-03 22:48:41,091 INFO: Validation RAIN200H,     # psnr: 21.3583
2025-04-03 22:49:51,338 INFO: [RAIN2..][epoch:774, iter:   4,650, lr:(5.551e-04,5.555e-05,)] [eta: 2:08:46, time (data): 0.909 (0.012)] l0: 3.7888e-02 l1: 4.1425e-02 l2: 4.5282e-02 l3: 4.3230e-02 l4: 3.9303e-02 l3_ssim: 3.7887e-01 l4_ssim: 3.1544e-01 
2025-04-03 22:51:03,457 INFO: [RAIN2..][epoch:783, iter:   4,700, lr:(5.473e-04,5.477e-05,)] [eta: 2:07:34, time (data): 0.910 (0.010)] l0: 3.7342e-02 l1: 4.1926e-02 l2: 4.6953e-02 l3: 4.4143e-02 l4: 3.9052e-02 l3_ssim: 3.6590e-01 l4_ssim: 3.0869e-01 
2025-04-03 22:51:10,263 INFO: Validation RAIN200H,     # psnr: 22.7075
2025-04-03 22:52:18,017 INFO: [RAIN2..][epoch:791, iter:   4,750, lr:(5.394e-04,5.398e-05,)] [eta: 2:06:24, time (data): 0.912 (0.011)] l0: 3.7024e-02 l1: 4.2855e-02 l2: 4.9075e-02 l3: 4.3774e-02 l4: 3.9890e-02 l3_ssim: 3.7042e-01 l4_ssim: 3.1081e-01 
2025-04-03 22:53:26,420 INFO: [RAIN2..][epoch:799, iter:   4,800, lr:(5.316e-04,5.320e-05,)] [eta: 2:05:08, time (data): 0.907 (0.010)] l0: 3.8924e-02 l1: 4.3066e-02 l2: 4.7567e-02 l3: 4.3806e-02 l4: 3.8625e-02 l3_ssim: 3.8092e-01 l4_ssim: 3.1038e-01 
2025-04-03 22:53:33,787 INFO: Validation RAIN200H,     # psnr: 20.2915
2025-04-03 22:54:44,343 INFO: [RAIN2..][epoch:808, iter:   4,850, lr:(5.238e-04,5.242e-05,)] [eta: 2:04:02, time (data): 0.912 (0.011)] l0: 3.8676e-02 l1: 4.2503e-02 l2: 4.7565e-02 l3: 4.3438e-02 l4: 3.9729e-02 l3_ssim: 3.6182e-01 l4_ssim: 3.1489e-01 
2025-04-03 22:55:52,232 INFO: [RAIN2..][epoch:816, iter:   4,900, lr:(5.159e-04,5.163e-05,)] [eta: 2:02:45, time (data): 0.899 (0.013)] l0: 3.7661e-02 l1: 4.4156e-02 l2: 4.9341e-02 l3: 4.4252e-02 l4: 3.8743e-02 l3_ssim: 3.7556e-01 l4_ssim: 3.1896e-01 
2025-04-03 22:55:59,243 INFO: Validation RAIN200H,     # psnr: 22.5322
2025-04-03 22:57:07,149 INFO: [RAIN2..][epoch:824, iter:   4,950, lr:(5.081e-04,5.085e-05,)] [eta: 2:01:35, time (data): 0.905 (0.012)] l0: 4.0395e-02 l1: 4.5121e-02 l2: 4.8480e-02 l3: 4.6258e-02 l4: 4.1155e-02 l3_ssim: 3.8924e-01 l4_ssim: 3.2060e-01 
2025-04-03 22:58:18,866 INFO: [RAIN2..][epoch:833, iter:   5,000, lr:(5.002e-04,5.007e-05,)] [eta: 2:00:23, time (data): 0.942 (0.016)] l0: 3.8918e-02 l1: 4.2732e-02 l2: 4.6585e-02 l3: 4.2966e-02 l4: 3.8013e-02 l3_ssim: 3.6731e-01 l4_ssim: 3.0748e-01 
2025-04-03 22:58:18,867 INFO: Saving models and training states.
2025-04-03 22:58:26,693 INFO: Validation RAIN200H,     # psnr: 22.8060
2025-04-03 22:59:36,758 INFO: [RAIN2..][epoch:841, iter:   5,050, lr:(4.924e-04,4.928e-05,)] [eta: 1:59:16, time (data): 0.909 (0.010)] l0: 3.4733e-02 l1: 4.0368e-02 l2: 4.6067e-02 l3: 4.2952e-02 l4: 4.0805e-02 l3_ssim: 3.6211e-01 l4_ssim: 3.1324e-01 
2025-04-03 23:00:46,196 INFO: [RAIN2..][epoch:849, iter:   5,100, lr:(4.845e-04,4.850e-05,)] [eta: 1:58:01, time (data): 0.949 (0.013)] l0: 3.6954e-02 l1: 4.2256e-02 l2: 4.7210e-02 l3: 4.4018e-02 l4: 4.0609e-02 l3_ssim: 3.6757e-01 l4_ssim: 3.0261e-01 
2025-04-03 23:00:53,549 INFO: Validation RAIN200H,     # psnr: 21.8613
2025-04-03 23:02:03,891 INFO: [RAIN2..][epoch:858, iter:   5,150, lr:(4.767e-04,4.771e-05,)] [eta: 1:56:54, time (data): 0.932 (0.011)] l0: 3.8314e-02 l1: 4.3115e-02 l2: 4.8164e-02 l3: 4.2365e-02 l4: 3.8579e-02 l3_ssim: 3.5585e-01 l4_ssim: 3.0309e-01 
2025-04-03 23:03:12,636 INFO: [RAIN2..][epoch:866, iter:   5,200, lr:(4.688e-04,4.693e-05,)] [eta: 1:55:38, time (data): 0.920 (0.014)] l0: 3.8300e-02 l1: 4.2293e-02 l2: 4.6608e-02 l3: 4.3462e-02 l4: 3.9532e-02 l3_ssim: 3.7070e-01 l4_ssim: 3.1619e-01 
2025-04-03 23:03:20,680 INFO: Validation RAIN200H,     # psnr: 22.5501
2025-04-03 23:04:30,308 INFO: [RAIN2..][epoch:874, iter:   5,250, lr:(4.610e-04,4.615e-05,)] [eta: 1:54:31, time (data): 0.908 (0.011)] l0: 3.8011e-02 l1: 4.1945e-02 l2: 4.5486e-02 l3: 4.4735e-02 l4: 4.1109e-02 l3_ssim: 3.7549e-01 l4_ssim: 3.1537e-01 
2025-04-03 23:05:41,310 INFO: [RAIN2..][epoch:883, iter:   5,300, lr:(4.532e-04,4.536e-05,)] [eta: 1:53:17, time (data): 0.949 (0.013)] l0: 3.7511e-02 l1: 4.3357e-02 l2: 4.6953e-02 l3: 4.4113e-02 l4: 3.9785e-02 l3_ssim: 3.8421e-01 l4_ssim: 3.2165e-01 
2025-04-03 23:05:50,280 INFO: Validation RAIN200H,     # psnr: 21.2101
2025-04-03 23:06:58,480 INFO: [RAIN2..][epoch:891, iter:   5,350, lr:(4.453e-04,4.458e-05,)] [eta: 1:52:09, time (data): 0.919 (0.011)] l0: 3.8161e-02 l1: 4.1835e-02 l2: 4.6462e-02 l3: 4.1310e-02 l4: 3.8309e-02 l3_ssim: 3.6069e-01 l4_ssim: 3.0925e-01 
2025-04-03 23:08:06,781 INFO: [RAIN2..][epoch:899, iter:   5,400, lr:(4.375e-04,4.381e-05,)] [eta: 1:50:53, time (data): 0.909 (0.011)] l0: 3.7040e-02 l1: 4.2188e-02 l2: 4.6038e-02 l3: 4.3444e-02 l4: 3.8884e-02 l3_ssim: 3.7373e-01 l4_ssim: 3.1556e-01 
2025-04-03 23:08:13,884 INFO: Validation RAIN200H,     # psnr: 22.4937
2025-04-03 23:09:25,142 INFO: [RAIN2..][epoch:908, iter:   5,450, lr:(4.298e-04,4.303e-05,)] [eta: 1:49:46, time (data): 0.912 (0.011)] l0: 3.7336e-02 l1: 4.2671e-02 l2: 4.6534e-02 l3: 4.2852e-02 l4: 3.9804e-02 l3_ssim: 3.5304e-01 l4_ssim: 2.9892e-01 
2025-04-03 23:10:34,657 INFO: [RAIN2..][epoch:916, iter:   5,500, lr:(4.220e-04,4.225e-05,)] [eta: 1:48:31, time (data): 0.923 (0.011)] l0: 3.7040e-02 l1: 4.2767e-02 l2: 4.6472e-02 l3: 4.2187e-02 l4: 3.8690e-02 l3_ssim: 3.5275e-01 l4_ssim: 2.9959e-01 
2025-04-03 23:10:34,658 INFO: Saving models and training states.
2025-04-03 23:10:41,655 INFO: Validation RAIN200H,     # psnr: 21.7726
2025-04-03 23:11:50,075 INFO: [RAIN2..][epoch:924, iter:   5,550, lr:(4.142e-04,4.148e-05,)] [eta: 1:47:21, time (data): 0.913 (0.012)] l0: 3.7577e-02 l1: 4.1204e-02 l2: 4.4771e-02 l3: 4.3887e-02 l4: 3.9332e-02 l3_ssim: 3.6276e-01 l4_ssim: 3.0349e-01 
2025-04-03 23:13:03,306 INFO: [RAIN2..][epoch:933, iter:   5,600, lr:(4.065e-04,4.071e-05,)] [eta: 1:46:09, time (data): 0.917 (0.014)] l0: 3.4635e-02 l1: 4.0665e-02 l2: 4.5391e-02 l3: 4.1524e-02 l4: 4.0082e-02 l3_ssim: 3.6085e-01 l4_ssim: 3.0717e-01 
2025-04-03 23:13:10,574 INFO: Validation RAIN200H,     # psnr: 22.3405
2025-04-03 23:14:18,836 INFO: [RAIN2..][epoch:941, iter:   5,650, lr:(3.988e-04,3.994e-05,)] [eta: 1:44:59, time (data): 0.908 (0.011)] l0: 3.4807e-02 l1: 4.0154e-02 l2: 4.4494e-02 l3: 4.1767e-02 l4: 3.8515e-02 l3_ssim: 3.4501e-01 l4_ssim: 3.0476e-01 
2025-04-03 23:15:27,936 INFO: [RAIN2..][epoch:949, iter:   5,700, lr:(3.911e-04,3.917e-05,)] [eta: 1:43:44, time (data): 0.911 (0.011)] l0: 3.5040e-02 l1: 4.0707e-02 l2: 4.4256e-02 l3: 4.2275e-02 l4: 3.8366e-02 l3_ssim: 3.5901e-01 l4_ssim: 3.0505e-01 
2025-04-03 23:15:34,987 INFO: Validation RAIN200H,     # psnr: 21.7688
2025-04-03 23:16:47,670 INFO: [RAIN2..][epoch:958, iter:   5,750, lr:(3.835e-04,3.840e-05,)] [eta: 1:42:37, time (data): 0.910 (0.013)] l0: 3.5839e-02 l1: 4.1027e-02 l2: 4.4578e-02 l3: 4.1961e-02 l4: 4.1195e-02 l3_ssim: 3.6730e-01 l4_ssim: 3.1375e-01 
2025-04-03 23:17:56,640 INFO: [RAIN2..][epoch:966, iter:   5,800, lr:(3.759e-04,3.764e-05,)] [eta: 1:41:22, time (data): 0.913 (0.010)] l0: 3.7650e-02 l1: 4.2293e-02 l2: 4.5809e-02 l3: 4.3792e-02 l4: 4.1245e-02 l3_ssim: 3.6419e-01 l4_ssim: 3.1588e-01 
2025-04-03 23:18:03,251 INFO: Validation RAIN200H,     # psnr: 22.9467
2025-04-03 23:19:13,694 INFO: [RAIN2..][epoch:974, iter:   5,850, lr:(3.683e-04,3.688e-05,)] [eta: 1:40:13, time (data): 0.938 (0.013)] l0: 3.8769e-02 l1: 4.3387e-02 l2: 4.6053e-02 l3: 4.1897e-02 l4: 3.9461e-02 l3_ssim: 3.5221e-01 l4_ssim: 2.9679e-01 
2025-04-03 23:20:25,094 INFO: [RAIN2..][epoch:983, iter:   5,900, lr:(3.607e-04,3.613e-05,)] [eta: 1:39:00, time (data): 0.962 (0.015)] l0: 3.5317e-02 l1: 4.0153e-02 l2: 4.4580e-02 l3: 4.2011e-02 l4: 4.1604e-02 l3_ssim: 3.6480e-01 l4_ssim: 3.0902e-01 
2025-04-03 23:20:31,943 INFO: Validation RAIN200H,     # psnr: 20.7325
2025-04-03 23:21:40,682 INFO: [RAIN2..][epoch:991, iter:   5,950, lr:(3.532e-04,3.538e-05,)] [eta: 1:37:50, time (data): 0.933 (0.011)] l0: 4.1206e-02 l1: 4.5228e-02 l2: 4.7473e-02 l3: 4.4771e-02 l4: 4.1013e-02 l3_ssim: 3.5300e-01 l4_ssim: 3.0444e-01 
2025-04-03 23:22:49,418 INFO: [RAIN2..][epoch:999, iter:   6,000, lr:(3.457e-04,3.463e-05,)] [eta: 1:36:35, time (data): 0.910 (0.011)] l0: 3.8191e-02 l1: 4.2842e-02 l2: 4.4934e-02 l3: 4.2080e-02 l4: 3.8418e-02 l3_ssim: 3.7981e-01 l4_ssim: 3.0433e-01 
2025-04-03 23:22:49,418 INFO: Saving models and training states.
2025-04-03 23:22:57,416 INFO: Validation RAIN200H,     # psnr: 22.8650
2025-04-03 23:24:08,420 INFO: [RAIN2..][epoch:1008, iter:   6,050, lr:(3.383e-04,3.389e-05,)] [eta: 1:35:27, time (data): 0.913 (0.011)] l0: 3.5777e-02 l1: 4.0755e-02 l2: 4.4006e-02 l3: 4.0247e-02 l4: 3.6758e-02 l3_ssim: 3.5747e-01 l4_ssim: 3.0272e-01 
2025-04-03 23:25:16,517 INFO: [RAIN2..][epoch:1016, iter:   6,100, lr:(3.308e-04,3.314e-05,)] [eta: 1:34:11, time (data): 0.910 (0.012)] l0: 3.6939e-02 l1: 4.0132e-02 l2: 4.2587e-02 l3: 4.0990e-02 l4: 3.7104e-02 l3_ssim: 3.4875e-01 l4_ssim: 2.8804e-01 
2025-04-03 23:25:23,529 INFO: Validation RAIN200H,     # psnr: 22.0467
2025-04-03 23:26:33,012 INFO: [RAIN2..][epoch:1024, iter:   6,150, lr:(3.235e-04,3.241e-05,)] [eta: 1:33:01, time (data): 0.912 (0.011)] l0: 3.5817e-02 l1: 4.1085e-02 l2: 4.4934e-02 l3: 4.1917e-02 l4: 3.9461e-02 l3_ssim: 3.5420e-01 l4_ssim: 3.0236e-01 
2025-04-03 23:27:46,029 INFO: [RAIN2..][epoch:1033, iter:   6,200, lr:(3.162e-04,3.168e-05,)] [eta: 1:31:49, time (data): 0.918 (0.010)] l0: 3.5941e-02 l1: 4.0973e-02 l2: 4.4519e-02 l3: 4.1156e-02 l4: 3.7956e-02 l3_ssim: 3.4959e-01 l4_ssim: 2.9540e-01 
2025-04-03 23:27:52,895 INFO: Validation RAIN200H,     # psnr: 22.8282
2025-04-03 23:29:00,986 INFO: [RAIN2..][epoch:1041, iter:   6,250, lr:(3.089e-04,3.095e-05,)] [eta: 1:30:38, time (data): 0.931 (0.010)] l0: 3.7294e-02 l1: 4.2409e-02 l2: 4.4286e-02 l3: 4.0549e-02 l4: 3.5910e-02 l3_ssim: 3.5123e-01 l4_ssim: 2.9668e-01 
2025-04-03 23:30:09,753 INFO: [RAIN2..][epoch:1049, iter:   6,300, lr:(3.016e-04,3.023e-05,)] [eta: 1:29:23, time (data): 0.893 (0.010)] l0: 3.6206e-02 l1: 4.1517e-02 l2: 4.5313e-02 l3: 4.2625e-02 l4: 4.0964e-02 l3_ssim: 3.5848e-01 l4_ssim: 2.9977e-01 
2025-04-03 23:30:17,374 INFO: Validation RAIN200H,     # psnr: 21.8227
2025-04-03 23:31:30,663 INFO: [RAIN2..][epoch:1058, iter:   6,350, lr:(2.945e-04,2.951e-05,)] [eta: 1:28:16, time (data): 0.912 (0.010)] l0: 3.7599e-02 l1: 4.2069e-02 l2: 4.5311e-02 l3: 4.2645e-02 l4: 3.7888e-02 l3_ssim: 3.6628e-01 l4_ssim: 3.0210e-01 
2025-04-03 23:32:41,090 INFO: [RAIN2..][epoch:1066, iter:   6,400, lr:(2.873e-04,2.880e-05,)] [eta: 1:27:02, time (data): 0.926 (0.011)] l0: 3.7283e-02 l1: 4.1914e-02 l2: 4.4969e-02 l3: 4.2255e-02 l4: 3.8361e-02 l3_ssim: 3.5211e-01 l4_ssim: 2.9951e-01 
2025-04-03 23:32:48,295 INFO: Validation RAIN200H,     # psnr: 22.2263
2025-04-03 23:33:57,239 INFO: [RAIN2..][epoch:1074, iter:   6,450, lr:(2.802e-04,2.809e-05,)] [eta: 1:25:51, time (data): 0.923 (0.011)] l0: 3.8455e-02 l1: 4.3866e-02 l2: 4.6639e-02 l3: 4.3491e-02 l4: 3.9899e-02 l3_ssim: 3.7182e-01 l4_ssim: 3.1670e-01 
2025-04-03 23:35:10,737 INFO: [RAIN2..][epoch:1083, iter:   6,500, lr:(2.732e-04,2.739e-05,)] [eta: 1:24:39, time (data): 0.948 (0.010)] l0: 3.5955e-02 l1: 4.2191e-02 l2: 4.5029e-02 l3: 4.2039e-02 l4: 3.7168e-02 l3_ssim: 3.6310e-01 l4_ssim: 2.9810e-01 
2025-04-03 23:35:10,737 INFO: Saving models and training states.
2025-04-03 23:35:17,880 INFO: Validation RAIN200H,     # psnr: 23.0356
2025-04-03 23:36:26,918 INFO: [RAIN2..][epoch:1091, iter:   6,550, lr:(2.662e-04,2.669e-05,)] [eta: 1:23:28, time (data): 0.931 (0.013)] l0: 3.8156e-02 l1: 4.3005e-02 l2: 4.5768e-02 l3: 4.2010e-02 l4: 3.8484e-02 l3_ssim: 3.4963e-01 l4_ssim: 2.9725e-01 
2025-04-03 23:37:35,895 INFO: [RAIN2..][epoch:1099, iter:   6,600, lr:(2.593e-04,2.600e-05,)] [eta: 1:22:14, time (data): 0.910 (0.012)] l0: 3.5951e-02 l1: 4.0354e-02 l2: 4.2618e-02 l3: 4.0530e-02 l4: 3.7731e-02 l3_ssim: 3.6103e-01 l4_ssim: 2.8855e-01 
2025-04-03 23:37:42,896 INFO: Validation RAIN200H,     # psnr: 22.4335
2025-04-03 23:38:54,076 INFO: [RAIN2..][epoch:1108, iter:   6,650, lr:(2.525e-04,2.532e-05,)] [eta: 1:21:04, time (data): 0.937 (0.010)] l0: 3.6875e-02 l1: 4.1509e-02 l2: 4.4620e-02 l3: 4.1449e-02 l4: 3.7634e-02 l3_ssim: 3.5808e-01 l4_ssim: 2.9310e-01 
2025-04-03 23:40:02,399 INFO: [RAIN2..][epoch:1116, iter:   6,700, lr:(2.457e-04,2.464e-05,)] [eta: 1:19:49, time (data): 0.910 (0.011)] l0: 3.5944e-02 l1: 4.0236e-02 l2: 4.3583e-02 l3: 3.9635e-02 l4: 3.8774e-02 l3_ssim: 3.2926e-01 l4_ssim: 2.9045e-01 
2025-04-03 23:40:09,284 INFO: Validation RAIN200H,     # psnr: 22.6435
2025-04-03 23:41:17,467 INFO: [RAIN2..][epoch:1124, iter:   6,750, lr:(2.390e-04,2.396e-05,)] [eta: 1:18:38, time (data): 0.909 (0.010)] l0: 3.6360e-02 l1: 4.0984e-02 l2: 4.3835e-02 l3: 4.1422e-02 l4: 3.7100e-02 l3_ssim: 3.5436e-01 l4_ssim: 2.8598e-01 
2025-04-03 23:42:28,538 INFO: [RAIN2..][epoch:1133, iter:   6,800, lr:(2.323e-04,2.330e-05,)] [eta: 1:17:25, time (data): 0.913 (0.012)] l0: 3.6552e-02 l1: 4.1671e-02 l2: 4.4435e-02 l3: 3.9845e-02 l4: 3.7226e-02 l3_ssim: 3.4738e-01 l4_ssim: 2.9940e-01 
2025-04-03 23:42:36,175 INFO: Validation RAIN200H,     # psnr: 22.7089
2025-04-03 23:43:46,223 INFO: [RAIN2..][epoch:1141, iter:   6,850, lr:(2.257e-04,2.264e-05,)] [eta: 1:16:14, time (data): 0.998 (0.011)] l0: 3.5523e-02 l1: 4.1145e-02 l2: 4.4285e-02 l3: 4.1133e-02 l4: 3.8708e-02 l3_ssim: 3.4178e-01 l4_ssim: 2.9146e-01 
2025-04-03 23:44:53,968 INFO: [RAIN2..][epoch:1149, iter:   6,900, lr:(2.192e-04,2.199e-05,)] [eta: 1:15:00, time (data): 0.910 (0.012)] l0: 3.8186e-02 l1: 4.1853e-02 l2: 4.3517e-02 l3: 4.2299e-02 l4: 3.7655e-02 l3_ssim: 3.5619e-01 l4_ssim: 2.8831e-01 
2025-04-03 23:45:00,947 INFO: Validation RAIN200H,     # psnr: 22.6932
2025-04-03 23:46:12,896 INFO: [RAIN2..][epoch:1158, iter:   6,950, lr:(2.127e-04,2.134e-05,)] [eta: 1:13:50, time (data): 0.913 (0.011)] l0: 3.7107e-02 l1: 4.1647e-02 l2: 4.4160e-02 l3: 4.0007e-02 l4: 3.6115e-02 l3_ssim: 3.4862e-01 l4_ssim: 2.9222e-01 
2025-04-03 23:47:21,510 INFO: [RAIN2..][epoch:1166, iter:   7,000, lr:(2.063e-04,2.070e-05,)] [eta: 1:12:35, time (data): 0.907 (0.009)] l0: 3.6914e-02 l1: 4.2080e-02 l2: 4.4480e-02 l3: 4.1629e-02 l4: 3.7621e-02 l3_ssim: 3.4795e-01 l4_ssim: 2.9397e-01 
2025-04-03 23:47:21,510 INFO: Saving models and training states.
2025-04-03 23:47:28,300 INFO: Validation RAIN200H,     # psnr: 22.4892
2025-04-03 23:48:38,568 INFO: [RAIN2..][epoch:1174, iter:   7,050, lr:(2.000e-04,2.007e-05,)] [eta: 1:11:25, time (data): 0.912 (0.011)] l0: 3.6038e-02 l1: 4.0767e-02 l2: 4.3394e-02 l3: 4.1816e-02 l4: 3.7330e-02 l3_ssim: 3.6266e-01 l4_ssim: 2.9123e-01 

