2025-04-04 17:38:16,568 INFO: 
                ____                _       _____  ____
               / __ ) ____ _ _____ (_)_____/ ___/ / __ \
              / __  |/ __ `// ___// // ___/\__ \ / /_/ /
             / /_/ // /_/ /(__  )/ // /__ ___/ // _, _/
            /_____/ \__,_//____//_/ \___//____//_/ |_|
     ______                   __   __                 __      __
    / ____/____   ____   ____/ /  / /   __  __ _____ / /__   / /
   / / __ / __ \ / __ \ / __  /  / /   / / / // ___// //_/  / /
  / /_/ // /_/ // /_/ // /_/ /  / /___/ /_/ // /__ / /<    /_/
  \____/ \____/ \____/ \____/  /_____/\____/ \___//_/|_|  (_)
    
Version Information: 
  PyTorch: 2.0.1+cu117
  TorchVision: 0.15.2+cu117
2025-04-04 17:38:16,569 INFO: 
  name: RAIN200H-LPNet_padding_atten
  model_type: LPNetModel
  scale: 1
  num_gpu: 1
  manual_seed: 10
  datasets:[
    train:[
      name: RAIN200H
      type: PairedImageDataset
      dataroot_gt: /home/haojd/Fourier/deraining/lpnet/datasets/RainTrainH/norain
      dataroot_lq: /home/haojd/Fourier/deraining/lpnet/datasets/RainTrainH/rain
      filename_tmpl: {}
      io_backend:[
        type: disk
      ]
      gt_size: 128
      use_flip: True
      use_rot: True
      use_shuffle: True
      num_worker_per_gpu: 10
      batch_size_per_gpu: 64
      dataset_enlarge_ratio: 1
      prefetch_mode: None
      phase: train
      scale: 1
    ]
    val:[
      name: RAIN200H
      type: PairedImageDataset
      dataroot_gt: /home/haojd/Fourier/deraining/lpnet/datasets/Rain100H
      dataroot_lq: /home/haojd/Fourier/deraining/lpnet/datasets/Rain100H/rainy
      io_backend:[
        type: disk
      ]
      phase: val
      scale: 1
    ]
  ]
  network_g:[
    type: LPNet_pad_attention
  ]
  path:[
    pretrain_network_g: None
    strict_load_g: True
    resume_state: None
    root: /home/haojd/Fourier/deraining/lpnet
    experiments_root: /home/haojd/Fourier/deraining/lpnet/experiments/RAIN200H-LPNet_padding_atten
    models: /home/haojd/Fourier/deraining/lpnet/experiments/RAIN200H-LPNet_padding_atten/models
    training_states: /home/haojd/Fourier/deraining/lpnet/experiments/RAIN200H-LPNet_padding_atten/training_states
    log: /home/haojd/Fourier/deraining/lpnet/experiments/RAIN200H-LPNet_padding_atten
    visualization: /home/haojd/Fourier/deraining/lpnet/experiments/RAIN200H-LPNet_padding_atten/visualization
  ]
  train:[
    optim_g:[
      type: Adam
      lr: 0.001
      weight_decay: 0
      betas: [0.9, 0.99]
    ]
    scheduler:[
      type: TrueCosineAnnealingLR
      T_max: 10000
      eta_min: 1e-07
    ]
    total_iter: 10000
    warmup_iter: 0
    pixel_opt:[
      type: L1Loss
      loss_weight: 0.5
      reduction: mean
    ]
  ]
  val:[
    val_freq: 100.0
    save_img: False
    grids: False
    crop_size: 256
    max_minibatch: 8
    metrics:[
      psnr:[
        type: calculate_psnr
        crop_border: 0
        test_y_channel: True
      ]
    ]
  ]
  logger:[
    print_freq: 100
    save_checkpoint_freq: 500.0
    use_tb_logger: True
    wandb:[
      project: None
      resume_id: None
    ]
  ]
  dist_params:[
    backend: nccl
    port: 29500
  ]
  is_train: True
  dist: False
  rank: 0
  world_size: 1

2025-04-04 17:38:17,292 INFO: Dataset PairedImageDataset - RAIN200H is created.
2025-04-04 17:38:17,293 INFO: Training statistics:
  Number of train images: 1254
  Dataset enlarge ratio: 1
  Batch size per gpu: 64
  World size (gpu number): 1
  Require iter number per epoch: 20
  Total epochs: 500; iters: 10000.
2025-04-04 17:38:17,299 INFO: Dataset PairedImageDataset - RAIN200H is created.
2025-04-04 17:38:17,299 INFO: Number of val images/folders in RAIN200H: 100
2025-04-04 17:38:18,148 INFO: Model [LPNetModel] is created.
2025-04-04 17:38:18,577 INFO: Start training from epoch: 0, iter: 0
2025-04-04 17:39:04,728 INFO: [RAIN2..][epoch:  5, iter:     100, lr:(9.998e-04,9.998e-05,)] [eta: 1:16:05, time (data): 0.337 (0.004)] l0: 1.1434e-01 l1: 6.9415e-02 l2: 9.2192e-02 l3: 9.0063e-02 l4: 1.0083e-01 l3_ssim: 5.5250e-01 l4_ssim: 6.0108e-01 
2025-04-04 17:39:19,343 INFO: Validation RAIN200H,     # psnr: 14.3992
2025-04-04 17:40:01,736 INFO: [RAIN2..][epoch: 10, iter:     200, lr:(9.990e-04,9.990e-05,)] [eta: 1:24:10, time (data): 0.344 (0.004)] l0: 6.7194e-02 l1: 5.5366e-02 l2: 7.2407e-02 l3: 8.4296e-02 l4: 9.5988e-02 l3_ssim: 5.6625e-01 l4_ssim: 6.3987e-01 
2025-04-04 17:40:16,381 INFO: Validation RAIN200H,     # psnr: 14.8401
2025-04-04 17:40:59,597 INFO: [RAIN2..][epoch: 15, iter:     300, lr:(9.978e-04,9.978e-05,)] [eta: 1:26:42, time (data): 0.340 (0.004)] l0: 4.1852e-02 l1: 5.1377e-02 l2: 6.2674e-02 l3: 6.7394e-02 l4: 8.5750e-02 l3_ssim: 5.1099e-01 l4_ssim: 5.9852e-01 
2025-04-04 17:41:08,617 INFO: Validation RAIN200H,     # psnr: 14.5114
2025-04-04 17:41:53,337 INFO: [RAIN2..][epoch: 21, iter:     400, lr:(9.961e-04,9.961e-05,)] [eta: 1:25:51, time (data): 2.060 (1.719)] l0: 3.8341e-02 l1: 5.1387e-02 l2: 6.3262e-02 l3: 6.5171e-02 l4: 7.9668e-02 l3_ssim: 5.0727e-01 l4_ssim: 6.0047e-01 
2025-04-04 17:42:08,755 INFO: Validation RAIN200H,     # psnr: 17.0473
2025-04-04 17:42:51,575 INFO: [RAIN2..][epoch: 26, iter:     500, lr:(9.939e-04,9.939e-05,)] [eta: 1:26:24, time (data): 0.343 (0.004)] l0: 3.9888e-02 l1: 4.9653e-02 l2: 5.6607e-02 l3: 6.3689e-02 l4: 7.2961e-02 l3_ssim: 5.0621e-01 l4_ssim: 5.7991e-01 
2025-04-04 17:42:51,575 INFO: Saving models and training states.
2025-04-04 17:43:07,593 INFO: Validation RAIN200H,     # psnr: 17.4302
2025-04-04 17:43:50,161 INFO: [RAIN2..][epoch: 31, iter:     600, lr:(9.912e-04,9.912e-05,)] [eta: 1:26:32, time (data): 0.344 (0.006)] l0: 3.3136e-02 l1: 4.7622e-02 l2: 5.6679e-02 l3: 6.3656e-02 l4: 7.6983e-02 l3_ssim: 5.1075e-01 l4_ssim: 6.0434e-01 
2025-04-04 17:44:04,904 INFO: Validation RAIN200H,     # psnr: 17.4414
2025-04-04 17:44:47,235 INFO: [RAIN2..][epoch: 36, iter:     700, lr:(9.880e-04,9.880e-05,)] [eta: 1:26:01, time (data): 0.341 (0.004)] l0: 4.1365e-02 l1: 5.0284e-02 l2: 5.6137e-02 l3: 6.2909e-02 l4: 7.2001e-02 l3_ssim: 4.8939e-01 l4_ssim: 5.7547e-01 
2025-04-04 17:44:57,246 INFO: Validation RAIN200H,     # psnr: 16.4107
2025-04-04 17:45:41,556 INFO: [RAIN2..][epoch: 42, iter:     800, lr:(9.843e-04,9.843e-05,)] [eta: 1:24:52, time (data): 0.342 (0.006)] l0: 3.5569e-02 l1: 4.7393e-02 l2: 5.4929e-02 l3: 6.1119e-02 l4: 7.3587e-02 l3_ssim: 4.9696e-01 l4_ssim: 5.8800e-01 
2025-04-04 17:45:55,783 INFO: Validation RAIN200H,     # psnr: 17.6560
2025-04-04 17:46:37,941 INFO: [RAIN2..][epoch: 47, iter:     900, lr:(9.802e-04,9.802e-05,)] [eta: 1:24:07, time (data): 0.337 (0.004)] l0: 3.8840e-02 l1: 4.9450e-02 l2: 5.5901e-02 l3: 5.9218e-02 l4: 7.0070e-02 l3_ssim: 4.7689e-01 l4_ssim: 5.6273e-01 
2025-04-04 17:46:50,206 INFO: Validation RAIN200H,     # psnr: 17.8735
2025-04-04 17:47:33,061 INFO: [RAIN2..][epoch: 52, iter:   1,000, lr:(9.756e-04,9.756e-05,)] [eta: 1:23:08, time (data): 0.341 (0.007)] l0: 3.8851e-02 l1: 4.7683e-02 l2: 5.5371e-02 l3: 6.0227e-02 l4: 7.1967e-02 l3_ssim: 4.9219e-01 l4_ssim: 5.8274e-01 
2025-04-04 17:47:33,061 INFO: Saving models and training states.
2025-04-04 17:47:47,735 INFO: Validation RAIN200H,     # psnr: 17.0944
2025-04-04 17:48:30,012 INFO: [RAIN2..][epoch: 57, iter:   1,100, lr:(9.705e-04,9.705e-05,)] [eta: 1:22:25, time (data): 0.338 (0.004)] l0: 3.7306e-02 l1: 4.6554e-02 l2: 5.6265e-02 l3: 5.8809e-02 l4: 6.9642e-02 l3_ssim: 4.8449e-01 l4_ssim: 5.7628e-01 
2025-04-04 17:48:41,729 INFO: Validation RAIN200H,     # psnr: 17.9108
2025-04-04 17:49:25,920 INFO: [RAIN2..][epoch: 63, iter:   1,200, lr:(9.649e-04,9.650e-05,)] [eta: 1:21:32, time (data): 0.340 (0.004)] l0: 3.7406e-02 l1: 4.5220e-02 l2: 5.2838e-02 l3: 6.0628e-02 l4: 7.3058e-02 l3_ssim: 4.8871e-01 l4_ssim: 5.9593e-01 
2025-04-04 17:49:39,670 INFO: Validation RAIN200H,     # psnr: 17.1136
2025-04-04 17:50:22,011 INFO: [RAIN2..][epoch: 68, iter:   1,300, lr:(9.589e-04,9.590e-05,)] [eta: 1:20:40, time (data): 0.337 (0.004)] l0: 4.1916e-02 l1: 5.1640e-02 l2: 5.7208e-02 l3: 5.8722e-02 l4: 7.0865e-02 l3_ssim: 4.8943e-01 l4_ssim: 5.8631e-01 
2025-04-04 17:50:35,170 INFO: Validation RAIN200H,     # psnr: 18.2334
2025-04-04 17:51:18,731 INFO: [RAIN2..][epoch: 73, iter:   1,400, lr:(9.525e-04,9.525e-05,)] [eta: 1:19:51, time (data): 0.340 (0.003)] l0: 3.8150e-02 l1: 4.6051e-02 l2: 5.4327e-02 l3: 5.8508e-02 l4: 6.9986e-02 l3_ssim: 5.0079e-01 l4_ssim: 5.9848e-01 
2025-04-04 17:51:30,681 INFO: Validation RAIN200H,     # psnr: 18.1874
2025-04-04 17:52:13,378 INFO: [RAIN2..][epoch: 78, iter:   1,500, lr:(9.456e-04,9.456e-05,)] [eta: 1:18:49, time (data): 0.340 (0.004)] l0: 3.6691e-02 l1: 4.2674e-02 l2: 5.1176e-02 l3: 5.6386e-02 l4: 6.7785e-02 l3_ssim: 4.9244e-01 l4_ssim: 5.9268e-01 
2025-04-04 17:52:13,378 INFO: Saving models and training states.
2025-04-04 17:52:25,437 INFO: Validation RAIN200H,     # psnr: 17.3679
2025-04-04 17:53:10,040 INFO: [RAIN2..][epoch: 84, iter:   1,600, lr:(9.382e-04,9.383e-05,)] [eta: 1:17:58, time (data): 0.342 (0.006)] l0: 3.7306e-02 l1: 4.4321e-02 l2: 5.1106e-02 l3: 5.3237e-02 l4: 6.6675e-02 l3_ssim: 4.6411e-01 l4_ssim: 5.6505e-01 
2025-04-04 17:53:22,435 INFO: Validation RAIN200H,     # psnr: 17.2305
2025-04-04 17:54:04,809 INFO: [RAIN2..][epoch: 89, iter:   1,700, lr:(9.305e-04,9.305e-05,)] [eta: 1:16:58, time (data): 0.339 (0.005)] l0: 3.4485e-02 l1: 4.2550e-02 l2: 5.3079e-02 l3: 5.6530e-02 l4: 6.9446e-02 l3_ssim: 4.7358e-01 l4_ssim: 5.7565e-01 
2025-04-04 17:54:20,343 INFO: Validation RAIN200H,     # psnr: 17.6329
2025-04-04 17:55:02,280 INFO: [RAIN2..][epoch: 94, iter:   1,800, lr:(9.223e-04,9.223e-05,)] [eta: 1:16:11, time (data): 0.341 (0.004)] l0: 3.6042e-02 l1: 4.4391e-02 l2: 5.1155e-02 l3: 5.6680e-02 l4: 7.0104e-02 l3_ssim: 5.0841e-01 l4_ssim: 6.1568e-01 
2025-04-04 17:55:11,273 INFO: Validation RAIN200H,     # psnr: 16.9897
2025-04-04 17:55:53,272 INFO: [RAIN2..][epoch: 99, iter:   1,900, lr:(9.136e-04,9.137e-05,)] [eta: 1:14:55, time (data): 0.340 (0.004)] l0: 3.7718e-02 l1: 4.4790e-02 l2: 4.9548e-02 l3: 5.5524e-02 l4: 6.3966e-02 l3_ssim: 4.7112e-01 l4_ssim: 5.6611e-01 
2025-04-04 17:56:03,891 INFO: Validation RAIN200H,     # psnr: 18.1801
2025-04-04 17:56:47,786 INFO: [RAIN2..][epoch:105, iter:   2,000, lr:(9.046e-04,9.047e-05,)] [eta: 1:13:55, time (data): 0.336 (0.004)] l0: 3.3181e-02 l1: 4.1155e-02 l2: 4.8158e-02 l3: 5.5259e-02 l4: 6.8767e-02 l3_ssim: 4.7134e-01 l4_ssim: 5.6845e-01 
2025-04-04 17:56:47,787 INFO: Saving models and training states.
2025-04-04 17:56:59,161 INFO: Validation RAIN200H,     # psnr: 18.2907
2025-04-04 17:57:42,387 INFO: [RAIN2..][epoch:110, iter:   2,100, lr:(8.952e-04,8.953e-05,)] [eta: 1:12:57, time (data): 0.343 (0.004)] l0: 3.3892e-02 l1: 4.1015e-02 l2: 4.7450e-02 l3: 5.7971e-02 l4: 6.6936e-02 l3_ssim: 4.9798e-01 l4_ssim: 6.0353e-01 
2025-04-04 17:57:53,725 INFO: Validation RAIN200H,     # psnr: 18.1415
2025-04-04 17:58:36,264 INFO: [RAIN2..][epoch:115, iter:   2,200, lr:(8.854e-04,8.855e-05,)] [eta: 1:11:56, time (data): 0.342 (0.004)] l0: 4.0592e-02 l1: 4.7846e-02 l2: 5.0366e-02 l3: 5.4748e-02 l4: 6.9285e-02 l3_ssim: 5.0518e-01 l4_ssim: 6.0185e-01 
2025-04-04 17:58:45,210 INFO: Validation RAIN200H,     # psnr: 18.0953
2025-04-04 17:59:28,866 INFO: [RAIN2..][epoch:121, iter:   2,300, lr:(8.752e-04,8.753e-05,)] [eta: 1:10:51, time (data): 2.063 (1.722)] l0: 3.6912e-02 l1: 4.2062e-02 l2: 4.9142e-02 l3: 5.7232e-02 l4: 6.7970e-02 l3_ssim: 4.9025e-01 l4_ssim: 5.8428e-01 
2025-04-04 17:59:38,128 INFO: Validation RAIN200H,     # psnr: 17.6147
2025-04-04 18:00:20,465 INFO: [RAIN2..][epoch:126, iter:   2,400, lr:(8.646e-04,8.647e-05,)] [eta: 1:09:45, time (data): 0.341 (0.004)] l0: 3.9136e-02 l1: 4.3193e-02 l2: 4.9503e-02 l3: 5.4333e-02 l4: 6.7369e-02 l3_ssim: 4.7759e-01 l4_ssim: 5.7483e-01 
2025-04-04 18:00:34,231 INFO: Validation RAIN200H,     # psnr: 17.7730
2025-04-04 18:01:16,432 INFO: [RAIN2..][epoch:131, iter:   2,500, lr:(8.537e-04,8.538e-05,)] [eta: 1:08:52, time (data): 0.342 (0.006)] l0: 4.1890e-02 l1: 4.6217e-02 l2: 4.8876e-02 l3: 5.7306e-02 l4: 6.8504e-02 l3_ssim: 4.5708e-01 l4_ssim: 5.6018e-01 
2025-04-04 18:01:16,433 INFO: Saving models and training states.
2025-04-04 18:01:30,556 INFO: Validation RAIN200H,     # psnr: 17.7478
2025-04-04 18:02:12,928 INFO: [RAIN2..][epoch:136, iter:   2,600, lr:(8.424e-04,8.425e-05,)] [eta: 1:08:01, time (data): 0.338 (0.004)] l0: 3.8009e-02 l1: 4.2436e-02 l2: 4.6770e-02 l3: 5.1663e-02 l4: 6.5520e-02 l3_ssim: 4.8199e-01 l4_ssim: 5.7547e-01 
2025-04-04 18:02:25,405 INFO: Validation RAIN200H,     # psnr: 17.4223
2025-04-04 18:03:09,901 INFO: [RAIN2..][epoch:142, iter:   2,700, lr:(8.308e-04,8.309e-05,)] [eta: 1:07:11, time (data): 0.345 (0.004)] l0: 3.8010e-02 l1: 4.3693e-02 l2: 4.7679e-02 l3: 5.1723e-02 l4: 6.4602e-02 l3_ssim: 4.9262e-01 l4_ssim: 5.7642e-01 
2025-04-04 18:03:24,357 INFO: Validation RAIN200H,     # psnr: 17.6674
2025-04-04 18:04:06,473 INFO: [RAIN2..][epoch:147, iter:   2,800, lr:(8.189e-04,8.190e-05,)] [eta: 1:06:19, time (data): 0.340 (0.004)] l0: 3.8402e-02 l1: 4.3551e-02 l2: 4.6686e-02 l3: 5.2010e-02 l4: 6.7720e-02 l3_ssim: 4.7597e-01 l4_ssim: 5.7556e-01 
2025-04-04 18:04:15,252 INFO: Validation RAIN200H,     # psnr: 17.5138
2025-04-04 18:04:57,088 INFO: [RAIN2..][epoch:152, iter:   2,900, lr:(8.066e-04,8.068e-05,)] [eta: 1:05:12, time (data): 0.345 (0.007)] l0: 3.8950e-02 l1: 4.6197e-02 l2: 4.9403e-02 l3: 6.3825e-02 l4: 7.0817e-02 l3_ssim: 4.8286e-01 l4_ssim: 5.7381e-01 
2025-04-04 18:05:06,224 INFO: Validation RAIN200H,     # psnr: 17.8652
2025-04-04 18:05:48,384 INFO: [RAIN2..][epoch:157, iter:   3,000, lr:(7.940e-04,7.942e-05,)] [eta: 1:04:08, time (data): 0.340 (0.005)] l0: 3.9720e-02 l1: 4.4770e-02 l2: 4.6809e-02 l3: 4.9936e-02 l4: 6.4572e-02 l3_ssim: 4.5721e-01 l4_ssim: 5.5172e-01 
2025-04-04 18:05:48,384 INFO: Saving models and training states.
2025-04-04 18:05:58,656 INFO: Validation RAIN200H,     # psnr: 16.9535
2025-04-04 18:06:42,390 INFO: [RAIN2..][epoch:163, iter:   3,100, lr:(7.812e-04,7.814e-05,)] [eta: 1:03:11, time (data): 0.344 (0.010)] l0: 3.7510e-02 l1: 4.6217e-02 l2: 4.5584e-02 l3: 4.8629e-02 l4: 6.3125e-02 l3_ssim: 4.2039e-01 l4_ssim: 5.3960e-01 
2025-04-04 18:06:51,757 INFO: Validation RAIN200H,     # psnr: 17.4995
2025-04-04 18:07:34,421 INFO: [RAIN2..][epoch:168, iter:   3,200, lr:(7.681e-04,7.683e-05,)] [eta: 1:02:10, time (data): 0.342 (0.004)] l0: 3.7618e-02 l1: 4.2327e-02 l2: 4.5257e-02 l3: 4.6094e-02 l4: 5.9174e-02 l3_ssim: 4.3142e-01 l4_ssim: 5.5359e-01 
2025-04-04 18:07:43,495 INFO: Validation RAIN200H,     # psnr: 16.3815
2025-04-04 18:08:25,989 INFO: [RAIN2..][epoch:173, iter:   3,300, lr:(7.547e-04,7.549e-05,)] [eta: 1:01:08, time (data): 0.343 (0.005)] l0: 3.2496e-02 l1: 3.8898e-02 l2: 4.4295e-02 l3: 4.7681e-02 l4: 6.3876e-02 l3_ssim: 4.5269e-01 l4_ssim: 6.0038e-01 
2025-04-04 18:08:40,253 INFO: Validation RAIN200H,     # psnr: 17.2575
2025-04-04 18:09:22,595 INFO: [RAIN2..][epoch:178, iter:   3,400, lr:(7.410e-04,7.413e-05,)] [eta: 1:00:17, time (data): 0.338 (0.004)] l0: 3.8266e-02 l1: 4.3501e-02 l2: 4.6260e-02 l3: 4.7383e-02 l4: 6.2434e-02 l3_ssim: 4.2611e-01 l4_ssim: 5.8352e-01 
2025-04-04 18:09:33,839 INFO: Validation RAIN200H,     # psnr: 17.0957
2025-04-04 18:10:17,320 INFO: [RAIN2..][epoch:184, iter:   3,500, lr:(7.272e-04,7.274e-05,)] [eta: 0:59:22, time (data): 0.337 (0.004)] l0: 4.1077e-02 l1: 4.8293e-02 l2: 4.6797e-02 l3: 4.7759e-02 l4: 6.3460e-02 l3_ssim: 4.0927e-01 l4_ssim: 5.4067e-01 
2025-04-04 18:10:17,320 INFO: Saving models and training states.
2025-04-04 18:10:27,462 INFO: Validation RAIN200H,     # psnr: 16.6917
2025-04-04 18:11:10,031 INFO: [RAIN2..][epoch:189, iter:   3,600, lr:(7.131e-04,7.133e-05,)] [eta: 0:58:24, time (data): 0.339 (0.004)] l0: 4.0864e-02 l1: 4.6373e-02 l2: 4.6225e-02 l3: 4.5615e-02 l4: 6.0527e-02 l3_ssim: 4.0032e-01 l4_ssim: 5.5709e-01 
2025-04-04 18:11:23,670 INFO: Validation RAIN200H,     # psnr: 17.1394
2025-04-04 18:12:06,144 INFO: [RAIN2..][epoch:194, iter:   3,700, lr:(6.987e-04,6.990e-05,)] [eta: 0:57:31, time (data): 0.338 (0.004)] l0: 3.7047e-02 l1: 4.2730e-02 l2: 4.5488e-02 l3: 4.4361e-02 l4: 6.1581e-02 l3_ssim: 3.9691e-01 l4_ssim: 5.5709e-01 
2025-04-04 18:12:20,087 INFO: Validation RAIN200H,     # psnr: 16.7763
2025-04-04 18:13:02,980 INFO: [RAIN2..][epoch:199, iter:   3,800, lr:(6.842e-04,6.845e-05,)] [eta: 0:56:40, time (data): 0.339 (0.004)] l0: 3.6848e-02 l1: 4.1542e-02 l2: 4.2759e-02 l3: 4.4274e-02 l4: 5.8397e-02 l3_ssim: 4.1867e-01 l4_ssim: 5.4274e-01 
2025-04-04 18:13:11,692 INFO: Validation RAIN200H,     # psnr: 16.3832
2025-04-04 18:13:55,653 INFO: [RAIN2..][epoch:205, iter:   3,900, lr:(6.695e-04,6.698e-05,)] [eta: 0:55:41, time (data): 0.341 (0.006)] l0: 4.0491e-02 l1: 4.5784e-02 l2: 4.8897e-02 l3: 4.7850e-02 l4: 6.1822e-02 l3_ssim: 4.0544e-01 l4_ssim: 5.6643e-01 
2025-04-04 18:14:05,128 INFO: Validation RAIN200H,     # psnr: 17.2020
2025-04-04 18:14:47,583 INFO: [RAIN2..][epoch:210, iter:   4,000, lr:(6.547e-04,6.550e-05,)] [eta: 0:54:42, time (data): 0.337 (0.005)] l0: 3.2266e-02 l1: 3.8356e-02 l2: 4.4094e-02 l3: 4.3274e-02 l4: 5.8326e-02 l3_ssim: 3.5376e-01 l4_ssim: 5.2525e-01 
2025-04-04 18:14:47,583 INFO: Saving models and training states.
2025-04-04 18:15:01,089 INFO: Validation RAIN200H,     # psnr: 17.0037
2025-04-04 18:15:43,444 INFO: [RAIN2..][epoch:215, iter:   4,100, lr:(6.397e-04,6.400e-05,)] [eta: 0:53:49, time (data): 0.338 (0.004)] l0: 3.7871e-02 l1: 4.3298e-02 l2: 4.4263e-02 l3: 4.5441e-02 l4: 5.9758e-02 l3_ssim: 3.8270e-01 l4_ssim: 5.2324e-01 
2025-04-04 18:15:56,725 INFO: Validation RAIN200H,     # psnr: 17.3936
2025-04-04 18:16:40,785 INFO: [RAIN2..][epoch:221, iter:   4,200, lr:(6.245e-04,6.249e-05,)] [eta: 0:52:58, time (data): 1.824 (1.487)] l0: 4.0689e-02 l1: 4.5961e-02 l2: 4.4943e-02 l3: 4.4996e-02 l4: 5.8749e-02 l3_ssim: 4.0312e-01 l4_ssim: 5.5288e-01 
2025-04-04 18:16:56,447 INFO: Validation RAIN200H,     # psnr: 16.9884
2025-04-04 18:17:38,839 INFO: [RAIN2..][epoch:226, iter:   4,300, lr:(6.093e-04,6.096e-05,)] [eta: 0:52:08, time (data): 0.343 (0.006)] l0: 3.4847e-02 l1: 3.8983e-02 l2: 4.2788e-02 l3: 4.5047e-02 l4: 5.8869e-02 l3_ssim: 3.9965e-01 l4_ssim: 5.4088e-01 
2025-04-04 18:17:47,656 INFO: Validation RAIN200H,     # psnr: 16.9879
2025-04-04 18:18:30,032 INFO: [RAIN2..][epoch:231, iter:   4,400, lr:(5.939e-04,5.943e-05,)] [eta: 0:51:08, time (data): 0.341 (0.006)] l0: 3.8974e-02 l1: 4.4007e-02 l2: 4.5604e-02 l3: 4.3449e-02 l4: 5.8354e-02 l3_ssim: 3.9003e-01 l4_ssim: 5.7774e-01 
2025-04-04 18:18:39,363 INFO: Validation RAIN200H,     # psnr: 17.4039
2025-04-04 18:19:22,309 INFO: [RAIN2..][epoch:236, iter:   4,500, lr:(5.784e-04,5.788e-05,)] [eta: 0:50:10, time (data): 0.339 (0.004)] l0: 3.8523e-02 l1: 4.5368e-02 l2: 4.5727e-02 l3: 4.7013e-02 l4: 6.1705e-02 l3_ssim: 4.2262e-01 l4_ssim: 5.8111e-01 
2025-04-04 18:19:22,310 INFO: Saving models and training states.
2025-04-04 18:19:31,260 INFO: Validation RAIN200H,     # psnr: 17.0814
2025-04-04 18:20:15,426 INFO: [RAIN2..][epoch:242, iter:   4,600, lr:(5.629e-04,5.633e-05,)] [eta: 0:49:13, time (data): 0.339 (0.004)] l0: 3.4548e-02 l1: 4.0116e-02 l2: 4.3058e-02 l3: 4.3180e-02 l4: 5.9122e-02 l3_ssim: 3.6887e-01 l4_ssim: 5.4830e-01 
2025-04-04 18:20:31,655 INFO: Validation RAIN200H,     # psnr: 17.1897
2025-04-04 18:21:14,873 INFO: [RAIN2..][epoch:247, iter:   4,700, lr:(5.473e-04,5.477e-05,)] [eta: 0:48:24, time (data): 0.339 (0.004)] l0: 3.8002e-02 l1: 4.2016e-02 l2: 4.2031e-02 l3: 4.2484e-02 l4: 5.5846e-02 l3_ssim: 3.9427e-01 l4_ssim: 5.5577e-01 
2025-04-04 18:21:24,663 INFO: Validation RAIN200H,     # psnr: 16.5914
2025-04-04 18:22:07,169 INFO: [RAIN2..][epoch:252, iter:   4,800, lr:(5.316e-04,5.320e-05,)] [eta: 0:47:26, time (data): 0.339 (0.005)] l0: 3.8387e-02 l1: 4.3822e-02 l2: 4.4971e-02 l3: 4.9554e-02 l4: 6.4373e-02 l3_ssim: 4.1549e-01 l4_ssim: 6.0064e-01 
2025-04-04 18:22:18,880 INFO: Validation RAIN200H,     # psnr: 17.5437
2025-04-04 18:23:01,513 INFO: [RAIN2..][epoch:257, iter:   4,900, lr:(5.159e-04,5.163e-05,)] [eta: 0:46:31, time (data): 0.340 (0.006)] l0: 3.7571e-02 l1: 4.4679e-02 l2: 4.4742e-02 l3: 4.3832e-02 l4: 5.7883e-02 l3_ssim: 3.6634e-01 l4_ssim: 5.3510e-01 
2025-04-04 18:23:10,232 INFO: Validation RAIN200H,     # psnr: 17.4317
2025-04-04 18:23:53,428 INFO: [RAIN2..][epoch:263, iter:   5,000, lr:(5.002e-04,5.007e-05,)] [eta: 0:45:34, time (data): 0.344 (0.005)] l0: 3.7158e-02 l1: 4.2549e-02 l2: 4.1054e-02 l3: 4.5293e-02 l4: 5.8091e-02 l3_ssim: 4.1013e-01 l4_ssim: 5.6705e-01 
2025-04-04 18:23:53,429 INFO: Saving models and training states.
2025-04-04 18:24:09,462 INFO: Validation RAIN200H,     # psnr: 17.3396
2025-04-04 18:24:51,467 INFO: [RAIN2..][epoch:268, iter:   5,100, lr:(4.845e-04,4.850e-05,)] [eta: 0:44:42, time (data): 0.342 (0.004)] l0: 3.0708e-02 l1: 3.9236e-02 l2: 4.3040e-02 l3: 4.4153e-02 l4: 5.7317e-02 l3_ssim: 3.7772e-01 l4_ssim: 5.3693e-01 
2025-04-04 18:25:07,032 INFO: Validation RAIN200H,     # psnr: 17.3410
2025-04-04 18:25:49,171 INFO: [RAIN2..][epoch:273, iter:   5,200, lr:(4.688e-04,4.693e-05,)] [eta: 0:43:50, time (data): 0.338 (0.004)] l0: 3.6532e-02 l1: 4.3754e-02 l2: 4.4714e-02 l3: 4.8926e-02 l4: 6.2423e-02 l3_ssim: 4.0288e-01 l4_ssim: 5.6088e-01 
2025-04-04 18:26:03,346 INFO: Validation RAIN200H,     # psnr: 17.5676
2025-04-04 18:26:45,711 INFO: [RAIN2..][epoch:278, iter:   5,300, lr:(4.532e-04,4.536e-05,)] [eta: 0:42:57, time (data): 0.342 (0.004)] l0: 3.2091e-02 l1: 3.7937e-02 l2: 4.0469e-02 l3: 3.9308e-02 l4: 5.4445e-02 l3_ssim: 3.4888e-01 l4_ssim: 5.4895e-01 
2025-04-04 18:26:59,111 INFO: Validation RAIN200H,     # psnr: 17.4583
2025-04-04 18:27:42,906 INFO: [RAIN2..][epoch:284, iter:   5,400, lr:(4.375e-04,4.381e-05,)] [eta: 0:42:04, time (data): 0.342 (0.004)] l0: 3.9781e-02 l1: 4.6120e-02 l2: 4.7844e-02 l3: 5.1211e-02 l4: 6.0972e-02 l3_ssim: 3.9132e-01 l4_ssim: 5.4411e-01 
2025-04-04 18:27:53,733 INFO: Validation RAIN200H,     # psnr: 17.4308
2025-04-04 18:28:35,977 INFO: [RAIN2..][epoch:289, iter:   5,500, lr:(4.220e-04,4.225e-05,)] [eta: 0:41:08, time (data): 0.338 (0.004)] l0: 3.7963e-02 l1: 4.3133e-02 l2: 4.3938e-02 l3: 4.4144e-02 l4: 5.8115e-02 l3_ssim: 3.8362e-01 l4_ssim: 5.6186e-01 
2025-04-04 18:28:35,977 INFO: Saving models and training states.
2025-04-04 18:28:48,741 INFO: Validation RAIN200H,     # psnr: 17.0235
2025-04-04 18:29:30,995 INFO: [RAIN2..][epoch:294, iter:   5,600, lr:(4.065e-04,4.071e-05,)] [eta: 0:40:13, time (data): 0.339 (0.004)] l0: 4.0362e-02 l1: 4.7797e-02 l2: 4.7054e-02 l3: 4.7739e-02 l4: 6.2665e-02 l3_ssim: 4.0622e-01 l4_ssim: 5.7969e-01 
2025-04-04 18:29:41,600 INFO: Validation RAIN200H,     # psnr: 17.3319
2025-04-04 18:30:23,932 INFO: [RAIN2..][epoch:299, iter:   5,700, lr:(3.911e-04,3.917e-05,)] [eta: 0:39:17, time (data): 0.342 (0.004)] l0: 4.0458e-02 l1: 4.5052e-02 l2: 4.8842e-02 l3: 4.8473e-02 l4: 6.0842e-02 l3_ssim: 4.0118e-01 l4_ssim: 5.7715e-01 
2025-04-04 18:30:38,747 INFO: Validation RAIN200H,     # psnr: 17.1410
2025-04-04 18:31:22,648 INFO: [RAIN2..][epoch:305, iter:   5,800, lr:(3.759e-04,3.764e-05,)] [eta: 0:38:25, time (data): 0.347 (0.008)] l0: 3.9446e-02 l1: 4.5414e-02 l2: 4.4860e-02 l3: 4.5483e-02 l4: 5.9696e-02 l3_ssim: 3.7765e-01 l4_ssim: 5.3543e-01 
2025-04-04 18:31:32,671 INFO: Validation RAIN200H,     # psnr: 16.8447
2025-04-04 18:32:14,536 INFO: [RAIN2..][epoch:310, iter:   5,900, lr:(3.607e-04,3.613e-05,)] [eta: 0:37:28, time (data): 0.338 (0.004)] l0: 3.6289e-02 l1: 4.1969e-02 l2: 4.5001e-02 l3: 4.4482e-02 l4: 5.8987e-02 l3_ssim: 3.8695e-01 l4_ssim: 5.7116e-01 
2025-04-04 18:32:27,686 INFO: Validation RAIN200H,     # psnr: 16.7957
2025-04-04 18:33:10,242 INFO: [RAIN2..][epoch:315, iter:   6,000, lr:(3.457e-04,3.463e-05,)] [eta: 0:36:33, time (data): 0.340 (0.005)] l0: 3.7231e-02 l1: 4.2613e-02 l2: 4.5257e-02 l3: 4.6910e-02 l4: 6.0701e-02 l3_ssim: 4.0537e-01 l4_ssim: 5.8038e-01 
2025-04-04 18:33:10,242 INFO: Saving models and training states.
2025-04-04 18:33:24,524 INFO: Validation RAIN200H,     # psnr: 16.9305
2025-04-04 18:34:08,042 INFO: [RAIN2..][epoch:321, iter:   6,100, lr:(3.308e-04,3.314e-05,)] [eta: 0:35:40, time (data): 1.873 (1.535)] l0: 4.1053e-02 l1: 4.6373e-02 l2: 4.7039e-02 l3: 4.7429e-02 l4: 6.0450e-02 l3_ssim: 3.9539e-01 l4_ssim: 5.6763e-01 
2025-04-04 18:34:22,982 INFO: Validation RAIN200H,     # psnr: 17.3870
2025-04-04 18:35:04,937 INFO: [RAIN2..][epoch:326, iter:   6,200, lr:(3.162e-04,3.168e-05,)] [eta: 0:34:47, time (data): 0.341 (0.004)] l0: 3.8661e-02 l1: 4.0371e-02 l2: 4.3035e-02 l3: 4.2614e-02 l4: 5.5976e-02 l3_ssim: 3.9290e-01 l4_ssim: 5.5635e-01 
2025-04-04 18:35:17,534 INFO: Validation RAIN200H,     # psnr: 16.8613
2025-04-04 18:35:59,811 INFO: [RAIN2..][epoch:331, iter:   6,300, lr:(3.016e-04,3.023e-05,)] [eta: 0:33:52, time (data): 0.341 (0.005)] l0: 4.1285e-02 l1: 4.6619e-02 l2: 4.4704e-02 l3: 4.5073e-02 l4: 5.9128e-02 l3_ssim: 3.8312e-01 l4_ssim: 5.5027e-01 
2025-04-04 18:36:08,651 INFO: Validation RAIN200H,     # psnr: 17.0581
2025-04-04 18:36:50,591 INFO: [RAIN2..][epoch:336, iter:   6,400, lr:(2.873e-04,2.880e-05,)] [eta: 0:32:54, time (data): 0.343 (0.004)] l0: 3.7275e-02 l1: 4.1571e-02 l2: 4.3530e-02 l3: 4.4497e-02 l4: 5.8428e-02 l3_ssim: 3.9245e-01 l4_ssim: 5.6087e-01 
2025-04-04 18:37:03,034 INFO: Validation RAIN200H,     # psnr: 17.0470
2025-04-04 18:37:47,010 INFO: [RAIN2..][epoch:342, iter:   6,500, lr:(2.732e-04,2.739e-05,)] [eta: 0:32:00, time (data): 0.338 (0.004)] l0: 3.2314e-02 l1: 3.8094e-02 l2: 4.0128e-02 l3: 4.2110e-02 l4: 5.5328e-02 l3_ssim: 3.9373e-01 l4_ssim: 5.5797e-01 
2025-04-04 18:37:47,010 INFO: Saving models and training states.
2025-04-04 18:38:03,120 INFO: Validation RAIN200H,     # psnr: 17.3159
2025-04-04 18:38:45,416 INFO: [RAIN2..][epoch:347, iter:   6,600, lr:(2.593e-04,2.600e-05,)] [eta: 0:31:07, time (data): 0.341 (0.004)] l0: 3.8860e-02 l1: 4.2688e-02 l2: 4.7332e-02 l3: 4.7521e-02 l4: 5.9681e-02 l3_ssim: 4.0168e-01 l4_ssim: 5.7451e-01 
2025-04-04 18:39:00,595 INFO: Validation RAIN200H,     # psnr: 17.0894
2025-04-04 18:39:42,476 INFO: [RAIN2..][epoch:352, iter:   6,700, lr:(2.457e-04,2.464e-05,)] [eta: 0:30:13, time (data): 0.338 (0.004)] l0: 3.8502e-02 l1: 4.2760e-02 l2: 4.2138e-02 l3: 4.3702e-02 l4: 5.7146e-02 l3_ssim: 4.0267e-01 l4_ssim: 5.5700e-01 
2025-04-04 18:39:56,656 INFO: Validation RAIN200H,     # psnr: 16.8326
2025-04-04 18:40:38,894 INFO: [RAIN2..][epoch:357, iter:   6,800, lr:(2.323e-04,2.330e-05,)] [eta: 0:29:19, time (data): 0.338 (0.004)] l0: 4.1437e-02 l1: 4.6836e-02 l2: 4.5345e-02 l3: 4.4751e-02 l4: 5.8502e-02 l3_ssim: 3.7514e-01 l4_ssim: 5.7383e-01 
2025-04-04 18:40:51,607 INFO: Validation RAIN200H,     # psnr: 17.0938
2025-04-04 18:41:35,250 INFO: [RAIN2..][epoch:363, iter:   6,900, lr:(2.192e-04,2.199e-05,)] [eta: 0:28:25, time (data): 0.342 (0.004)] l0: 3.4939e-02 l1: 3.9503e-02 l2: 4.3698e-02 l3: 4.5352e-02 l4: 5.8553e-02 l3_ssim: 3.8638e-01 l4_ssim: 5.3814e-01 
2025-04-04 18:41:44,658 INFO: Validation RAIN200H,     # psnr: 16.9438
2025-04-04 18:42:27,080 INFO: [RAIN2..][epoch:368, iter:   7,000, lr:(2.063e-04,2.070e-05,)] [eta: 0:27:28, time (data): 0.344 (0.004)] l0: 3.8401e-02 l1: 4.2267e-02 l2: 4.4917e-02 l3: 4.3717e-02 l4: 5.6878e-02 l3_ssim: 3.8058e-01 l4_ssim: 5.4648e-01 
2025-04-04 18:42:27,080 INFO: Saving models and training states.
2025-04-04 18:42:40,794 INFO: Validation RAIN200H,     # psnr: 17.3394
2025-04-04 18:43:22,551 INFO: [RAIN2..][epoch:373, iter:   7,100, lr:(1.938e-04,1.945e-05,)] [eta: 0:26:33, time (data): 0.343 (0.004)] l0: 3.9406e-02 l1: 4.3024e-02 l2: 4.4779e-02 l3: 4.4496e-02 l4: 5.2290e-02 l3_ssim: 3.9939e-01 l4_ssim: 5.2176e-01 
2025-04-04 18:43:36,776 INFO: Validation RAIN200H,     # psnr: 17.8693
2025-04-04 18:44:19,404 INFO: [RAIN2..][epoch:378, iter:   7,200, lr:(1.815e-04,1.822e-05,)] [eta: 0:25:39, time (data): 0.338 (0.004)] l0: 3.2158e-02 l1: 3.7676e-02 l2: 4.1993e-02 l3: 4.0717e-02 l4: 5.1445e-02 l3_ssim: 3.5840e-01 l4_ssim: 5.1513e-01 
2025-04-04 18:44:33,167 INFO: Validation RAIN200H,     # psnr: 18.4955
2025-04-04 18:45:16,942 INFO: [RAIN2..][epoch:384, iter:   7,300, lr:(1.695e-04,1.703e-05,)] [eta: 0:24:45, time (data): 0.344 (0.006)] l0: 3.4842e-02 l1: 3.9191e-02 l2: 4.2491e-02 l3: 4.4011e-02 l4: 5.0421e-02 l3_ssim: 4.1817e-01 l4_ssim: 5.0698e-01 
2025-04-04 18:45:32,328 INFO: Validation RAIN200H,     # psnr: 18.5655
2025-04-04 18:46:14,111 INFO: [RAIN2..][epoch:389, iter:   7,400, lr:(1.579e-04,1.587e-05,)] [eta: 0:23:51, time (data): 0.339 (0.005)] l0: 3.7019e-02 l1: 4.3491e-02 l2: 4.3970e-02 l3: 4.3904e-02 l4: 5.1093e-02 l3_ssim: 3.8231e-01 l4_ssim: 4.9648e-01 
2025-04-04 18:46:29,236 INFO: Validation RAIN200H,     # psnr: 18.6817
2025-04-04 18:47:11,303 INFO: [RAIN2..][epoch:394, iter:   7,500, lr:(1.466e-04,1.474e-05,)] [eta: 0:22:56, time (data): 0.341 (0.005)] l0: 3.2678e-02 l1: 3.9815e-02 l2: 4.2558e-02 l3: 4.3564e-02 l4: 5.0342e-02 l3_ssim: 3.8998e-01 l4_ssim: 4.9640e-01 
2025-04-04 18:47:11,304 INFO: Saving models and training states.
2025-04-04 18:47:23,789 INFO: Validation RAIN200H,     # psnr: 18.4058
2025-04-04 18:48:05,687 INFO: [RAIN2..][epoch:399, iter:   7,600, lr:(1.357e-04,1.365e-05,)] [eta: 0:22:01, time (data): 0.339 (0.004)] l0: 3.3641e-02 l1: 3.8228e-02 l2: 3.9687e-02 l3: 3.9755e-02 l4: 4.4829e-02 l3_ssim: 3.7534e-01 l4_ssim: 4.5859e-01 
2025-04-04 18:48:17,550 INFO: Validation RAIN200H,     # psnr: 17.9528
2025-04-04 18:49:01,095 INFO: [RAIN2..][epoch:405, iter:   7,700, lr:(1.251e-04,1.259e-05,)] [eta: 0:21:06, time (data): 0.338 (0.004)] l0: 3.6386e-02 l1: 4.3183e-02 l2: 4.5694e-02 l3: 4.6081e-02 l4: 5.1584e-02 l3_ssim: 4.0700e-01 l4_ssim: 4.8019e-01 
2025-04-04 18:49:12,388 INFO: Validation RAIN200H,     # psnr: 18.5464
2025-04-04 18:49:54,342 INFO: [RAIN2..][epoch:410, iter:   7,800, lr:(1.149e-04,1.157e-05,)] [eta: 0:20:11, time (data): 0.338 (0.004)] l0: 3.8224e-02 l1: 4.2867e-02 l2: 4.3148e-02 l3: 4.2672e-02 l4: 5.0845e-02 l3_ssim: 3.7210e-01 l4_ssim: 5.0251e-01 
2025-04-04 18:50:03,129 INFO: Validation RAIN200H,     # psnr: 18.7133
2025-04-04 18:50:45,760 INFO: [RAIN2..][epoch:415, iter:   7,900, lr:(1.051e-04,1.059e-05,)] [eta: 0:19:14, time (data): 0.340 (0.005)] l0: 4.0805e-02 l1: 4.5369e-02 l2: 4.6365e-02 l3: 4.6289e-02 l4: 5.1858e-02 l3_ssim: 4.0283e-01 l4_ssim: 4.9591e-01 
2025-04-04 18:50:59,547 INFO: Validation RAIN200H,     # psnr: 17.7979
2025-04-04 18:51:43,562 INFO: [RAIN2..][epoch:421, iter:   8,000, lr:(9.567e-05,9.649e-06,)] [eta: 0:18:20, time (data): 1.914 (1.573)] l0: 3.3663e-02 l1: 3.8577e-02 l2: 4.1376e-02 l3: 4.2314e-02 l4: 5.0114e-02 l3_ssim: 3.8138e-01 l4_ssim: 4.7464e-01 
2025-04-04 18:51:43,562 INFO: Saving models and training states.
2025-04-04 18:51:56,011 INFO: Validation RAIN200H,     # psnr: 18.6421
2025-04-04 18:52:38,312 INFO: [RAIN2..][epoch:426, iter:   8,100, lr:(8.664e-05,8.746e-06,)] [eta: 0:17:25, time (data): 0.344 (0.007)] l0: 3.3786e-02 l1: 3.8573e-02 l2: 4.1039e-02 l3: 4.4043e-02 l4: 4.7010e-02 l3_ssim: 3.9994e-01 l4_ssim: 4.5066e-01 
2025-04-04 18:52:49,856 INFO: Validation RAIN200H,     # psnr: 18.0145
2025-04-04 18:53:33,376 INFO: [RAIN2..][epoch:431, iter:   8,200, lr:(7.801e-05,7.884e-06,)] [eta: 0:16:30, time (data): 0.347 (0.008)] l0: 4.0546e-02 l1: 4.4724e-02 l2: 4.3781e-02 l3: 4.3148e-02 l4: 4.8529e-02 l3_ssim: 3.6415e-01 l4_ssim: 4.6797e-01 
2025-04-04 18:53:47,022 INFO: Validation RAIN200H,     # psnr: 18.5634
2025-04-04 18:54:29,615 INFO: [RAIN2..][epoch:436, iter:   8,300, lr:(6.980e-05,7.064e-06,)] [eta: 0:15:35, time (data): 0.341 (0.005)] l0: 3.1461e-02 l1: 3.7876e-02 l2: 4.1286e-02 l3: 4.1377e-02 l4: 4.6247e-02 l3_ssim: 3.5015e-01 l4_ssim: 4.3145e-01 
2025-04-04 18:54:39,916 INFO: Validation RAIN200H,     # psnr: 18.6899
2025-04-04 18:55:24,670 INFO: [RAIN2..][epoch:442, iter:   8,400, lr:(6.202e-05,6.286e-06,)] [eta: 0:14:40, time (data): 0.350 (0.010)] l0: 4.0402e-02 l1: 4.4265e-02 l2: 4.1643e-02 l3: 4.1187e-02 l4: 4.7004e-02 l3_ssim: 3.4811e-01 l4_ssim: 4.3742e-01 
2025-04-04 18:55:33,529 INFO: Validation RAIN200H,     # psnr: 18.1001
2025-04-04 18:56:16,620 INFO: [RAIN2..][epoch:447, iter:   8,500, lr:(5.466e-05,5.551e-06,)] [eta: 0:13:44, time (data): 0.340 (0.004)] l0: 4.1923e-02 l1: 4.6703e-02 l2: 4.4301e-02 l3: 4.4615e-02 l4: 4.8824e-02 l3_ssim: 3.7801e-01 l4_ssim: 4.3107e-01 
2025-04-04 18:56:16,620 INFO: Saving models and training states.
2025-04-04 18:56:30,519 INFO: Validation RAIN200H,     # psnr: 18.4193
2025-04-04 18:57:12,312 INFO: [RAIN2..][epoch:452, iter:   8,600, lr:(4.775e-05,4.861e-06,)] [eta: 0:12:50, time (data): 0.339 (0.004)] l0: 3.7762e-02 l1: 4.1663e-02 l2: 3.9913e-02 l3: 4.1282e-02 l4: 4.5312e-02 l3_ssim: 3.7442e-01 l4_ssim: 4.3586e-01 
2025-04-04 18:57:29,408 INFO: Validation RAIN200H,     # psnr: 18.0183
2025-04-04 18:58:11,367 INFO: [RAIN2..][epoch:457, iter:   8,700, lr:(4.128e-05,4.214e-06,)] [eta: 0:11:55, time (data): 0.341 (0.006)] l0: 3.6490e-02 l1: 4.0226e-02 l2: 4.2009e-02 l3: 4.3271e-02 l4: 4.8409e-02 l3_ssim: 3.8580e-01 l4_ssim: 4.5691e-01 
2025-04-04 18:58:26,819 INFO: Validation RAIN200H,     # psnr: 18.3647
2025-04-04 18:59:11,350 INFO: [RAIN2..][epoch:463, iter:   8,800, lr:(3.527e-05,3.613e-06,)] [eta: 0:11:01, time (data): 0.340 (0.004)] l0: 3.5552e-02 l1: 3.9982e-02 l2: 4.2396e-02 l3: 4.2268e-02 l4: 4.5890e-02 l3_ssim: 3.7323e-01 l4_ssim: 4.2948e-01 
2025-04-04 18:59:21,432 INFO: Validation RAIN200H,     # psnr: 18.6927

