2025-04-03 21:34:25,200 INFO: 
                ____                _       _____  ____
               / __ ) ____ _ _____ (_)_____/ ___/ / __ \
              / __  |/ __ `// ___// // ___/\__ \ / /_/ /
             / /_/ // /_/ /(__  )/ // /__ ___/ // _, _/
            /_____/ \__,_//____//_/ \___//____//_/ |_|
     ______                   __   __                 __      __
    / ____/____   ____   ____/ /  / /   __  __ _____ / /__   / /
   / / __ / __ \ / __ \ / __  /  / /   / / / // ___// //_/  / /
  / /_/ // /_/ // /_/ // /_/ /  / /___/ /_/ // /__ / /<    /_/
  \____/ \____/ \____/ \____/  /_____/\____/ \___//_/|_|  (_)
    
Version Information: 
	PyTorch: 2.0.1+cu117
	TorchVision: 0.15.2+cu117
2025-04-03 21:34:25,201 INFO: 
  name: RAIN200H-LPNet_pad_theory
  model_type: LPNetModel
  scale: 1
  num_gpu: 1
  manual_seed: 10
  datasets:[
    train:[
      name: RAIN200H
      type: PairedImageDataset
      dataroot_gt: /scratch/eecs568s001w25_class_root/eecs568s001w25_class/yiweigui/Deep-Fourier-Upsampling/Dataset/RainTrainH_modified/RainTrainH_modified/norain
      dataroot_lq: /scratch/eecs568s001w25_class_root/eecs568s001w25_class/yiweigui/Deep-Fourier-Upsampling/Dataset/RainTrainH_modified/RainTrainH_modified/rain
      filename_tmpl: {}
      io_backend:[
        type: disk
      ]
      gt_size: 128
      use_flip: True
      use_rot: True
      use_shuffle: True
      num_worker_per_gpu: 10
      batch_size_per_gpu: 192
      dataset_enlarge_ratio: 1
      prefetch_mode: None
      phase: train
      scale: 1
    ]
    val:[
      name: RAIN200H
      type: PairedImageDataset
      dataroot_gt: /scratch/eecs568s001w25_class_root/eecs568s001w25_class/yiweigui/Deep-Fourier-Upsampling/Dataset/Rain100H/norain
      dataroot_lq: /scratch/eecs568s001w25_class_root/eecs568s001w25_class/yiweigui/Deep-Fourier-Upsampling/Dataset/Rain100H/rainy
      io_backend:[
        type: disk
      ]
      phase: val
      scale: 1
    ]
  ]
  network_g:[
    type: LPNet_pad_theory
  ]
  path:[
    pretrain_network_g: None
    strict_load_g: True
    resume_state: None
    root: /scratch/eecs568s001w25_class_root/eecs568s001w25_class/yiweigui/Deep-Fourier-Upsampling/Deraining_LPNET
    experiments_root: /scratch/eecs568s001w25_class_root/eecs568s001w25_class/yiweigui/Deep-Fourier-Upsampling/Deraining_LPNET/experiments/RAIN200H-LPNet_pad_theory
    models: /scratch/eecs568s001w25_class_root/eecs568s001w25_class/yiweigui/Deep-Fourier-Upsampling/Deraining_LPNET/experiments/RAIN200H-LPNet_pad_theory/models
    training_states: /scratch/eecs568s001w25_class_root/eecs568s001w25_class/yiweigui/Deep-Fourier-Upsampling/Deraining_LPNET/experiments/RAIN200H-LPNet_pad_theory/training_states
    log: /scratch/eecs568s001w25_class_root/eecs568s001w25_class/yiweigui/Deep-Fourier-Upsampling/Deraining_LPNET/experiments/RAIN200H-LPNet_pad_theory
    visualization: /scratch/eecs568s001w25_class_root/eecs568s001w25_class/yiweigui/Deep-Fourier-Upsampling/Deraining_LPNET/experiments/RAIN200H-LPNet_pad_theory/visualization
  ]
  train:[
    optim_g:[
      type: Adam
      lr: 0.001
      weight_decay: 0
      betas: [0.9, 0.99]
    ]
    scheduler:[
      type: TrueCosineAnnealingLR
      T_max: 10000
      eta_min: 1e-07
    ]
    total_iter: 10000
    warmup_iter: 0
    pixel_opt:[
      type: L1Loss
      loss_weight: 0.5
      reduction: mean
    ]
  ]
  val:[
    val_freq: 100.0
    save_img: False
    grids: False
    crop_size: 256
    max_minibatch: 8
    metrics:[
      psnr:[
        type: calculate_psnr
        crop_border: 0
        test_y_channel: True
      ]
    ]
  ]
  logger:[
    print_freq: 100
    save_checkpoint_freq: 500.0
    use_tb_logger: True
    wandb:[
      project: None
      resume_id: None
    ]
  ]
  dist_params:[
    backend: nccl
    port: 29500
  ]
  is_train: True
  dist: False
  rank: 0
  world_size: 1

2025-04-03 21:34:25,400 INFO: Dataset PairedImageDataset - RAIN200H is created.
2025-04-03 21:34:25,401 INFO: Training statistics:
	Number of train images: 1254
	Dataset enlarge ratio: 1
	Batch size per gpu: 192
	World size (gpu number): 1
	Require iter number per epoch: 7
	Total epochs: 1429; iters: 10000.
2025-04-03 21:34:25,405 INFO: Dataset PairedImageDataset - RAIN200H is created.
2025-04-03 21:34:25,405 INFO: Number of val images/folders in RAIN200H: 100
2025-04-03 21:34:26,082 INFO: Model [LPNetModel] is created.
2025-04-03 21:34:26,793 INFO: Start training from epoch: 0, iter: 0
2025-04-03 21:37:45,377 INFO: [RAIN2..][epoch: 16, iter:     100, lr:(9.998e-04,9.998e-05,)] [eta: 5:25:32, time (data): 0.893 (0.010)] l0: 1.1249e-01 l1: 7.1904e-02 l2: 7.5502e-02 l3: 8.9221e-02 l4: 9.6374e-02 l3_ssim: 5.7550e-01 l4_ssim: 6.2659e-01 
2025-04-03 21:37:54,766 INFO: Validation RAIN200H,		 # psnr: 14.6587
2025-04-03 21:40:58,577 INFO: [RAIN2..][epoch: 33, iter:     200, lr:(9.990e-04,9.990e-05,)] [eta: 5:18:54, time (data): 0.895 (0.014)] l0: 6.7333e-02 l1: 5.3294e-02 l2: 6.2700e-02 l3: 7.6055e-02 l4: 8.6283e-02 l3_ssim: 5.3706e-01 l4_ssim: 6.1065e-01 
2025-04-03 21:41:06,324 INFO: Validation RAIN200H,		 # psnr: 15.1835
2025-04-03 21:44:02,482 INFO: [RAIN2..][epoch: 49, iter:     300, lr:(9.978e-04,9.978e-05,)] [eta: 5:09:33, time (data): 0.893 (0.011)] l0: 3.9637e-02 l1: 4.7813e-02 l2: 5.6427e-02 l3: 6.6406e-02 l4: 7.8212e-02 l3_ssim: 5.1421e-01 l4_ssim: 5.9014e-01 
2025-04-03 21:44:10,299 INFO: Validation RAIN200H,		 # psnr: 15.9452
2025-04-03 21:47:28,758 INFO: [RAIN2..][epoch: 66, iter:     400, lr:(9.961e-04,9.961e-05,)] [eta: 5:12:15, time (data): 0.892 (0.010)] l0: 3.5437e-02 l1: 4.4708e-02 l2: 5.3768e-02 l3: 6.4829e-02 l4: 7.5729e-02 l3_ssim: 4.9794e-01 l4_ssim: 5.7954e-01 
2025-04-03 21:47:38,308 INFO: Validation RAIN200H,		 # psnr: 16.7817
2025-04-03 21:50:49,178 INFO: [RAIN2..][epoch: 83, iter:     500, lr:(9.939e-04,9.939e-05,)] [eta: 5:10:39, time (data): 0.891 (0.010)] l0: 3.8727e-02 l1: 4.6130e-02 l2: 5.5738e-02 l3: 6.5757e-02 l4: 7.4409e-02 l3_ssim: 5.0338e-01 l4_ssim: 5.8435e-01 
2025-04-03 21:50:49,179 INFO: Saving models and training states.
2025-04-03 21:50:57,812 INFO: Validation RAIN200H,		 # psnr: 17.0016
2025-04-03 21:54:06,548 INFO: [RAIN2..][epoch: 99, iter:     600, lr:(9.912e-04,9.912e-05,)] [eta: 5:07:41, time (data): 0.892 (0.010)] l0: 3.6795e-02 l1: 4.4372e-02 l2: 5.5345e-02 l3: 6.2030e-02 l4: 6.9989e-02 l3_ssim: 5.2125e-01 l4_ssim: 6.0003e-01 
2025-04-03 21:54:16,675 INFO: Validation RAIN200H,		 # psnr: 17.5191
2025-04-03 21:57:32,487 INFO: [RAIN2..][epoch:116, iter:     700, lr:(9.880e-04,9.880e-05,)] [eta: 5:06:31, time (data): 0.891 (0.010)] l0: 3.5807e-02 l1: 4.1989e-02 l2: 5.2932e-02 l3: 5.9830e-02 l4: 7.1417e-02 l3_ssim: 5.0516e-01 l4_ssim: 5.8965e-01 
2025-04-03 21:57:40,903 INFO: Validation RAIN200H,		 # psnr: 18.2409
2025-04-03 22:00:43,541 INFO: [RAIN2..][epoch:133, iter:     800, lr:(9.843e-04,9.843e-05,)] [eta: 5:01:56, time (data): 0.892 (0.010)] l0: 3.7862e-02 l1: 4.3620e-02 l2: 5.4563e-02 l3: 5.9616e-02 l4: 7.0603e-02 l3_ssim: 5.0087e-01 l4_ssim: 5.9008e-01 
2025-04-03 22:00:52,746 INFO: Validation RAIN200H,		 # psnr: 18.0019
2025-04-03 22:03:51,402 INFO: [RAIN2..][epoch:149, iter:     900, lr:(9.802e-04,9.802e-05,)] [eta: 4:57:07, time (data): 0.892 (0.010)] l0: 3.6115e-02 l1: 4.2588e-02 l2: 5.3319e-02 l3: 5.8169e-02 l4: 6.9527e-02 l3_ssim: 5.0692e-01 l4_ssim: 5.9887e-01 
2025-04-03 22:04:00,148 INFO: Validation RAIN200H,		 # psnr: 18.1241
2025-04-03 22:07:06,083 INFO: [RAIN2..][epoch:166, iter:   1,000, lr:(9.756e-04,9.756e-05,)] [eta: 4:53:40, time (data): 0.891 (0.010)] l0: 3.8785e-02 l1: 4.4294e-02 l2: 5.4626e-02 l3: 5.7754e-02 l4: 6.8172e-02 l3_ssim: 4.6794e-01 l4_ssim: 5.5758e-01 
2025-04-03 22:07:06,084 INFO: Saving models and training states.
2025-04-03 22:07:14,855 INFO: Validation RAIN200H,		 # psnr: 18.2077
2025-04-03 22:10:21,515 INFO: [RAIN2..][epoch:183, iter:   1,100, lr:(9.705e-04,9.705e-05,)] [eta: 4:50:21, time (data): 0.892 (0.010)] l0: 3.6169e-02 l1: 4.1621e-02 l2: 5.1663e-02 l3: 5.5829e-02 l4: 6.8421e-02 l3_ssim: 4.8237e-01 l4_ssim: 5.7856e-01 
2025-04-03 22:10:30,732 INFO: Validation RAIN200H,		 # psnr: 17.9873
2025-04-03 22:13:25,419 INFO: [RAIN2..][epoch:199, iter:   1,200, lr:(9.649e-04,9.650e-05,)] [eta: 4:45:38, time (data): 0.895 (0.013)] l0: 3.7289e-02 l1: 4.1922e-02 l2: 5.1672e-02 l3: 5.6509e-02 l4: 6.7813e-02 l3_ssim: 4.8797e-01 l4_ssim: 5.8138e-01 
2025-04-03 22:13:34,813 INFO: Validation RAIN200H,		 # psnr: 17.8405
2025-04-03 22:16:39,612 INFO: [RAIN2..][epoch:216, iter:   1,300, lr:(9.589e-04,9.590e-05,)] [eta: 4:42:20, time (data): 0.892 (0.010)] l0: 3.8528e-02 l1: 4.4735e-02 l2: 5.4394e-02 l3: 6.1740e-02 l4: 6.9110e-02 l3_ssim: 4.8971e-01 l4_ssim: 5.5637e-01 
2025-04-03 22:16:47,510 INFO: Validation RAIN200H,		 # psnr: 17.5529
2025-04-03 22:19:49,097 INFO: [RAIN2..][epoch:233, iter:   1,400, lr:(9.525e-04,9.525e-05,)] [eta: 4:38:33, time (data): 0.891 (0.010)] l0: 3.9392e-02 l1: 4.5249e-02 l2: 5.5215e-02 l3: 5.9737e-02 l4: 6.7774e-02 l3_ssim: 4.8833e-01 l4_ssim: 5.7183e-01 
2025-04-03 22:19:57,290 INFO: Validation RAIN200H,		 # psnr: 18.1874
2025-04-03 22:22:53,603 INFO: [RAIN2..][epoch:249, iter:   1,500, lr:(9.456e-04,9.456e-05,)] [eta: 4:34:23, time (data): 0.891 (0.010)] l0: 3.7123e-02 l1: 4.2175e-02 l2: 5.1712e-02 l3: 5.4063e-02 l4: 6.7178e-02 l3_ssim: 4.9897e-01 l4_ssim: 5.9251e-01 
2025-04-03 22:22:53,604 INFO: Saving models and training states.
2025-04-03 22:23:01,604 INFO: Validation RAIN200H,		 # psnr: 18.3059
2025-04-03 22:26:03,039 INFO: [RAIN2..][epoch:266, iter:   1,600, lr:(9.382e-04,9.383e-05,)] [eta: 4:30:46, time (data): 0.894 (0.013)] l0: 3.7090e-02 l1: 4.2578e-02 l2: 5.1893e-02 l3: 5.2559e-02 l4: 6.6378e-02 l3_ssim: 5.0904e-01 l4_ssim: 6.0252e-01 
2025-04-03 22:26:12,006 INFO: Validation RAIN200H,		 # psnr: 17.9140
2025-04-03 22:29:12,662 INFO: [RAIN2..][epoch:283, iter:   1,700, lr:(9.305e-04,9.305e-05,)] [eta: 4:27:14, time (data): 0.893 (0.011)] l0: 3.4997e-02 l1: 3.9284e-02 l2: 4.8436e-02 l3: 4.9766e-02 l4: 6.2185e-02 l3_ssim: 4.8152e-01 l4_ssim: 5.7033e-01 
2025-04-03 22:29:20,816 INFO: Validation RAIN200H,		 # psnr: 18.5460
2025-04-03 22:32:18,579 INFO: [RAIN2..][epoch:299, iter:   1,800, lr:(9.223e-04,9.223e-05,)] [eta: 4:23:28, time (data): 0.892 (0.010)] l0: 3.6434e-02 l1: 4.0968e-02 l2: 4.9978e-02 l3: 5.1650e-02 l4: 6.3883e-02 l3_ssim: 4.8709e-01 l4_ssim: 5.8127e-01 
2025-04-03 22:32:26,798 INFO: Validation RAIN200H,		 # psnr: 18.4241
2025-04-03 22:35:30,318 INFO: [RAIN2..][epoch:316, iter:   1,900, lr:(9.136e-04,9.137e-05,)] [eta: 4:20:11, time (data): 0.893 (0.011)] l0: 3.8288e-02 l1: 4.2381e-02 l2: 5.1047e-02 l3: 5.2347e-02 l4: 6.1876e-02 l3_ssim: 4.6915e-01 l4_ssim: 5.3596e-01 
2025-04-03 22:35:38,686 INFO: Validation RAIN200H,		 # psnr: 18.5128
2025-04-03 22:38:38,267 INFO: [RAIN2..][epoch:333, iter:   2,000, lr:(9.046e-04,9.047e-05,)] [eta: 4:16:39, time (data): 0.894 (0.013)] l0: 3.6796e-02 l1: 4.2614e-02 l2: 5.0891e-02 l3: 5.0695e-02 l4: 5.6782e-02 l3_ssim: 4.7026e-01 l4_ssim: 4.7540e-01 
2025-04-03 22:38:38,267 INFO: Saving models and training states.
2025-04-03 22:38:46,451 INFO: Validation RAIN200H,		 # psnr: 19.5044
2025-04-03 22:41:41,172 INFO: [RAIN2..][epoch:349, iter:   2,100, lr:(8.952e-04,8.953e-05,)] [eta: 4:12:50, time (data): 0.892 (0.010)] l0: 3.7166e-02 l1: 4.1796e-02 l2: 5.0933e-02 l3: 5.0387e-02 l4: 5.0880e-02 l3_ssim: 4.8141e-01 l4_ssim: 4.4727e-01 
2025-04-03 22:41:49,098 INFO: Validation RAIN200H,		 # psnr: 20.0567
2025-04-03 22:44:50,089 INFO: [RAIN2..][epoch:366, iter:   2,200, lr:(8.854e-04,8.855e-05,)] [eta: 4:09:27, time (data): 0.891 (0.010)] l0: 3.8060e-02 l1: 4.2642e-02 l2: 5.1694e-02 l3: 5.0296e-02 l4: 5.0617e-02 l3_ssim: 4.7277e-01 l4_ssim: 4.1386e-01 
2025-04-03 22:44:58,509 INFO: Validation RAIN200H,		 # psnr: 20.1507
2025-04-03 22:47:57,829 INFO: [RAIN2..][epoch:383, iter:   2,300, lr:(8.752e-04,8.753e-05,)] [eta: 4:06:01, time (data): 0.892 (0.010)] l0: 3.8606e-02 l1: 4.2291e-02 l2: 5.1204e-02 l3: 4.9736e-02 l4: 4.8576e-02 l3_ssim: 4.7677e-01 l4_ssim: 4.1236e-01 
2025-04-03 22:48:05,768 INFO: Validation RAIN200H,		 # psnr: 19.8281
2025-04-03 22:51:00,110 INFO: [RAIN2..][epoch:399, iter:   2,400, lr:(8.646e-04,8.647e-05,)] [eta: 4:02:19, time (data): 0.893 (0.010)] l0: 3.8765e-02 l1: 4.2770e-02 l2: 5.1974e-02 l3: 4.8509e-02 l4: 4.7530e-02 l3_ssim: 4.5021e-01 l4_ssim: 3.9325e-01 
2025-04-03 22:51:08,127 INFO: Validation RAIN200H,		 # psnr: 19.9280
2025-04-03 22:54:02,621 INFO: [RAIN2..][epoch:416, iter:   2,500, lr:(8.537e-04,8.538e-05,)] [eta: 3:58:41, time (data): 0.892 (0.010)] l0: 3.9393e-02 l1: 4.3767e-02 l2: 5.2186e-02 l3: 4.7319e-02 l4: 4.6865e-02 l3_ssim: 4.3899e-01 l4_ssim: 3.9553e-01 
2025-04-03 22:54:02,622 INFO: Saving models and training states.
2025-04-03 22:54:10,524 INFO: Validation RAIN200H,		 # psnr: 19.6495
2025-04-03 22:57:07,541 INFO: [RAIN2..][epoch:433, iter:   2,600, lr:(8.424e-04,8.425e-05,)] [eta: 3:55:13, time (data): 0.891 (0.010)] l0: 3.7859e-02 l1: 4.1740e-02 l2: 5.0771e-02 l3: 4.8015e-02 l4: 4.7183e-02 l3_ssim: 4.3610e-01 l4_ssim: 3.9500e-01 
2025-04-03 22:57:16,138 INFO: Validation RAIN200H,		 # psnr: 20.5019
2025-04-03 23:00:11,470 INFO: [RAIN2..][epoch:449, iter:   2,700, lr:(8.308e-04,8.309e-05,)] [eta: 3:51:44, time (data): 0.891 (0.010)] l0: 3.7538e-02 l1: 4.1874e-02 l2: 4.9965e-02 l3: 4.5043e-02 l4: 4.5320e-02 l3_ssim: 4.2221e-01 l4_ssim: 3.7299e-01 
2025-04-03 23:00:19,944 INFO: Validation RAIN200H,		 # psnr: 20.8725
2025-04-03 23:03:16,817 INFO: [RAIN2..][epoch:466, iter:   2,800, lr:(8.189e-04,8.190e-05,)] [eta: 3:48:20, time (data): 0.892 (0.010)] l0: 3.5562e-02 l1: 3.9896e-02 l2: 4.8621e-02 l3: 4.5469e-02 l4: 4.5620e-02 l3_ssim: 4.1914e-01 l4_ssim: 3.6094e-01 
2025-04-03 23:03:25,499 INFO: Validation RAIN200H,		 # psnr: 20.9709
2025-04-03 23:06:22,454 INFO: [RAIN2..][epoch:483, iter:   2,900, lr:(8.066e-04,8.068e-05,)] [eta: 3:44:59, time (data): 0.892 (0.010)] l0: 3.5834e-02 l1: 4.0899e-02 l2: 4.9329e-02 l3: 4.4773e-02 l4: 4.5058e-02 l3_ssim: 4.0990e-01 l4_ssim: 3.6982e-01 
2025-04-03 23:06:30,914 INFO: Validation RAIN200H,		 # psnr: 20.9420
2025-04-03 23:09:23,426 INFO: [RAIN2..][epoch:499, iter:   3,000, lr:(7.940e-04,7.942e-05,)] [eta: 3:41:27, time (data): 0.892 (0.011)] l0: 3.7519e-02 l1: 4.1867e-02 l2: 5.0008e-02 l3: 4.4743e-02 l4: 4.4865e-02 l3_ssim: 3.8882e-01 l4_ssim: 3.5457e-01 
2025-04-03 23:09:23,426 INFO: Saving models and training states.
2025-04-03 23:09:31,529 INFO: Validation RAIN200H,		 # psnr: 20.5354
2025-04-03 23:12:30,049 INFO: [RAIN2..][epoch:516, iter:   3,100, lr:(7.812e-04,7.814e-05,)] [eta: 3:38:10, time (data): 0.892 (0.010)] l0: 3.7053e-02 l1: 4.1628e-02 l2: 4.8903e-02 l3: 4.6592e-02 l4: 4.6111e-02 l3_ssim: 4.0173e-01 l4_ssim: 3.5893e-01 
2025-04-03 23:12:37,860 INFO: Validation RAIN200H,		 # psnr: 21.2315
2025-04-03 23:15:39,096 INFO: [RAIN2..][epoch:533, iter:   3,200, lr:(7.681e-04,7.683e-05,)] [eta: 3:34:59, time (data): 0.892 (0.010)] l0: 3.8599e-02 l1: 4.2409e-02 l2: 4.9584e-02 l3: 4.4750e-02 l4: 4.4661e-02 l3_ssim: 3.9507e-01 l4_ssim: 3.5290e-01 
2025-04-03 23:15:48,281 INFO: Validation RAIN200H,		 # psnr: 20.7503
2025-04-03 23:18:42,829 INFO: [RAIN2..][epoch:549, iter:   3,300, lr:(7.547e-04,7.549e-05,)] [eta: 3:31:37, time (data): 0.892 (0.010)] l0: 3.8272e-02 l1: 4.2550e-02 l2: 4.9128e-02 l3: 4.1728e-02 l4: 4.2253e-02 l3_ssim: 3.7434e-01 l4_ssim: 3.6219e-01 
2025-04-03 23:18:52,213 INFO: Validation RAIN200H,		 # psnr: 21.6357
2025-04-03 23:21:54,662 INFO: [RAIN2..][epoch:566, iter:   3,400, lr:(7.410e-04,7.413e-05,)] [eta: 3:28:32, time (data): 0.894 (0.012)] l0: 3.7984e-02 l1: 4.1888e-02 l2: 4.8061e-02 l3: 4.2216e-02 l4: 4.1816e-02 l3_ssim: 3.8533e-01 l4_ssim: 3.3982e-01 
2025-04-03 23:22:03,693 INFO: Validation RAIN200H,		 # psnr: 21.7404
2025-04-03 23:25:00,884 INFO: [RAIN2..][epoch:583, iter:   3,500, lr:(7.272e-04,7.274e-05,)] [eta: 3:25:16, time (data): 0.893 (0.012)] l0: 3.8099e-02 l1: 4.2353e-02 l2: 4.8577e-02 l3: 4.2866e-02 l4: 4.2467e-02 l3_ssim: 3.9084e-01 l4_ssim: 3.5019e-01 
2025-04-03 23:25:00,885 INFO: Saving models and training states.
2025-04-03 23:25:09,516 INFO: Validation RAIN200H,		 # psnr: 21.8064
2025-04-03 23:28:17,890 INFO: [RAIN2..][epoch:599, iter:   3,600, lr:(7.131e-04,7.133e-05,)] [eta: 3:22:20, time (data): 0.892 (0.010)] l0: 3.6126e-02 l1: 3.9939e-02 l2: 4.6336e-02 l3: 4.1168e-02 l4: 4.1856e-02 l3_ssim: 3.7623e-01 l4_ssim: 3.4649e-01 
2025-04-03 23:28:27,895 INFO: Validation RAIN200H,		 # psnr: 21.5570
2025-04-03 23:31:33,598 INFO: [RAIN2..][epoch:616, iter:   3,700, lr:(6.987e-04,6.990e-05,)] [eta: 3:19:20, time (data): 0.892 (0.010)] l0: 3.4548e-02 l1: 3.9324e-02 l2: 4.5339e-02 l3: 4.2625e-02 l4: 4.2519e-02 l3_ssim: 3.7789e-01 l4_ssim: 3.3640e-01 
2025-04-03 23:31:42,825 INFO: Validation RAIN200H,		 # psnr: 20.7162
2025-04-03 23:34:49,915 INFO: [RAIN2..][epoch:633, iter:   3,800, lr:(6.842e-04,6.845e-05,)] [eta: 3:16:21, time (data): 0.893 (0.011)] l0: 3.9776e-02 l1: 4.3656e-02 l2: 4.9788e-02 l3: 4.2175e-02 l4: 4.4440e-02 l3_ssim: 3.5371e-01 l4_ssim: 3.3534e-01 
2025-04-03 23:34:59,422 INFO: Validation RAIN200H,		 # psnr: 20.6681
2025-04-03 23:38:03,913 INFO: [RAIN2..][epoch:649, iter:   3,900, lr:(6.695e-04,6.698e-05,)] [eta: 3:13:17, time (data): 0.891 (0.010)] l0: 3.7683e-02 l1: 4.1500e-02 l2: 4.7635e-02 l3: 4.2334e-02 l4: 4.2142e-02 l3_ssim: 3.6671e-01 l4_ssim: 3.3418e-01 
2025-04-03 23:38:12,730 INFO: Validation RAIN200H,		 # psnr: 21.6108
2025-04-03 23:41:13,511 INFO: [RAIN2..][epoch:666, iter:   4,000, lr:(6.547e-04,6.550e-05,)] [eta: 3:10:06, time (data): 0.891 (0.010)] l0: 3.7229e-02 l1: 4.0723e-02 l2: 4.6358e-02 l3: 4.1419e-02 l4: 4.1742e-02 l3_ssim: 3.7089e-01 l4_ssim: 3.3501e-01 
2025-04-03 23:41:13,511 INFO: Saving models and training states.
2025-04-03 23:41:21,306 INFO: Validation RAIN200H,		 # psnr: 21.9326
2025-04-03 23:44:14,566 INFO: [RAIN2..][epoch:683, iter:   4,100, lr:(6.397e-04,6.400e-05,)] [eta: 3:06:43, time (data): 0.893 (0.011)] l0: 3.8989e-02 l1: 4.3348e-02 l2: 4.9399e-02 l3: 4.2062e-02 l4: 4.2851e-02 l3_ssim: 3.6168e-01 l4_ssim: 3.3504e-01 
2025-04-03 23:44:22,315 INFO: Validation RAIN200H,		 # psnr: 21.6270
2025-04-03 23:47:11,117 INFO: [RAIN2..][epoch:699, iter:   4,200, lr:(6.245e-04,6.249e-05,)] [eta: 3:03:14, time (data): 0.893 (0.011)] l0: 4.0949e-02 l1: 4.4943e-02 l2: 5.1750e-02 l3: 4.4782e-02 l4: 4.2927e-02 l3_ssim: 3.6870e-01 l4_ssim: 3.3985e-01 
2025-04-03 23:47:19,450 INFO: Validation RAIN200H,		 # psnr: 20.0867
2025-04-03 23:50:15,866 INFO: [RAIN2..][epoch:716, iter:   4,300, lr:(6.093e-04,6.096e-05,)] [eta: 2:59:58, time (data): 0.892 (0.010)] l0: 4.0568e-02 l1: 4.3677e-02 l2: 4.8925e-02 l3: 4.1465e-02 l4: 4.2144e-02 l3_ssim: 3.5026e-01 l4_ssim: 3.2726e-01 
2025-04-03 23:50:24,052 INFO: Validation RAIN200H,		 # psnr: 21.4168
2025-04-03 23:53:16,608 INFO: [RAIN2..][epoch:733, iter:   4,400, lr:(5.939e-04,5.943e-05,)] [eta: 2:56:38, time (data): 0.893 (0.012)] l0: 4.0132e-02 l1: 4.3813e-02 l2: 4.9976e-02 l3: 4.1921e-02 l4: 4.3290e-02 l3_ssim: 3.5799e-01 l4_ssim: 3.3813e-01 
2025-04-03 23:53:24,975 INFO: Validation RAIN200H,		 # psnr: 22.1726
2025-04-03 23:56:12,640 INFO: [RAIN2..][epoch:749, iter:   4,500, lr:(5.784e-04,5.788e-05,)] [eta: 2:53:12, time (data): 0.892 (0.010)] l0: 3.8031e-02 l1: 4.2565e-02 l2: 4.8848e-02 l3: 4.1785e-02 l4: 4.1871e-02 l3_ssim: 3.5718e-01 l4_ssim: 3.3056e-01 
2025-04-03 23:56:12,640 INFO: Saving models and training states.
2025-04-03 23:56:20,814 INFO: Validation RAIN200H,		 # psnr: 22.1481
2025-04-03 23:59:11,219 INFO: [RAIN2..][epoch:766, iter:   4,600, lr:(5.629e-04,5.633e-05,)] [eta: 2:49:51, time (data): 0.892 (0.010)] l0: 3.5539e-02 l1: 3.9763e-02 l2: 4.5529e-02 l3: 4.1337e-02 l4: 4.1499e-02 l3_ssim: 3.5935e-01 l4_ssim: 3.2639e-01 
2025-04-03 23:59:19,629 INFO: Validation RAIN200H,		 # psnr: 21.7744
2025-04-04 00:02:09,088 INFO: [RAIN2..][epoch:783, iter:   4,700, lr:(5.473e-04,5.477e-05,)] [eta: 2:46:30, time (data): 0.894 (0.013)] l0: 3.6377e-02 l1: 4.0113e-02 l2: 4.6746e-02 l3: 4.0752e-02 l4: 4.1174e-02 l3_ssim: 3.5992e-01 l4_ssim: 3.3067e-01 
2025-04-04 00:02:17,494 INFO: Validation RAIN200H,		 # psnr: 22.3162
2025-04-04 00:05:03,240 INFO: [RAIN2..][epoch:799, iter:   4,800, lr:(5.316e-04,5.320e-05,)] [eta: 2:43:06, time (data): 0.892 (0.010)] l0: 3.5991e-02 l1: 4.0870e-02 l2: 4.6117e-02 l3: 4.0617e-02 l4: 4.1780e-02 l3_ssim: 3.3257e-01 l4_ssim: 3.1932e-01 
2025-04-04 00:05:11,441 INFO: Validation RAIN200H,		 # psnr: 21.9397
2025-04-04 00:08:02,008 INFO: [RAIN2..][epoch:816, iter:   4,900, lr:(5.159e-04,5.163e-05,)] [eta: 2:39:48, time (data): 0.921 (0.010)] l0: 3.4843e-02 l1: 3.8896e-02 l2: 4.5289e-02 l3: 3.9212e-02 l4: 3.8995e-02 l3_ssim: 3.4179e-01 l4_ssim: 3.1320e-01 
2025-04-04 00:08:10,989 INFO: Validation RAIN200H,		 # psnr: 20.7732
2025-04-04 00:11:04,655 INFO: [RAIN2..][epoch:833, iter:   5,000, lr:(5.002e-04,5.007e-05,)] [eta: 2:36:34, time (data): 0.925 (0.010)] l0: 3.7123e-02 l1: 4.0605e-02 l2: 4.6811e-02 l3: 4.0148e-02 l4: 4.1089e-02 l3_ssim: 3.4164e-01 l4_ssim: 3.2601e-01 
2025-04-04 00:11:04,655 INFO: Saving models and training states.
2025-04-04 00:11:14,513 INFO: Validation RAIN200H,		 # psnr: 22.3485
2025-04-04 00:14:05,118 INFO: [RAIN2..][epoch:849, iter:   5,100, lr:(4.845e-04,4.850e-05,)] [eta: 2:33:19, time (data): 0.892 (0.010)] l0: 3.7688e-02 l1: 4.0507e-02 l2: 4.7191e-02 l3: 3.9915e-02 l4: 4.2028e-02 l3_ssim: 3.3042e-01 l4_ssim: 3.1952e-01 
2025-04-04 00:14:13,543 INFO: Validation RAIN200H,		 # psnr: 21.4606
2025-04-04 00:17:05,790 INFO: [RAIN2..][epoch:866, iter:   5,200, lr:(4.688e-04,4.693e-05,)] [eta: 2:30:05, time (data): 0.892 (0.010)] l0: 3.8724e-02 l1: 4.2524e-02 l2: 4.8044e-02 l3: 4.0919e-02 l4: 4.0694e-02 l3_ssim: 3.6035e-01 l4_ssim: 3.2323e-01 
2025-04-04 00:17:14,133 INFO: Validation RAIN200H,		 # psnr: 21.2554
2025-04-04 13:01:05,751 INFO: [RAIN2..][epoch:882, iter:   5,300, lr:(4.532e-04,4.536e-05,)] [eta: 5:20:13, time (data): 0.894 (0.009)] l0: 3.7884e-02 l1: 4.1342e-02 l2: 4.7042e-02 l3: 3.9651e-02 l4: 3.9720e-02 l3_ssim: 3.3410e-01 l4_ssim: 3.1439e-01 
2025-04-04 13:01:19,948 INFO: Validation RAIN200H,		 # psnr: 21.4307
2025-04-04 13:07:41,921 INFO: [RAIN2..][epoch:899, iter:   5,400, lr:(4.375e-04,4.381e-05,)] [eta: 5:10:58, time (data): 0.894 (0.009)] l0: 3.4442e-02 l1: 3.8933e-02 l2: 4.4017e-02 l3: 3.8978e-02 l4: 3.9177e-02 l3_ssim: 3.5684e-01 l4_ssim: 3.1325e-01 
2025-04-04 13:07:53,523 INFO: Validation RAIN200H,		 # psnr: 21.7456
2025-04-04 13:14:17,058 INFO: [RAIN2..][epoch:916, iter:   5,500, lr:(4.220e-04,4.225e-05,)] [eta: 5:02:37, time (data): 0.894 (0.009)] l0: 3.9248e-02 l1: 4.2660e-02 l2: 4.8161e-02 l3: 4.0602e-02 l4: 4.0934e-02 l3_ssim: 3.5529e-01 l4_ssim: 3.1726e-01 
2025-04-04 13:14:17,058 INFO: Saving models and training states.
2025-04-04 13:14:29,461 INFO: Validation RAIN200H,		 # psnr: 21.9120
2025-04-04 13:20:30,938 INFO: [RAIN2..][epoch:932, iter:   5,600, lr:(4.065e-04,4.071e-05,)] [eta: 4:52:16, time (data): 0.894 (0.009)] l0: 3.6876e-02 l1: 3.9618e-02 l2: 4.5891e-02 l3: 3.9620e-02 l4: 4.0801e-02 l3_ssim: 3.3801e-01 l4_ssim: 3.1920e-01 
2025-04-04 13:20:43,118 INFO: Validation RAIN200H,		 # psnr: 21.3317
2025-04-04 13:27:00,159 INFO: [RAIN2..][epoch:949, iter:   5,700, lr:(3.911e-04,3.917e-05,)] [eta: 4:44:40, time (data): 0.894 (0.009)] l0: 3.7868e-02 l1: 4.1914e-02 l2: 4.6831e-02 l3: 4.0353e-02 l4: 3.9999e-02 l3_ssim: 3.5373e-01 l4_ssim: 3.2452e-01 
2025-04-04 13:27:12,177 INFO: Validation RAIN200H,		 # psnr: 21.5926
2025-04-04 13:33:33,673 INFO: [RAIN2..][epoch:966, iter:   5,800, lr:(3.759e-04,3.764e-05,)] [eta: 4:37:43, time (data): 0.895 (0.010)] l0: 3.9137e-02 l1: 4.2220e-02 l2: 4.7634e-02 l3: 3.9887e-02 l4: 4.1646e-02 l3_ssim: 3.5424e-01 l4_ssim: 3.1918e-01 
2025-04-04 13:33:46,478 INFO: Validation RAIN200H,		 # psnr: 22.0169
2025-04-04 13:39:48,909 INFO: [RAIN2..][epoch:982, iter:   5,900, lr:(3.607e-04,3.613e-05,)] [eta: 4:29:28, time (data): 0.894 (0.009)] l0: 3.9239e-02 l1: 4.2751e-02 l2: 4.8679e-02 l3: 3.8943e-02 l4: 4.0506e-02 l3_ssim: 3.4472e-01 l4_ssim: 3.2177e-01 
2025-04-04 13:39:59,351 INFO: Validation RAIN200H,		 # psnr: 22.0304
2025-04-04 13:46:11,817 INFO: [RAIN2..][epoch:999, iter:   6,000, lr:(3.457e-04,3.463e-05,)] [eta: 4:22:07, time (data): 0.894 (0.009)] l0: 3.6411e-02 l1: 4.0053e-02 l2: 4.5801e-02 l3: 3.9685e-02 l4: 3.9846e-02 l3_ssim: 3.4458e-01 l4_ssim: 3.1840e-01 
2025-04-04 13:46:11,817 INFO: Saving models and training states.
2025-04-04 13:46:23,976 INFO: Validation RAIN200H,		 # psnr: 22.3602
2025-04-04 13:52:38,455 INFO: [RAIN2..][epoch:1016, iter:   6,100, lr:(3.308e-04,3.314e-05,)] [eta: 4:15:10, time (data): 0.894 (0.009)] l0: 3.7325e-02 l1: 4.1393e-02 l2: 4.6123e-02 l3: 3.9432e-02 l4: 3.9554e-02 l3_ssim: 3.3196e-01 l4_ssim: 3.1146e-01 
2025-04-04 13:52:48,342 INFO: Validation RAIN200H,		 # psnr: 21.2172
2025-04-04 13:58:46,854 INFO: [RAIN2..][epoch:1032, iter:   6,200, lr:(3.162e-04,3.168e-05,)] [eta: 4:07:21, time (data): 0.894 (0.009)] l0: 3.4987e-02 l1: 3.9323e-02 l2: 4.5229e-02 l3: 3.8106e-02 l4: 3.8841e-02 l3_ssim: 3.3397e-01 l4_ssim: 3.1376e-01 
2025-04-04 13:58:56,823 INFO: Validation RAIN200H,		 # psnr: 21.9921
2025-04-04 14:05:10,503 INFO: [RAIN2..][epoch:1049, iter:   6,300, lr:(3.016e-04,3.023e-05,)] [eta: 4:00:30, time (data): 0.894 (0.009)] l0: 3.8142e-02 l1: 4.1690e-02 l2: 4.6861e-02 l3: 3.9856e-02 l4: 3.9133e-02 l3_ssim: 3.4892e-01 l4_ssim: 3.0717e-01 
2025-04-04 14:05:21,726 INFO: Validation RAIN200H,		 # psnr: 21.8298
2025-04-04 14:11:36,921 INFO: [RAIN2..][epoch:1066, iter:   6,400, lr:(2.873e-04,2.880e-05,)] [eta: 3:53:50, time (data): 0.894 (0.009)] l0: 3.8742e-02 l1: 4.2865e-02 l2: 4.7973e-02 l3: 3.9830e-02 l4: 4.2030e-02 l3_ssim: 3.4202e-01 l4_ssim: 3.2402e-01 
2025-04-04 14:11:49,093 INFO: Validation RAIN200H,		 # psnr: 21.7011
2025-04-04 14:17:48,528 INFO: [RAIN2..][epoch:1082, iter:   6,500, lr:(2.732e-04,2.739e-05,)] [eta: 3:46:38, time (data): 0.894 (0.009)] l0: 3.5857e-02 l1: 4.0676e-02 l2: 4.5843e-02 l3: 3.8556e-02 l4: 3.9485e-02 l3_ssim: 3.3499e-01 l4_ssim: 3.1052e-01 
2025-04-04 14:17:48,529 INFO: Saving models and training states.
2025-04-04 14:17:59,197 INFO: Validation RAIN200H,		 # psnr: 21.1405
