2025-04-03 14:26:54,394 INFO: 
                ____                _       _____  ____
               / __ ) ____ _ _____ (_)_____/ ___/ / __ \
              / __  |/ __ `// ___// // ___/\__ \ / /_/ /
             / /_/ // /_/ /(__  )/ // /__ ___/ // _, _/
            /_____/ \__,_//____//_/ \___//____//_/ |_|
     ______                   __   __                 __      __
    / ____/____   ____   ____/ /  / /   __  __ _____ / /__   / /
   / / __ / __ \ / __ \ / __  /  / /   / / / // ___// //_/  / /
  / /_/ // /_/ // /_/ // /_/ /  / /___/ /_/ // /__ / /<    /_/
  \____/ \____/ \____/ \____/  /_____/\____/ \___//_/|_|  (_)
    
Version Information: 
	PyTorch: 2.0.1+cu117
	TorchVision: 0.15.2+cu117
2025-04-03 14:26:54,395 INFO: 
  name: RAIN200H-LPNet_pad
  model_type: LPNetModel
  scale: 1
  num_gpu: 1
  manual_seed: 10
  datasets:[
    train:[
      name: RAIN200H
      type: PairedImageDataset
      dataroot_gt: /scratch/eecs568s001w25_class_root/eecs568s001w25_class/yiweigui/Deep-Fourier-Upsampling/Dataset/Rain100H/norain
      dataroot_lq: /scratch/eecs568s001w25_class_root/eecs568s001w25_class/yiweigui/Deep-Fourier-Upsampling/Dataset/Rain100H/rainy
      filename_tmpl: {}
      io_backend:[
        type: disk
      ]
      gt_size: 128
      use_flip: True
      use_rot: True
      use_shuffle: True
      num_worker_per_gpu: 0
      batch_size_per_gpu: 12
      dataset_enlarge_ratio: 1
      prefetch_mode: None
      phase: train
      scale: 1
    ]
    val:[
      name: RAIN200H
      type: PairedImageDataset
      dataroot_gt: /scratch/eecs568s001w25_class_root/eecs568s001w25_class/yiweigui/Deep-Fourier-Upsampling/Dataset/Rain100H/norain
      dataroot_lq: /scratch/eecs568s001w25_class_root/eecs568s001w25_class/yiweigui/Deep-Fourier-Upsampling/Dataset/Rain100H/rainy
      io_backend:[
        type: disk
      ]
      phase: val
      scale: 1
    ]
  ]
  network_g:[
    type: LPNet_pad_theory
  ]
  path:[
    pretrain_network_g: None
    strict_load_g: True
    resume_state: None
    root: /scratch/eecs568s001w25_class_root/eecs568s001w25_class/yiweigui/Deep-Fourier-Upsampling/Deraining_LPNET
    experiments_root: /scratch/eecs568s001w25_class_root/eecs568s001w25_class/yiweigui/Deep-Fourier-Upsampling/Deraining_LPNET/experiments/RAIN200H-LPNet_pad
    models: /scratch/eecs568s001w25_class_root/eecs568s001w25_class/yiweigui/Deep-Fourier-Upsampling/Deraining_LPNET/experiments/RAIN200H-LPNet_pad/models
    training_states: /scratch/eecs568s001w25_class_root/eecs568s001w25_class/yiweigui/Deep-Fourier-Upsampling/Deraining_LPNET/experiments/RAIN200H-LPNet_pad/training_states
    log: /scratch/eecs568s001w25_class_root/eecs568s001w25_class/yiweigui/Deep-Fourier-Upsampling/Deraining_LPNET/experiments/RAIN200H-LPNet_pad
    visualization: /scratch/eecs568s001w25_class_root/eecs568s001w25_class/yiweigui/Deep-Fourier-Upsampling/Deraining_LPNET/experiments/RAIN200H-LPNet_pad/visualization
  ]
  train:[
    optim_g:[
      type: Adam
      lr: 0.001
      weight_decay: 0
      betas: [0.9, 0.99]
    ]
    scheduler:[
      type: TrueCosineAnnealingLR
      T_max: 1000
      eta_min: 1e-07
    ]
    total_iter: 1000
    warmup_iter: 0
    pixel_opt:[
      type: L1Loss
      loss_weight: 0.5
      reduction: mean
    ]
  ]
  val:[
    val_freq: 200
    save_img: False
    grids: False
    crop_size: 256
    max_minibatch: 8
    metrics:[
      psnr:[
        type: calculate_psnr
        crop_border: 0
        test_y_channel: True
      ]
    ]
  ]
  logger:[
    print_freq: 200
    save_checkpoint_freq: 500
    use_tb_logger: True
    wandb:[
      project: None
      resume_id: None
    ]
  ]
  dist_params:[
    backend: nccl
    port: 29500
  ]
  is_train: True
  dist: False
  rank: 0
  world_size: 1

2025-04-03 14:26:54,551 INFO: Dataset PairedImageDataset - RAIN200H is created.
2025-04-03 14:26:54,551 INFO: Training statistics:
	Number of train images: 100
	Dataset enlarge ratio: 1
	Batch size per gpu: 12
	World size (gpu number): 1
	Require iter number per epoch: 9
	Total epochs: 112; iters: 1000.
2025-04-03 14:26:54,555 INFO: Dataset PairedImageDataset - RAIN200H is created.
2025-04-03 14:26:54,555 INFO: Number of val images/folders in RAIN200H: 100
2025-04-03 14:26:55,203 INFO: Model [LPNetModel] is created.
2025-04-03 14:26:55,203 INFO: Start training from epoch: 0, iter: 0
2025-04-03 14:27:35,794 INFO: [RAIN2..][epoch: 24, iter:     200, lr:(9.054e-04,9.055e-05,)] [eta: 0:02:41, time (data): 0.174 (0.100)] l0: 6.9361e-02 l1: 6.1322e-02 l2: 6.9356e-02 l3: 8.6926e-02 l4: 1.0151e-01 l3_ssim: 5.1658e-01 l4_ssim: 5.9275e-01 
2025-04-03 14:27:40,246 INFO: Validation RAIN200H,		 # psnr: 14.5203
2025-04-03 14:28:15,466 INFO: [RAIN2..][epoch: 49, iter:     400, lr:(6.560e-04,6.563e-05,)] [eta: 0:01:59, time (data): 0.179 (0.105)] l0: 4.0315e-02 l1: 5.1734e-02 l2: 6.2112e-02 l3: 7.4075e-02 l4: 8.5707e-02 l3_ssim: 4.7956e-01 l4_ssim: 5.7719e-01 
2025-04-03 14:28:19,673 INFO: Validation RAIN200H,		 # psnr: 16.1393
2025-04-03 14:28:37,285 INFO: Saving models and training states.
2025-04-03 14:28:54,905 INFO: [RAIN2..][epoch: 74, iter:     600, lr:(3.471e-04,3.476e-05,)] [eta: 0:01:19, time (data): 0.174 (0.101)] l0: 4.5199e-02 l1: 5.1512e-02 l2: 6.1537e-02 l3: 7.0564e-02 l4: 7.7320e-02 l3_ssim: 5.3748e-01 l4_ssim: 6.1868e-01 
2025-04-03 14:28:59,129 INFO: Validation RAIN200H,		 # psnr: 17.1064
2025-04-03 14:29:34,340 INFO: [RAIN2..][epoch: 99, iter:     800, lr:(9.651e-05,9.732e-06,)] [eta: 0:00:39, time (data): 0.178 (0.104)] l0: 3.8124e-02 l1: 4.5288e-02 l2: 5.3657e-02 l3: 6.6479e-02 l4: 7.5216e-02 l3_ssim: 4.8515e-01 l4_ssim: 6.0180e-01 
2025-04-03 14:29:38,561 INFO: Validation RAIN200H,		 # psnr: 17.2693
2025-04-03 14:30:13,780 INFO: [RAIN2..][epoch:124, iter:   1,000, lr:(1.025e-07,1.002e-07,)] [eta: 0:00:00, time (data): 0.174 (0.101)] l0: 3.4958e-02 l1: 4.2504e-02 l2: 5.2321e-02 l3: 6.0579e-02 l4: 6.8904e-02 l3_ssim: 5.0210e-01 l4_ssim: 5.5804e-01 
2025-04-03 14:30:13,781 INFO: Saving models and training states.
2025-04-03 14:30:18,023 INFO: Validation RAIN200H,		 # psnr: 17.2845
2025-04-03 14:30:18,125 INFO: End of training. Time consumed: 0:03:22
2025-04-03 14:30:18,125 INFO: Save the latest model.
2025-04-03 14:30:22,347 INFO: Validation RAIN200H,		 # psnr: 17.2845
