2025-04-03 18:33:40,600 INFO: 
                ____                _       _____  ____
               / __ ) ____ _ _____ (_)_____/ ___/ / __ \
              / __  |/ __ `// ___// // ___/\__ \ / /_/ /
             / /_/ // /_/ /(__  )/ // /__ ___/ // _, _/
            /_____/ \__,_//____//_/ \___//____//_/ |_|
     ______                   __   __                 __      __
    / ____/____   ____   ____/ /  / /   __  __ _____ / /__   / /
   / / __ / __ \ / __ \ / __  /  / /   / / / // ___// //_/  / /
  / /_/ // /_/ // /_/ // /_/ /  / /___/ /_/ // /__ / /<    /_/
  \____/ \____/ \____/ \____/  /_____/\____/ \___//_/|_|  (_)
    
Version Information: 
	PyTorch: 2.0.1+cu117
	TorchVision: 0.15.2+cu117
2025-04-03 18:33:40,600 INFO: 
  name: RAIN200H-LPNet_pad_theory
  model_type: LPNetModel
  scale: 1
  num_gpu: 1
  manual_seed: 10
  datasets:[
    train:[
      name: RAIN200H
      type: PairedImageDataset
      dataroot_gt: /scratch/eecs568s001w25_class_root/eecs568s001w25_class/yiweigui/Deep-Fourier-Upsampling/Dataset/Rain100H/norain
      dataroot_lq: /scratch/eecs568s001w25_class_root/eecs568s001w25_class/yiweigui/Deep-Fourier-Upsampling/Dataset/Rain100H/rainy
      filename_tmpl: {}
      io_backend:[
        type: disk
      ]
      gt_size: 128
      use_flip: True
      use_rot: True
      use_shuffle: True
      num_worker_per_gpu: 0
      batch_size_per_gpu: 12
      dataset_enlarge_ratio: 1
      prefetch_mode: None
      phase: train
      scale: 1
    ]
    val:[
      name: RAIN200H
      type: PairedImageDataset
      dataroot_gt: /scratch/eecs568s001w25_class_root/eecs568s001w25_class/yiweigui/Deep-Fourier-Upsampling/Dataset/Rain100H/norain
      dataroot_lq: /scratch/eecs568s001w25_class_root/eecs568s001w25_class/yiweigui/Deep-Fourier-Upsampling/Dataset/Rain100H/rainy
      io_backend:[
        type: disk
      ]
      phase: val
      scale: 1
    ]
  ]
  network_g:[
    type: LPNet_pad_theory
  ]
  path:[
    pretrain_network_g: None
    strict_load_g: True
    resume_state: None
    root: /scratch/eecs568s001w25_class_root/eecs568s001w25_class/yiweigui/Deep-Fourier-Upsampling/Deraining_LPNET
    experiments_root: /scratch/eecs568s001w25_class_root/eecs568s001w25_class/yiweigui/Deep-Fourier-Upsampling/Deraining_LPNET/experiments/RAIN200H-LPNet_pad_theory
    models: /scratch/eecs568s001w25_class_root/eecs568s001w25_class/yiweigui/Deep-Fourier-Upsampling/Deraining_LPNET/experiments/RAIN200H-LPNet_pad_theory/models
    training_states: /scratch/eecs568s001w25_class_root/eecs568s001w25_class/yiweigui/Deep-Fourier-Upsampling/Deraining_LPNET/experiments/RAIN200H-LPNet_pad_theory/training_states
    log: /scratch/eecs568s001w25_class_root/eecs568s001w25_class/yiweigui/Deep-Fourier-Upsampling/Deraining_LPNET/experiments/RAIN200H-LPNet_pad_theory
    visualization: /scratch/eecs568s001w25_class_root/eecs568s001w25_class/yiweigui/Deep-Fourier-Upsampling/Deraining_LPNET/experiments/RAIN200H-LPNet_pad_theory/visualization
  ]
  train:[
    optim_g:[
      type: Adam
      lr: 0.001
      weight_decay: 0
      betas: [0.9, 0.99]
    ]
    scheduler:[
      type: TrueCosineAnnealingLR
      T_max: 1000
      eta_min: 1e-07
    ]
    total_iter: 1000
    warmup_iter: 0
    pixel_opt:[
      type: L1Loss
      loss_weight: 0.5
      reduction: mean
    ]
  ]
  val:[
    val_freq: 200
    save_img: False
    grids: False
    crop_size: 256
    max_minibatch: 8
    metrics:[
      psnr:[
        type: calculate_psnr
        crop_border: 0
        test_y_channel: True
      ]
    ]
  ]
  logger:[
    print_freq: 200
    save_checkpoint_freq: 500
    use_tb_logger: True
    wandb:[
      project: None
      resume_id: None
    ]
  ]
  dist_params:[
    backend: nccl
    port: 29500
  ]
  is_train: True
  dist: False
  rank: 0
  world_size: 1

2025-04-03 18:33:40,760 INFO: Dataset PairedImageDataset - RAIN200H is created.
2025-04-03 18:33:40,761 INFO: Training statistics:
	Number of train images: 100
	Dataset enlarge ratio: 1
	Batch size per gpu: 12
	World size (gpu number): 1
	Require iter number per epoch: 9
	Total epochs: 112; iters: 1000.
2025-04-03 18:33:40,764 INFO: Dataset PairedImageDataset - RAIN200H is created.
2025-04-03 18:33:40,764 INFO: Number of val images/folders in RAIN200H: 100
2025-04-03 18:33:41,416 INFO: Model [LPNetModel] is created.
2025-04-03 18:33:41,416 INFO: Start training from epoch: 0, iter: 0
2025-04-03 18:34:18,067 INFO: [RAIN2..][epoch: 24, iter:     200, lr:(9.054e-04,9.055e-05,)] [eta: 0:02:25, time (data): 0.178 (0.104)] l0: 6.8005e-02 l1: 6.1758e-02 l2: 6.7478e-02 l3: 8.3100e-02 l4: 9.8432e-02 l3_ssim: 5.1002e-01 l4_ssim: 5.8947e-01 
2025-04-03 18:34:22,620 INFO: Validation RAIN200H,		 # psnr: 14.6989
2025-04-03 18:34:58,096 INFO: [RAIN2..][epoch: 49, iter:     400, lr:(6.560e-04,6.563e-05,)] [eta: 0:01:54, time (data): 0.180 (0.106)] l0: 4.0307e-02 l1: 5.1667e-02 l2: 6.1923e-02 l3: 7.3643e-02 l4: 8.5473e-02 l3_ssim: 4.7855e-01 l4_ssim: 5.7668e-01 
2025-04-03 18:35:02,416 INFO: Validation RAIN200H,		 # psnr: 16.1879
2025-04-03 18:35:20,152 INFO: Saving models and training states.
2025-04-03 18:35:37,882 INFO: [RAIN2..][epoch: 74, iter:     600, lr:(3.471e-04,3.476e-05,)] [eta: 0:01:17, time (data): 0.176 (0.102)] l0: 4.5192e-02 l1: 5.1554e-02 l2: 6.1895e-02 l3: 7.0914e-02 l4: 7.8002e-02 l3_ssim: 5.3758e-01 l4_ssim: 6.1900e-01 
2025-04-03 18:35:42,221 INFO: Validation RAIN200H,		 # psnr: 17.1214
2025-04-03 18:36:17,635 INFO: [RAIN2..][epoch: 99, iter:     800, lr:(9.651e-05,9.732e-06,)] [eta: 0:00:38, time (data): 0.179 (0.105)] l0: 3.8111e-02 l1: 4.5264e-02 l2: 5.3689e-02 l3: 6.6441e-02 l4: 7.5194e-02 l3_ssim: 4.8501e-01 l4_ssim: 6.0174e-01 
2025-04-03 18:36:21,953 INFO: Validation RAIN200H,		 # psnr: 17.2782
2025-04-03 18:36:57,365 INFO: [RAIN2..][epoch:124, iter:   1,000, lr:(1.025e-07,1.002e-07,)] [eta: 0:00:00, time (data): 0.175 (0.101)] l0: 3.4960e-02 l1: 4.2500e-02 l2: 5.2330e-02 l3: 6.0576e-02 l4: 6.8884e-02 l3_ssim: 5.0197e-01 l4_ssim: 5.5800e-01 
2025-04-03 18:36:57,366 INFO: Saving models and training states.
2025-04-03 18:37:01,698 INFO: Validation RAIN200H,		 # psnr: 17.2927
2025-04-03 18:37:01,800 INFO: End of training. Time consumed: 0:03:20
2025-04-03 18:37:01,801 INFO: Save the latest model.
