2025-04-03 15:31:00,263 INFO: 
                ____                _       _____  ____
               / __ ) ____ _ _____ (_)_____/ ___/ / __ \
              / __  |/ __ `// ___// // ___/\__ \ / /_/ /
             / /_/ // /_/ /(__  )/ // /__ ___/ // _, _/
            /_____/ \__,_//____//_/ \___//____//_/ |_|
     ______                   __   __                 __      __
    / ____/____   ____   ____/ /  / /   __  __ _____ / /__   / /
   / / __ / __ \ / __ \ / __  /  / /   / / / // ___// //_/  / /
  / /_/ // /_/ // /_/ // /_/ /  / /___/ /_/ // /__ / /<    /_/
  \____/ \____/ \____/ \____/  /_____/\____/ \___//_/|_|  (_)
    
Version Information: 
	PyTorch: 2.0.1+cu117
	TorchVision: 0.15.2+cu117
2025-04-03 15:31:00,263 INFO: 
  name: RAIN200H-LPNet_pad_theory
  model_type: LPNetModel
  scale: 1
  num_gpu: 1
  manual_seed: 10
  datasets:[
    train:[
      name: RAIN200H
      type: PairedImageDataset
      dataroot_gt: /scratch/eecs568s001w25_class_root/eecs568s001w25_class/yiweigui/Deep-Fourier-Upsampling/Dataset/Rain100H/norain
      dataroot_lq: /scratch/eecs568s001w25_class_root/eecs568s001w25_class/yiweigui/Deep-Fourier-Upsampling/Dataset/Rain100H/rainy
      filename_tmpl: {}
      io_backend:[
        type: disk
      ]
      gt_size: 128
      use_flip: True
      use_rot: True
      use_shuffle: True
      num_worker_per_gpu: 0
      batch_size_per_gpu: 12
      dataset_enlarge_ratio: 1
      prefetch_mode: None
      phase: train
      scale: 1
    ]
    val:[
      name: RAIN200H
      type: PairedImageDataset
      dataroot_gt: /scratch/eecs568s001w25_class_root/eecs568s001w25_class/yiweigui/Deep-Fourier-Upsampling/Dataset/Rain100H/norain
      dataroot_lq: /scratch/eecs568s001w25_class_root/eecs568s001w25_class/yiweigui/Deep-Fourier-Upsampling/Dataset/Rain100H/rainy
      io_backend:[
        type: disk
      ]
      phase: val
      scale: 1
    ]
  ]
  network_g:[
    type: LPNet_pad
  ]
  path:[
    pretrain_network_g: None
    strict_load_g: True
    resume_state: None
    root: /scratch/eecs568s001w25_class_root/eecs568s001w25_class/yiweigui/Deep-Fourier-Upsampling/Deraining_LPNET
    experiments_root: /scratch/eecs568s001w25_class_root/eecs568s001w25_class/yiweigui/Deep-Fourier-Upsampling/Deraining_LPNET/experiments/RAIN200H-LPNet_pad_theory
    models: /scratch/eecs568s001w25_class_root/eecs568s001w25_class/yiweigui/Deep-Fourier-Upsampling/Deraining_LPNET/experiments/RAIN200H-LPNet_pad_theory/models
    training_states: /scratch/eecs568s001w25_class_root/eecs568s001w25_class/yiweigui/Deep-Fourier-Upsampling/Deraining_LPNET/experiments/RAIN200H-LPNet_pad_theory/training_states
    log: /scratch/eecs568s001w25_class_root/eecs568s001w25_class/yiweigui/Deep-Fourier-Upsampling/Deraining_LPNET/experiments/RAIN200H-LPNet_pad_theory
    visualization: /scratch/eecs568s001w25_class_root/eecs568s001w25_class/yiweigui/Deep-Fourier-Upsampling/Deraining_LPNET/experiments/RAIN200H-LPNet_pad_theory/visualization
  ]
  train:[
    optim_g:[
      type: Adam
      lr: 0.001
      weight_decay: 0
      betas: [0.9, 0.99]
    ]
    scheduler:[
      type: TrueCosineAnnealingLR
      T_max: 1000
      eta_min: 1e-07
    ]
    total_iter: 1000
    warmup_iter: 0
    pixel_opt:[
      type: L1Loss
      loss_weight: 0.5
      reduction: mean
    ]
  ]
  val:[
    val_freq: 200
    save_img: False
    grids: False
    crop_size: 256
    max_minibatch: 8
    metrics:[
      psnr:[
        type: calculate_psnr
        crop_border: 0
        test_y_channel: True
      ]
    ]
  ]
  logger:[
    print_freq: 200
    save_checkpoint_freq: 500
    use_tb_logger: True
    wandb:[
      project: None
      resume_id: None
    ]
  ]
  dist_params:[
    backend: nccl
    port: 29500
  ]
  is_train: True
  dist: False
  rank: 0
  world_size: 1

2025-04-03 15:31:00,465 INFO: Dataset PairedImageDataset - RAIN200H is created.
2025-04-03 15:31:00,465 INFO: Training statistics:
	Number of train images: 100
	Dataset enlarge ratio: 1
	Batch size per gpu: 12
	World size (gpu number): 1
	Require iter number per epoch: 9
	Total epochs: 112; iters: 1000.
2025-04-03 15:31:00,469 INFO: Dataset PairedImageDataset - RAIN200H is created.
2025-04-03 15:31:00,469 INFO: Number of val images/folders in RAIN200H: 100
2025-04-03 15:31:01,129 INFO: Model [LPNetModel] is created.
2025-04-03 15:31:01,129 INFO: Start training from epoch: 0, iter: 0
2025-04-03 15:31:38,337 INFO: [RAIN2..][epoch: 24, iter:     200, lr:(9.054e-04,9.055e-05,)] [eta: 0:02:27, time (data): 0.179 (0.102)] l0: 6.5566e-02 l1: 5.3838e-02 l2: 7.7357e-02 l3: 8.6323e-02 l4: 9.9076e-02 l3_ssim: 5.1849e-01 l4_ssim: 5.8550e-01 
2025-04-03 15:31:43,037 INFO: Validation RAIN200H,		 # psnr: 14.5739
2025-04-03 15:32:19,062 INFO: [RAIN2..][epoch: 49, iter:     400, lr:(6.560e-04,6.563e-05,)] [eta: 0:01:56, time (data): 0.183 (0.105)] l0: 4.0349e-02 l1: 5.4954e-02 l2: 6.9788e-02 l3: 7.7056e-02 l4: 9.4286e-02 l3_ssim: 4.8950e-01 l4_ssim: 5.8838e-01 
2025-04-03 15:32:23,512 INFO: Validation RAIN200H,		 # psnr: 15.1712
2025-04-03 15:32:41,535 INFO: Saving models and training states.
2025-04-03 15:32:59,558 INFO: [RAIN2..][epoch: 74, iter:     600, lr:(3.471e-04,3.476e-05,)] [eta: 0:01:18, time (data): 0.180 (0.102)] l0: 4.5651e-02 l1: 5.7798e-02 l2: 5.9459e-02 l3: 6.7752e-02 l4: 7.6847e-02 l3_ssim: 5.3688e-01 l4_ssim: 6.1230e-01 
2025-04-03 15:33:04,079 INFO: Validation RAIN200H,		 # psnr: 17.4917
2025-04-03 15:33:40,046 INFO: [RAIN2..][epoch: 99, iter:     800, lr:(9.651e-05,9.732e-06,)] [eta: 0:00:39, time (data): 0.181 (0.104)] l0: 3.8013e-02 l1: 5.1711e-02 l2: 5.5279e-02 l3: 6.6483e-02 l4: 7.1148e-02 l3_ssim: 4.9095e-01 l4_ssim: 5.9138e-01 
2025-04-03 15:33:44,507 INFO: Validation RAIN200H,		 # psnr: 17.7523
2025-04-03 15:34:20,521 INFO: [RAIN2..][epoch:124, iter:   1,000, lr:(1.025e-07,1.002e-07,)] [eta: 0:00:00, time (data): 0.179 (0.101)] l0: 3.5288e-02 l1: 4.7566e-02 l2: 5.3675e-02 l3: 6.0236e-02 l4: 6.4410e-02 l3_ssim: 5.0119e-01 l4_ssim: 5.4387e-01 
2025-04-03 15:34:20,521 INFO: Saving models and training states.
2025-04-03 15:34:25,002 INFO: Validation RAIN200H,		 # psnr: 17.9493
2025-04-03 15:34:25,104 INFO: End of training. Time consumed: 0:03:23
2025-04-03 15:34:25,104 INFO: Save the latest model.
2025-04-03 15:34:29,488 INFO: Validation RAIN200H,		 # psnr: 17.9493
