2025-04-03 18:11:53,633 INFO: 
                ____                _       _____  ____
               / __ ) ____ _ _____ (_)_____/ ___/ / __ \
              / __  |/ __ `// ___// // ___/\__ \ / /_/ /
             / /_/ // /_/ /(__  )/ // /__ ___/ // _, _/
            /_____/ \__,_//____//_/ \___//____//_/ |_|
     ______                   __   __                 __      __
    / ____/____   ____   ____/ /  / /   __  __ _____ / /__   / /
   / / __ / __ \ / __ \ / __  /  / /   / / / // ___// //_/  / /
  / /_/ // /_/ // /_/ // /_/ /  / /___/ /_/ // /__ / /<    /_/
  \____/ \____/ \____/ \____/  /_____/\____/ \___//_/|_|  (_)
    
Version Information: 
	PyTorch: 2.0.1+cu117
	TorchVision: 0.15.2+cu117
2025-04-03 18:11:53,633 INFO: 
  name: RAIN200H-LPNet_corner
  model_type: LPNetModel
  scale: 1
  num_gpu: 1
  manual_seed: 10
  datasets:[
    train:[
      name: RAIN200H
      type: PairedImageDataset
      dataroot_gt: /scratch/eecs568s001w25_class_root/eecs568s001w25_class/yiweigui/Deep-Fourier-Upsampling/Dataset/Rain100H/norain
      dataroot_lq: /scratch/eecs568s001w25_class_root/eecs568s001w25_class/yiweigui/Deep-Fourier-Upsampling/Dataset/Rain100H/rainy
      filename_tmpl: {}
      io_backend:[
        type: disk
      ]
      gt_size: 128
      use_flip: True
      use_rot: True
      use_shuffle: True
      num_worker_per_gpu: 0
      batch_size_per_gpu: 12
      dataset_enlarge_ratio: 1
      prefetch_mode: None
      phase: train
      scale: 1
    ]
    val:[
      name: RAIN200H
      type: PairedImageDataset
      dataroot_gt: /scratch/eecs568s001w25_class_root/eecs568s001w25_class/yiweigui/Deep-Fourier-Upsampling/Dataset/Rain100H/norain
      dataroot_lq: /scratch/eecs568s001w25_class_root/eecs568s001w25_class/yiweigui/Deep-Fourier-Upsampling/Dataset/Rain100H/rainy
      io_backend:[
        type: disk
      ]
      phase: val
      scale: 1
    ]
  ]
  network_g:[
    type: LPNet_corner
  ]
  path:[
    pretrain_network_g: None
    strict_load_g: True
    resume_state: None
    root: /scratch/eecs568s001w25_class_root/eecs568s001w25_class/yiweigui/Deep-Fourier-Upsampling/Deraining_LPNET
    experiments_root: /scratch/eecs568s001w25_class_root/eecs568s001w25_class/yiweigui/Deep-Fourier-Upsampling/Deraining_LPNET/experiments/RAIN200H-LPNet_corner
    models: /scratch/eecs568s001w25_class_root/eecs568s001w25_class/yiweigui/Deep-Fourier-Upsampling/Deraining_LPNET/experiments/RAIN200H-LPNet_corner/models
    training_states: /scratch/eecs568s001w25_class_root/eecs568s001w25_class/yiweigui/Deep-Fourier-Upsampling/Deraining_LPNET/experiments/RAIN200H-LPNet_corner/training_states
    log: /scratch/eecs568s001w25_class_root/eecs568s001w25_class/yiweigui/Deep-Fourier-Upsampling/Deraining_LPNET/experiments/RAIN200H-LPNet_corner
    visualization: /scratch/eecs568s001w25_class_root/eecs568s001w25_class/yiweigui/Deep-Fourier-Upsampling/Deraining_LPNET/experiments/RAIN200H-LPNet_corner/visualization
  ]
  train:[
    optim_g:[
      type: Adam
      lr: 0.001
      weight_decay: 0
      betas: [0.9, 0.99]
    ]
    scheduler:[
      type: TrueCosineAnnealingLR
      T_max: 400000
      eta_min: 1e-07
    ]
    total_iter: 400000
    warmup_iter: 0
    pixel_opt:[
      type: L1Loss
      loss_weight: 0.5
      reduction: mean
    ]
  ]
  val:[
    val_freq: 2000.0
    save_img: False
    grids: False
    crop_size: 256
    max_minibatch: 8
    metrics:[
      psnr:[
        type: calculate_psnr
        crop_border: 0
        test_y_channel: True
      ]
    ]
  ]
  logger:[
    print_freq: 200
    save_checkpoint_freq: 20000.0
    use_tb_logger: True
    wandb:[
      project: None
      resume_id: None
    ]
  ]
  dist_params:[
    backend: nccl
    port: 29500
  ]
  is_train: True
  dist: False
  rank: 0
  world_size: 1

2025-04-03 18:11:53,812 INFO: Dataset PairedImageDataset - RAIN200H is created.
2025-04-03 18:11:53,813 INFO: Training statistics:
	Number of train images: 100
	Dataset enlarge ratio: 1
	Batch size per gpu: 12
	World size (gpu number): 1
	Require iter number per epoch: 9
	Total epochs: 44445; iters: 400000.
2025-04-03 18:11:53,816 INFO: Dataset PairedImageDataset - RAIN200H is created.
2025-04-03 18:11:53,816 INFO: Number of val images/folders in RAIN200H: 100
2025-04-03 18:11:54,466 INFO: Model [LPNetModel] is created.
2025-04-03 18:11:54,468 INFO: Start training from epoch: 0, iter: 0
