2025-04-04 17:10:41,002 INFO: 
                ____                _       _____  ____
               / __ ) ____ _ _____ (_)_____/ ___/ / __ \
              / __  |/ __ `// ___// // ___/\__ \ / /_/ /
             / /_/ // /_/ /(__  )/ // /__ ___/ // _, _/
            /_____/ \__,_//____//_/ \___//____//_/ |_|
     ______                   __   __                 __      __
    / ____/____   ____   ____/ /  / /   __  __ _____ / /__   / /
   / / __ / __ \ / __ \ / __  /  / /   / / / // ___// //_/  / /
  / /_/ // /_/ // /_/ // /_/ /  / /___/ /_/ // /__ / /<    /_/
  \____/ \____/ \____/ \____/  /_____/\____/ \___//_/|_|  (_)
    
Version Information: 
	PyTorch: 2.0.1+cu117
	TorchVision: 0.15.2+cu117
2025-04-04 17:10:41,002 INFO: 
  name: RAIN200H-LPNet_padding_atten
  model_type: LPNetModel
  scale: 1
  num_gpu: 1
  manual_seed: 10
  datasets:[
    train:[
      name: RAIN200H
      type: PairedImageDataset
      dataroot_gt: /scratch/eecs568s001w25_class_root/eecs568s001w25_class/yiweigui/Deep-Fourier-Upsampling/Dataset/RainTrainH_modified/RainTrainH_modified/norain
      dataroot_lq: /scratch/eecs568s001w25_class_root/eecs568s001w25_class/yiweigui/Deep-Fourier-Upsampling/Dataset/RainTrainH_modified/RainTrainH_modified/rain
      filename_tmpl: {}
      io_backend:[
        type: disk
      ]
      gt_size: 128
      use_flip: True
      use_rot: True
      use_shuffle: True
      num_worker_per_gpu: 10
      batch_size_per_gpu: 64
      dataset_enlarge_ratio: 1
      prefetch_mode: None
      phase: train
      scale: 1
    ]
    val:[
      name: RAIN200H
      type: PairedImageDataset
      dataroot_gt: /scratch/eecs568s001w25_class_root/eecs568s001w25_class/yiweigui/Deep-Fourier-Upsampling/Dataset/Rain100H/norain
      dataroot_lq: /scratch/eecs568s001w25_class_root/eecs568s001w25_class/yiweigui/Deep-Fourier-Upsampling/Dataset/Rain100H/rainy
      io_backend:[
        type: disk
      ]
      phase: val
      scale: 1
    ]
  ]
  network_g:[
    type: LPNet_pad_attention
  ]
  path:[
    pretrain_network_g: None
    strict_load_g: True
    resume_state: None
    root: /scratch/eecs568s001w25_class_root/eecs568s001w25_class/yiweigui/Deep-Fourier-Upsampling/Deraining_LPNET
    experiments_root: /scratch/eecs568s001w25_class_root/eecs568s001w25_class/yiweigui/Deep-Fourier-Upsampling/Deraining_LPNET/experiments/RAIN200H-LPNet_padding_atten
    models: /scratch/eecs568s001w25_class_root/eecs568s001w25_class/yiweigui/Deep-Fourier-Upsampling/Deraining_LPNET/experiments/RAIN200H-LPNet_padding_atten/models
    training_states: /scratch/eecs568s001w25_class_root/eecs568s001w25_class/yiweigui/Deep-Fourier-Upsampling/Deraining_LPNET/experiments/RAIN200H-LPNet_padding_atten/training_states
    log: /scratch/eecs568s001w25_class_root/eecs568s001w25_class/yiweigui/Deep-Fourier-Upsampling/Deraining_LPNET/experiments/RAIN200H-LPNet_padding_atten
    visualization: /scratch/eecs568s001w25_class_root/eecs568s001w25_class/yiweigui/Deep-Fourier-Upsampling/Deraining_LPNET/experiments/RAIN200H-LPNet_padding_atten/visualization
  ]
  train:[
    optim_g:[
      type: Adam
      lr: 0.001
      weight_decay: 0
      betas: [0.9, 0.99]
    ]
    scheduler:[
      type: TrueCosineAnnealingLR
      T_max: 10000
      eta_min: 1e-07
    ]
    total_iter: 10000
    warmup_iter: 0
    pixel_opt:[
      type: L1Loss
      loss_weight: 0.5
      reduction: mean
    ]
  ]
  val:[
    val_freq: 100.0
    save_img: False
    grids: False
    crop_size: 256
    max_minibatch: 8
    metrics:[
      psnr:[
        type: calculate_psnr
        crop_border: 0
        test_y_channel: True
      ]
    ]
  ]
  logger:[
    print_freq: 100
    save_checkpoint_freq: 500.0
    use_tb_logger: True
    wandb:[
      project: None
      resume_id: None
    ]
  ]
  dist_params:[
    backend: nccl
    port: 29500
  ]
  is_train: True
  dist: False
  rank: 0
  world_size: 1

2025-04-04 17:10:41,205 INFO: Dataset PairedImageDataset - RAIN200H is created.
2025-04-04 17:10:41,207 INFO: Training statistics:
	Number of train images: 1254
	Dataset enlarge ratio: 1
	Batch size per gpu: 64
	World size (gpu number): 1
	Require iter number per epoch: 20
	Total epochs: 500; iters: 10000.
2025-04-04 17:10:41,209 INFO: Dataset PairedImageDataset - RAIN200H is created.
2025-04-04 17:10:41,210 INFO: Number of val images/folders in RAIN200H: 100
2025-04-04 17:10:42,237 INFO: Model [LPNetModel] is created.
2025-04-04 17:10:47,441 INFO: Start training from epoch: 0, iter: 0
2025-04-04 17:13:07,304 INFO: [RAIN2..][epoch:  5, iter:     100, lr:(9.998e-04,9.998e-05,)] [eta: 3:56:57, time (data): 0.464 (0.003)] l0: 1.1232e-01 l1: 7.2110e-02 l2: 9.1615e-02 l3: 9.1767e-02 l4: 1.0206e-01 l3_ssim: 5.6161e-01 l4_ssim: 6.0392e-01 
2025-04-04 17:13:24,236 INFO: Validation RAIN200H,		 # psnr: 14.5370
2025-04-04 17:15:20,696 INFO: [RAIN2..][epoch: 10, iter:     200, lr:(9.990e-04,9.990e-05,)] [eta: 3:46:15, time (data): 0.477 (0.003)] l0: 7.6134e-02 l1: 5.3299e-02 l2: 7.5016e-02 l3: 8.1799e-02 l4: 8.1569e-02 l3_ssim: 5.2942e-01 l4_ssim: 5.7818e-01 
2025-04-04 17:15:34,622 INFO: Validation RAIN200H,		 # psnr: 16.4455
2025-04-04 17:17:34,129 INFO: [RAIN2..][epoch: 15, iter:     300, lr:(9.978e-04,9.978e-05,)] [eta: 3:41:12, time (data): 0.371 (0.003)] l0: 4.1504e-02 l1: 5.0702e-02 l2: 6.7710e-02 l3: 8.3197e-02 l4: 8.3111e-02 l3_ssim: 5.1364e-01 l4_ssim: 5.6805e-01 
2025-04-04 17:17:46,249 INFO: Validation RAIN200H,		 # psnr: 17.1919
2025-04-04 17:19:57,934 INFO: [RAIN2..][epoch: 21, iter:     400, lr:(9.961e-04,9.961e-05,)] [eta: 3:41:42, time (data): 14.082 (13.648)] l0: 3.5789e-02 l1: 4.5340e-02 l2: 5.5933e-02 l3: 6.7639e-02 l4: 7.2694e-02 l3_ssim: 5.0479e-01 l4_ssim: 5.7203e-01 
2025-04-04 17:20:15,073 INFO: Validation RAIN200H,		 # psnr: 16.6722
2025-04-04 17:22:12,607 INFO: [RAIN2..][epoch: 26, iter:     500, lr:(9.939e-04,9.939e-05,)] [eta: 3:38:09, time (data): 0.482 (0.003)] l0: 3.8084e-02 l1: 4.6692e-02 l2: 5.3836e-02 l3: 6.1199e-02 l4: 7.0290e-02 l3_ssim: 4.5781e-01 l4_ssim: 5.3833e-01 
2025-04-04 17:22:12,615 INFO: Saving models and training states.
2025-04-04 17:22:28,086 INFO: Validation RAIN200H,		 # psnr: 17.2774
2025-04-04 17:24:26,443 INFO: [RAIN2..][epoch: 31, iter:     600, lr:(9.912e-04,9.912e-05,)] [eta: 3:34:49, time (data): 2.194 (1.794)] l0: 3.4958e-02 l1: 4.7282e-02 l2: 5.3693e-02 l3: 6.0011e-02 l4: 7.0416e-02 l3_ssim: 4.9857e-01 l4_ssim: 5.8088e-01 
2025-04-04 17:24:38,637 INFO: Validation RAIN200H,		 # psnr: 18.0545
2025-04-04 17:26:28,622 INFO: [RAIN2..][epoch: 36, iter:     700, lr:(9.880e-04,9.880e-05,)] [eta: 3:29:14, time (data): 0.372 (0.003)] l0: 3.9581e-02 l1: 4.9095e-02 l2: 5.4769e-02 l3: 6.3022e-02 l4: 6.7796e-02 l3_ssim: 4.7451e-01 l4_ssim: 5.4961e-01 
2025-04-04 17:26:40,743 INFO: Validation RAIN200H,		 # psnr: 17.5847
