2025-04-04 17:30:07,140 INFO: 
                ____                _       _____  ____
               / __ ) ____ _ _____ (_)_____/ ___/ / __ \
              / __  |/ __ `// ___// // ___/\__ \ / /_/ /
             / /_/ // /_/ /(__  )/ // /__ ___/ // _, _/
            /_____/ \__,_//____//_/ \___//____//_/ |_|
     ______                   __   __                 __      __
    / ____/____   ____   ____/ /  / /   __  __ _____ / /__   / /
   / / __ / __ \ / __ \ / __  /  / /   / / / // ___// //_/  / /
  / /_/ // /_/ // /_/ // /_/ /  / /___/ /_/ // /__ / /<    /_/
  \____/ \____/ \____/ \____/  /_____/\____/ \___//_/|_|  (_)
    
Version Information: 
	PyTorch: 2.0.1+cu117
	TorchVision: 0.15.2+cu117
2025-04-04 17:30:07,140 INFO: 
  name: RAIN200H-LPNet_padding_atten
  model_type: LPNetModel
  scale: 1
  num_gpu: 1
  manual_seed: 10
  datasets:[
    train:[
      name: RAIN200H
      type: PairedImageDataset
      dataroot_gt: /scratch/eecs568s001w25_class_root/eecs568s001w25_class/yiweigui/Deep-Fourier-Upsampling/Dataset/RainTrainH_modified/RainTrainH_modified/norain
      dataroot_lq: /scratch/eecs568s001w25_class_root/eecs568s001w25_class/yiweigui/Deep-Fourier-Upsampling/Dataset/RainTrainH_modified/RainTrainH_modified/rain
      filename_tmpl: {}
      io_backend:[
        type: disk
      ]
      gt_size: 128
      use_flip: True
      use_rot: True
      use_shuffle: True
      num_worker_per_gpu: 10
      batch_size_per_gpu: 192
      dataset_enlarge_ratio: 1
      prefetch_mode: None
      phase: train
      scale: 1
    ]
    val:[
      name: RAIN200H
      type: PairedImageDataset
      dataroot_gt: /scratch/eecs568s001w25_class_root/eecs568s001w25_class/yiweigui/Deep-Fourier-Upsampling/Dataset/Rain100H/norain
      dataroot_lq: /scratch/eecs568s001w25_class_root/eecs568s001w25_class/yiweigui/Deep-Fourier-Upsampling/Dataset/Rain100H/rainy
      io_backend:[
        type: disk
      ]
      phase: val
      scale: 1
    ]
  ]
  network_g:[
    type: LPNet_pad_attention
  ]
  path:[
    pretrain_network_g: None
    strict_load_g: True
    resume_state: experiments/RAIN200H-LPNet_padding_atten/training_states/500.state
    root: /scratch/eecs568s001w25_class_root/eecs568s001w25_class/yiweigui/Deep-Fourier-Upsampling/Deraining_LPNET
    experiments_root: /scratch/eecs568s001w25_class_root/eecs568s001w25_class/yiweigui/Deep-Fourier-Upsampling/Deraining_LPNET/experiments/RAIN200H-LPNet_padding_atten
    models: /scratch/eecs568s001w25_class_root/eecs568s001w25_class/yiweigui/Deep-Fourier-Upsampling/Deraining_LPNET/experiments/RAIN200H-LPNet_padding_atten/models
    training_states: /scratch/eecs568s001w25_class_root/eecs568s001w25_class/yiweigui/Deep-Fourier-Upsampling/Deraining_LPNET/experiments/RAIN200H-LPNet_padding_atten/training_states
    log: /scratch/eecs568s001w25_class_root/eecs568s001w25_class/yiweigui/Deep-Fourier-Upsampling/Deraining_LPNET/experiments/RAIN200H-LPNet_padding_atten
    visualization: /scratch/eecs568s001w25_class_root/eecs568s001w25_class/yiweigui/Deep-Fourier-Upsampling/Deraining_LPNET/experiments/RAIN200H-LPNet_padding_atten/visualization
  ]
  train:[
    optim_g:[
      type: Adam
      lr: 0.001
      weight_decay: 0
      betas: [0.9, 0.99]
    ]
    scheduler:[
      type: TrueCosineAnnealingLR
      T_max: 10000
      eta_min: 1e-07
    ]
    total_iter: 10000
    warmup_iter: 0
    pixel_opt:[
      type: L1Loss
      loss_weight: 0.5
      reduction: mean
    ]
  ]
  val:[
    val_freq: 100.0
    save_img: False
    grids: False
    crop_size: 256
    max_minibatch: 8
    metrics:[
      psnr:[
        type: calculate_psnr
        crop_border: 0
        test_y_channel: True
      ]
    ]
  ]
  logger:[
    print_freq: 100
    save_checkpoint_freq: 500.0
    use_tb_logger: True
    wandb:[
      project: None
      resume_id: None
    ]
  ]
  dist_params:[
    backend: nccl
    port: 29500
  ]
  is_train: True
  dist: False
  rank: 0
  world_size: 1

2025-04-04 17:30:07,345 INFO: Dataset PairedImageDataset - RAIN200H is created.
2025-04-04 17:30:07,347 INFO: Training statistics:
	Number of train images: 1254
	Dataset enlarge ratio: 1
	Batch size per gpu: 192
	World size (gpu number): 1
	Require iter number per epoch: 7
	Total epochs: 1429; iters: 10000.
2025-04-04 17:30:07,350 INFO: Dataset PairedImageDataset - RAIN200H is created.
2025-04-04 17:30:07,350 INFO: Number of val images/folders in RAIN200H: 100
2025-04-04 17:30:07,350 INFO: Set pretrain_network_g to /scratch/eecs568s001w25_class_root/eecs568s001w25_class/yiweigui/Deep-Fourier-Upsampling/Deraining_LPNET/experiments/RAIN200H-LPNet_padding_atten/models/net_g_500.pth
2025-04-04 17:30:07,364 INFO: Loading LPNet_pad_attention model from /scratch/eecs568s001w25_class_root/eecs568s001w25_class/yiweigui/Deep-Fourier-Upsampling/Deraining_LPNET/experiments/RAIN200H-LPNet_padding_atten/models/net_g_500.pth.
2025-04-04 17:30:07,403 INFO: Model [LPNetModel] is created.
2025-04-04 17:30:07,423 INFO: Resuming training from epoch: 26, iter: 500.
2025-04-04 17:30:12,049 INFO: Start training from epoch: 26, iter: 500
2025-04-04 17:37:01,356 INFO: [RAIN2..][epoch: 42, iter:     600, lr:(9.912e-04,9.912e-05,)] [eta: 10:42:00, time (data): 1.064 (0.011)] l0: 3.9113e-02 l1: 5.0362e-02 l2: 5.7266e-02 l3: 6.2822e-02 l4: 7.4207e-02 l3_ssim: 4.9967e-01 l4_ssim: 5.9161e-01 
2025-04-04 17:37:13,752 INFO: Validation RAIN200H,		 # psnr: 17.0231
2025-04-04 17:43:52,108 INFO: [RAIN2..][epoch: 59, iter:     700, lr:(9.880e-04,9.880e-05,)] [eta: 10:35:52, time (data): 1.067 (0.014)] l0: 3.7062e-02 l1: 4.6027e-02 l2: 5.3613e-02 l3: 6.0026e-02 l4: 6.9372e-02 l3_ssim: 5.0054e-01 l4_ssim: 5.8152e-01 
2025-04-04 17:44:05,116 INFO: Validation RAIN200H,		 # psnr: 18.2036
2025-04-04 17:50:26,288 INFO: [RAIN2..][epoch: 75, iter:     800, lr:(9.843e-04,9.843e-05,)] [eta: 10:20:50, time (data): 1.063 (0.010)] l0: 3.5893e-02 l1: 4.5564e-02 l2: 5.3327e-02 l3: 5.9030e-02 l4: 6.8023e-02 l3_ssim: 4.9066e-01 l4_ssim: 5.7213e-01 
2025-04-04 17:50:37,570 INFO: Validation RAIN200H,		 # psnr: 17.2827
