2025-04-02 13:28:29,462 INFO: 
                ____                _       _____  ____
               / __ ) ____ _ _____ (_)_____/ ___/ / __ \
              / __  |/ __ `// ___// // ___/\__ \ / /_/ /
             / /_/ // /_/ /(__  )/ // /__ ___/ // _, _/
            /_____/ \__,_//____//_/ \___//____//_/ |_|
     ______                   __   __                 __      __
    / ____/____   ____   ____/ /  / /   __  __ _____ / /__   / /
   / / __ / __ \ / __ \ / __  /  / /   / / / // ___// //_/  / /
  / /_/ // /_/ // /_/ // /_/ /  / /___/ /_/ // /__ / /<    /_/
  \____/ \____/ \____/ \____/  /_____/\____/ \___//_/|_|  (_)
    
Version Information: 
	PyTorch: 2.0.1+cu117
	TorchVision: 0.15.2+cu117
2025-04-02 13:28:29,463 INFO: 
  name: RAIN200H-LPNet_corner
  model_type: LPNetModel
  scale: 1
  num_gpu: 1
  manual_seed: 10
  datasets:[
    train:[
      name: RAIN200H
      type: PairedImageDataset
      dataroot_gt: /scratch/eecs568s001w25_class_root/eecs568s001w25_class/yiweigui/Deep-Fourier-Upsampling/Dataset/Rain100H/norain
      dataroot_lq: /scratch/eecs568s001w25_class_root/eecs568s001w25_class/yiweigui/Deep-Fourier-Upsampling/Dataset/Rain100H/rainy
      filename_tmpl: {}
      io_backend:[
        type: disk
      ]
      gt_size: 128
      use_flip: True
      use_rot: True
      use_shuffle: True
      num_worker_per_gpu: 0
      batch_size_per_gpu: 12
      dataset_enlarge_ratio: 1
      prefetch_mode: None
      phase: train
      scale: 1
    ]
    val:[
      name: RAIN200H
      type: PairedImageDataset
      dataroot_gt: /scratch/eecs568s001w25_class_root/eecs568s001w25_class/yiweigui/Deep-Fourier-Upsampling/Dataset/Rain100H/norain
      dataroot_lq: /scratch/eecs568s001w25_class_root/eecs568s001w25_class/yiweigui/Deep-Fourier-Upsampling/Dataset/Rain100H/rainy
      io_backend:[
        type: disk
      ]
      phase: val
      scale: 1
    ]
  ]
  network_g:[
    type: LPNet_corner
  ]
  path:[
    pretrain_network_g: None
    strict_load_g: True
    resume_state: None
    root: /scratch/eecs568s001w25_class_root/eecs568s001w25_class/yiweigui/Deep-Fourier-Upsampling/Deraining_LPNET
    experiments_root: /scratch/eecs568s001w25_class_root/eecs568s001w25_class/yiweigui/Deep-Fourier-Upsampling/Deraining_LPNET/experiments/RAIN200H-LPNet_corner
    models: /scratch/eecs568s001w25_class_root/eecs568s001w25_class/yiweigui/Deep-Fourier-Upsampling/Deraining_LPNET/experiments/RAIN200H-LPNet_corner/models
    training_states: /scratch/eecs568s001w25_class_root/eecs568s001w25_class/yiweigui/Deep-Fourier-Upsampling/Deraining_LPNET/experiments/RAIN200H-LPNet_corner/training_states
    log: /scratch/eecs568s001w25_class_root/eecs568s001w25_class/yiweigui/Deep-Fourier-Upsampling/Deraining_LPNET/experiments/RAIN200H-LPNet_corner
    visualization: /scratch/eecs568s001w25_class_root/eecs568s001w25_class/yiweigui/Deep-Fourier-Upsampling/Deraining_LPNET/experiments/RAIN200H-LPNet_corner/visualization
  ]
  train:[
    optim_g:[
      type: Adam
      lr: 0.001
      weight_decay: 0
      betas: [0.9, 0.99]
    ]
    scheduler:[
      type: TrueCosineAnnealingLR
      T_max: 400000
      eta_min: 1e-07
    ]
    total_iter: 400000
    warmup_iter: 0
    pixel_opt:[
      type: L1Loss
      loss_weight: 0.5
      reduction: mean
    ]
  ]
  val:[
    val_freq: 2000.0
    save_img: False
    grids: False
    crop_size: 256
    max_minibatch: 8
    metrics:[
      psnr:[
        type: calculate_psnr
        crop_border: 0
        test_y_channel: True
      ]
    ]
  ]
  logger:[
    print_freq: 200
    save_checkpoint_freq: 20000.0
    use_tb_logger: True
    wandb:[
      project: None
      resume_id: None
    ]
  ]
  dist_params:[
    backend: nccl
    port: 29500
  ]
  is_train: True
  dist: False
  rank: 0
  world_size: 1

2025-04-02 13:28:29,665 INFO: Dataset PairedImageDataset - RAIN200H is created.
2025-04-02 13:28:29,665 INFO: Training statistics:
	Number of train images: 100
	Dataset enlarge ratio: 1
	Batch size per gpu: 12
	World size (gpu number): 1
	Require iter number per epoch: 9
	Total epochs: 44445; iters: 400000.
2025-04-02 13:28:29,669 INFO: Dataset PairedImageDataset - RAIN200H is created.
2025-04-02 13:28:29,669 INFO: Number of val images/folders in RAIN200H: 100
2025-04-02 13:28:30,359 INFO: Model [LPNetModel] is created.
2025-04-02 13:28:30,359 INFO: Start training from epoch: 0, iter: 0
2025-04-02 13:29:17,346 INFO: [RAIN2..][epoch: 24, iter:     200, lr:(1.000e-03,1.000e-04,)] [eta: 1 day, 1:57:39, time (data): 0.186 (0.101)] l0: 6.3851e-02 l1: 6.8378e-02 l2: 7.7299e-02 l3: 8.3812e-02 l4: 9.5515e-02 l3_ssim: 5.2098e-01 l4_ssim: 5.8179e-01 
2025-04-02 13:29:54,980 INFO: [RAIN2..][epoch: 49, iter:     400, lr:(1.000e-03,1.000e-04,)] [eta: 23:25:25, time (data): 0.191 (0.105)] l0: 4.0340e-02 l1: 5.4851e-02 l2: 7.1438e-02 l3: 7.4183e-02 l4: 8.8810e-02 l3_ssim: 4.8389e-01 l4_ssim: 5.8077e-01 
2025-04-02 13:30:32,573 INFO: [RAIN2..][epoch: 74, iter:     600, lr:(1.000e-03,1.000e-04,)] [eta: 22:33:38, time (data): 0.189 (0.103)] l0: 4.6314e-02 l1: 5.5971e-02 l2: 6.3185e-02 l3: 7.2553e-02 l4: 7.7501e-02 l3_ssim: 5.3669e-01 l4_ssim: 6.1740e-01 
2025-04-02 13:31:10,180 INFO: [RAIN2..][epoch: 99, iter:     800, lr:(1.000e-03,1.000e-04,)] [eta: 22:07:30, time (data): 0.189 (0.104)] l0: 3.7544e-02 l1: 4.7036e-02 l2: 5.3717e-02 l3: 6.4787e-02 l4: 7.4954e-02 l3_ssim: 4.7707e-01 l4_ssim: 6.0313e-01 
2025-04-02 13:31:47,795 INFO: [RAIN2..][epoch:124, iter:   1,000, lr:(1.000e-03,1.000e-04,)] [eta: 21:51:38, time (data): 0.186 (0.101)] l0: 3.5743e-02 l1: 4.4662e-02 l2: 5.4560e-02 l3: 6.2146e-02 l4: 7.1391e-02 l3_ssim: 5.0082e-01 l4_ssim: 5.6136e-01 
2025-04-02 13:32:25,389 INFO: [RAIN2..][epoch:149, iter:   1,200, lr:(1.000e-03,1.000e-04,)] [eta: 21:40:43, time (data): 0.186 (0.100)] l0: 3.8337e-02 l1: 4.6375e-02 l2: 5.8727e-02 l3: 6.4594e-02 l4: 7.4018e-02 l3_ssim: 5.1334e-01 l4_ssim: 6.0452e-01 
2025-04-02 13:33:03,008 INFO: [RAIN2..][epoch:174, iter:   1,400, lr:(1.000e-03,1.000e-04,)] [eta: 21:32:51, time (data): 0.190 (0.104)] l0: 2.7825e-02 l1: 3.5593e-02 l2: 5.2931e-02 l3: 5.8265e-02 l4: 6.9176e-02 l3_ssim: 4.7904e-01 l4_ssim: 5.9568e-01 
2025-04-02 13:33:40,643 INFO: [RAIN2..][epoch:199, iter:   1,600, lr:(1.000e-03,1.000e-04,)] [eta: 21:26:52, time (data): 0.189 (0.103)] l0: 3.5624e-02 l1: 4.5821e-02 l2: 5.4402e-02 l3: 6.4129e-02 l4: 7.2534e-02 l3_ssim: 4.8084e-01 l4_ssim: 5.2552e-01 
2025-04-02 13:34:18,252 INFO: [RAIN2..][epoch:224, iter:   1,800, lr:(1.000e-03,1.000e-04,)] [eta: 21:21:58, time (data): 0.184 (0.099)] l0: 3.4731e-02 l1: 4.1708e-02 l2: 5.7508e-02 l3: 6.4350e-02 l4: 6.6361e-02 l3_ssim: 5.1083e-01 l4_ssim: 4.8965e-01 
2025-04-02 13:34:55,863 INFO: [RAIN2..][epoch:249, iter:   2,000, lr:(9.999e-04,9.999e-05,)] [eta: 21:17:56, time (data): 0.192 (0.106)] l0: 3.9123e-02 l1: 5.0061e-02 l2: 5.8183e-02 l3: 6.5664e-02 l4: 6.3999e-02 l3_ssim: 4.6934e-01 l4_ssim: 4.5784e-01 
2025-04-02 13:35:00,927 INFO: Validation RAIN200H,		 # psnr: 18.2199
2025-04-02 13:35:38,660 INFO: [RAIN2..][epoch:274, iter:   2,200, lr:(9.999e-04,9.999e-05,)] [eta: 21:30:09, time (data): 0.187 (0.102)] l0: 3.6773e-02 l1: 4.5167e-02 l2: 5.9473e-02 l3: 6.5699e-02 l4: 6.9676e-02 l3_ssim: 5.0109e-01 l4_ssim: 5.5005e-01 
2025-04-02 13:36:16,404 INFO: [RAIN2..][epoch:299, iter:   2,400, lr:(9.999e-04,9.999e-05,)] [eta: 21:26:15, time (data): 0.190 (0.104)] l0: 3.8040e-02 l1: 4.3669e-02 l2: 5.7235e-02 l3: 6.3521e-02 l4: 5.2969e-02 l3_ssim: 5.3794e-01 l4_ssim: 4.5961e-01 
2025-04-02 13:36:54,142 INFO: [RAIN2..][epoch:324, iter:   2,600, lr:(9.999e-04,9.999e-05,)] [eta: 21:22:51, time (data): 0.190 (0.105)] l0: 3.8095e-02 l1: 4.5279e-02 l2: 5.6610e-02 l3: 6.5162e-02 l4: 5.8529e-02 l3_ssim: 5.2930e-01 l4_ssim: 5.4131e-01 
2025-04-02 13:37:32,241 INFO: [RAIN2..][epoch:349, iter:   2,800, lr:(9.999e-04,9.999e-05,)] [eta: 21:20:42, time (data): 0.193 (0.106)] l0: 3.9223e-02 l1: 4.2906e-02 l2: 5.3838e-02 l3: 5.8480e-02 l4: 4.6431e-02 l3_ssim: 5.1074e-01 l4_ssim: 3.8844e-01 
2025-04-02 13:38:10,659 INFO: [RAIN2..][epoch:374, iter:   3,000, lr:(9.999e-04,9.999e-05,)] [eta: 21:19:27, time (data): 0.191 (0.103)] l0: 3.3372e-02 l1: 3.8854e-02 l2: 5.0284e-02 l3: 5.7316e-02 l4: 4.2949e-02 l3_ssim: 5.2080e-01 l4_ssim: 3.8682e-01 
2025-04-02 13:38:49,077 INFO: [RAIN2..][epoch:399, iter:   3,200, lr:(9.998e-04,9.998e-05,)] [eta: 21:18:16, time (data): 0.194 (0.106)] l0: 3.6927e-02 l1: 4.7794e-02 l2: 5.6580e-02 l3: 6.1702e-02 l4: 5.7081e-02 l3_ssim: 5.5568e-01 l4_ssim: 4.6126e-01 
2025-04-02 13:39:27,536 INFO: [RAIN2..][epoch:424, iter:   3,400, lr:(9.998e-04,9.998e-05,)] [eta: 21:17:15, time (data): 0.194 (0.107)] l0: 5.0217e-02 l1: 5.0962e-02 l2: 6.3103e-02 l3: 5.9320e-02 l4: 4.5089e-02 l3_ssim: 4.3601e-01 l4_ssim: 3.3833e-01 
2025-04-02 13:40:05,993 INFO: [RAIN2..][epoch:449, iter:   3,600, lr:(9.998e-04,9.998e-05,)] [eta: 21:16:15, time (data): 0.192 (0.105)] l0: 3.2172e-02 l1: 4.0256e-02 l2: 5.2357e-02 l3: 5.7885e-02 l4: 4.4657e-02 l3_ssim: 4.8572e-01 l4_ssim: 4.0452e-01 
2025-04-02 13:40:44,415 INFO: [RAIN2..][epoch:474, iter:   3,800, lr:(9.998e-04,9.998e-05,)] [eta: 21:15:14, time (data): 0.191 (0.103)] l0: 4.3760e-02 l1: 5.0434e-02 l2: 5.9772e-02 l3: 6.8428e-02 l4: 6.6378e-02 l3_ssim: 5.3984e-01 l4_ssim: 4.7871e-01 
2025-04-02 13:41:22,772 INFO: [RAIN2..][epoch:499, iter:   4,000, lr:(9.998e-04,9.998e-05,)] [eta: 21:14:09, time (data): 0.194 (0.106)] l0: 2.4222e-02 l1: 2.9014e-02 l2: 4.4917e-02 l3: 4.1759e-02 l4: 4.4082e-02 l3_ssim: 3.8230e-01 l4_ssim: 3.4597e-01 
2025-04-02 13:41:27,808 INFO: Validation RAIN200H,		 # psnr: 21.7409
2025-04-02 13:42:06,158 INFO: [RAIN2..][epoch:524, iter:   4,200, lr:(9.997e-04,9.997e-05,)] [eta: 21:21:00, time (data): 0.195 (0.108)] l0: 3.7449e-02 l1: 4.6793e-02 l2: 5.5095e-02 l3: 6.2866e-02 l4: 4.7091e-02 l3_ssim: 4.0418e-01 l4_ssim: 3.4744e-01 
2025-04-02 13:42:44,488 INFO: [RAIN2..][epoch:549, iter:   4,400, lr:(9.997e-04,9.997e-05,)] [eta: 21:19:36, time (data): 0.191 (0.104)] l0: 2.0809e-02 l1: 2.9468e-02 l2: 3.9789e-02 l3: 4.1911e-02 l4: 3.7963e-02 l3_ssim: 4.1175e-01 l4_ssim: 2.9821e-01 
2025-04-02 13:43:22,810 INFO: [RAIN2..][epoch:574, iter:   4,600, lr:(9.997e-04,9.997e-05,)] [eta: 21:18:15, time (data): 0.190 (0.103)] l0: 2.5409e-02 l1: 3.3257e-02 l2: 4.3040e-02 l3: 4.3825e-02 l4: 3.8941e-02 l3_ssim: 3.8673e-01 l4_ssim: 3.5402e-01 
2025-04-02 13:44:01,063 INFO: [RAIN2..][epoch:599, iter:   4,800, lr:(9.996e-04,9.996e-05,)] [eta: 21:16:51, time (data): 0.189 (0.102)] l0: 2.7870e-02 l1: 3.6648e-02 l2: 4.7967e-02 l3: 4.8755e-02 l4: 4.0852e-02 l3_ssim: 4.3092e-01 l4_ssim: 3.5371e-01 
2025-04-02 13:44:39,319 INFO: [RAIN2..][epoch:624, iter:   5,000, lr:(9.996e-04,9.996e-05,)] [eta: 21:15:32, time (data): 0.194 (0.107)] l0: 2.7271e-02 l1: 3.3805e-02 l2: 4.3328e-02 l3: 4.7803e-02 l4: 3.6719e-02 l3_ssim: 4.3029e-01 l4_ssim: 3.1080e-01 
2025-04-02 13:45:17,579 INFO: [RAIN2..][epoch:649, iter:   5,200, lr:(9.996e-04,9.996e-05,)] [eta: 21:14:16, time (data): 0.192 (0.105)] l0: 3.7840e-02 l1: 4.3516e-02 l2: 5.3131e-02 l3: 5.4967e-02 l4: 4.2767e-02 l3_ssim: 4.1322e-01 l4_ssim: 3.6314e-01 
2025-04-02 13:45:55,723 INFO: [RAIN2..][epoch:674, iter:   5,400, lr:(9.996e-04,9.996e-05,)] [eta: 21:12:54, time (data): 0.189 (0.103)] l0: 2.4149e-02 l1: 3.1823e-02 l2: 4.0069e-02 l3: 4.2232e-02 l4: 4.0610e-02 l3_ssim: 3.6219e-01 l4_ssim: 3.2207e-01 
2025-04-02 13:46:33,812 INFO: [RAIN2..][epoch:699, iter:   5,600, lr:(9.995e-04,9.995e-05,)] [eta: 21:11:32, time (data): 0.185 (0.099)] l0: 2.4666e-02 l1: 3.0837e-02 l2: 4.3692e-02 l3: 3.9304e-02 l4: 3.6344e-02 l3_ssim: 3.3304e-01 l4_ssim: 3.2960e-01 
2025-04-02 13:47:11,863 INFO: [RAIN2..][epoch:724, iter:   5,800, lr:(9.995e-04,9.995e-05,)] [eta: 21:10:10, time (data): 0.189 (0.102)] l0: 2.8563e-02 l1: 3.4943e-02 l2: 4.5860e-02 l3: 4.4424e-02 l4: 3.8117e-02 l3_ssim: 4.0082e-01 l4_ssim: 3.2710e-01 
2025-04-02 13:47:49,713 INFO: [RAIN2..][epoch:749, iter:   6,000, lr:(9.994e-04,9.994e-05,)] [eta: 21:08:38, time (data): 0.191 (0.105)] l0: 3.0174e-02 l1: 3.4286e-02 l2: 4.2164e-02 l3: 4.6551e-02 l4: 4.0593e-02 l3_ssim: 3.7962e-01 l4_ssim: 3.3064e-01 
2025-04-02 13:47:54,569 INFO: Validation RAIN200H,		 # psnr: 20.8837
2025-04-02 13:48:32,511 INFO: [RAIN2..][epoch:774, iter:   6,200, lr:(9.994e-04,9.994e-05,)] [eta: 21:12:23, time (data): 0.191 (0.105)] l0: 3.9790e-02 l1: 4.6526e-02 l2: 5.3934e-02 l3: 5.7239e-02 l4: 4.2608e-02 l3_ssim: 3.8722e-01 l4_ssim: 3.0359e-01 
2025-04-02 13:49:10,286 INFO: [RAIN2..][epoch:799, iter:   6,400, lr:(9.994e-04,9.994e-05,)] [eta: 21:10:43, time (data): 0.189 (0.103)] l0: 4.8224e-02 l1: 5.2863e-02 l2: 5.8237e-02 l3: 6.2682e-02 l4: 4.0290e-02 l3_ssim: 4.7282e-01 l4_ssim: 3.6564e-01 
2025-04-02 13:49:48,037 INFO: [RAIN2..][epoch:824, iter:   6,600, lr:(9.993e-04,9.993e-05,)] [eta: 21:09:05, time (data): 0.187 (0.102)] l0: 3.1538e-02 l1: 4.1228e-02 l2: 4.8953e-02 l3: 5.1031e-02 l4: 4.2887e-02 l3_ssim: 4.0044e-01 l4_ssim: 3.3564e-01 
2025-04-02 13:50:25,777 INFO: [RAIN2..][epoch:849, iter:   6,800, lr:(9.993e-04,9.993e-05,)] [eta: 21:07:30, time (data): 0.189 (0.102)] l0: 2.9512e-02 l1: 3.5235e-02 l2: 4.5358e-02 l3: 4.3908e-02 l4: 4.1483e-02 l3_ssim: 4.1747e-01 l4_ssim: 3.6603e-01 
2025-04-02 13:51:03,549 INFO: [RAIN2..][epoch:874, iter:   7,000, lr:(9.992e-04,9.992e-05,)] [eta: 21:06:00, time (data): 0.195 (0.106)] l0: 3.6618e-02 l1: 4.1838e-02 l2: 4.9702e-02 l3: 4.6808e-02 l4: 3.8493e-02 l3_ssim: 3.9362e-01 l4_ssim: 3.1535e-01 
2025-04-02 13:51:41,304 INFO: [RAIN2..][epoch:899, iter:   7,200, lr:(9.992e-04,9.992e-05,)] [eta: 21:04:33, time (data): 0.194 (0.108)] l0: 3.8095e-02 l1: 4.0943e-02 l2: 4.9488e-02 l3: 5.0852e-02 l4: 5.1379e-02 l3_ssim: 3.7504e-01 l4_ssim: 3.9997e-01 
2025-04-02 13:52:19,272 INFO: [RAIN2..][epoch:924, iter:   7,400, lr:(9.992e-04,9.992e-05,)] [eta: 21:03:19, time (data): 0.189 (0.102)] l0: 3.3613e-02 l1: 4.0741e-02 l2: 4.9355e-02 l3: 4.5960e-02 l4: 4.2533e-02 l3_ssim: 3.6126e-01 l4_ssim: 3.3740e-01 
2025-04-02 13:52:57,340 INFO: [RAIN2..][epoch:949, iter:   7,600, lr:(9.991e-04,9.991e-05,)] [eta: 21:02:12, time (data): 0.190 (0.103)] l0: 2.1020e-02 l1: 2.9942e-02 l2: 3.7110e-02 l3: 3.5339e-02 l4: 3.5120e-02 l3_ssim: 3.3948e-01 l4_ssim: 3.1115e-01 
2025-04-02 13:53:35,415 INFO: [RAIN2..][epoch:974, iter:   7,800, lr:(9.991e-04,9.991e-05,)] [eta: 21:01:07, time (data): 0.190 (0.104)] l0: 3.6756e-02 l1: 4.3936e-02 l2: 5.0770e-02 l3: 5.2829e-02 l4: 4.5367e-02 l3_ssim: 4.5306e-01 l4_ssim: 3.6553e-01 
2025-04-02 13:54:13,479 INFO: [RAIN2..][epoch:999, iter:   8,000, lr:(9.990e-04,9.990e-05,)] [eta: 21:00:03, time (data): 0.194 (0.107)] l0: 3.3176e-02 l1: 3.5765e-02 l2: 4.2221e-02 l3: 4.1958e-02 l4: 3.9608e-02 l3_ssim: 3.5155e-01 l4_ssim: 2.9168e-01 
2025-04-02 13:54:18,338 INFO: Validation RAIN200H,		 # psnr: 21.6178
2025-04-02 13:54:56,432 INFO: [RAIN2..][epoch:1024, iter:   8,200, lr:(9.990e-04,9.990e-05,)] [eta: 21:02:53, time (data): 0.189 (0.103)] l0: 2.6908e-02 l1: 3.7535e-02 l2: 4.7372e-02 l3: 3.6188e-02 l4: 3.5942e-02 l3_ssim: 3.1578e-01 l4_ssim: 3.0338e-01 
2025-04-02 13:55:34,543 INFO: [RAIN2..][epoch:1049, iter:   8,400, lr:(9.989e-04,9.989e-05,)] [eta: 21:01:48, time (data): 0.196 (0.109)] l0: 3.4536e-02 l1: 3.7792e-02 l2: 4.6532e-02 l3: 4.0651e-02 l4: 3.2145e-02 l3_ssim: 3.5409e-01 l4_ssim: 2.6395e-01 
2025-04-02 13:56:13,260 INFO: [RAIN2..][epoch:1074, iter:   8,600, lr:(9.989e-04,9.989e-05,)] [eta: 21:01:12, time (data): 0.189 (0.102)] l0: 3.3916e-02 l1: 3.9477e-02 l2: 4.7939e-02 l3: 4.5695e-02 l4: 4.0210e-02 l3_ssim: 4.4282e-01 l4_ssim: 3.3035e-01 
2025-04-02 13:56:51,784 INFO: [RAIN2..][epoch:1099, iter:   8,800, lr:(9.988e-04,9.988e-05,)] [eta: 21:00:27, time (data): 0.190 (0.103)] l0: 3.3973e-02 l1: 4.4565e-02 l2: 5.0020e-02 l3: 4.2137e-02 l4: 3.9588e-02 l3_ssim: 2.9215e-01 l4_ssim: 2.9563e-01 
2025-04-02 13:57:30,236 INFO: [RAIN2..][epoch:1124, iter:   9,000, lr:(9.988e-04,9.988e-05,)] [eta: 20:59:39, time (data): 0.193 (0.106)] l0: 3.5542e-02 l1: 4.3429e-02 l2: 5.1341e-02 l3: 3.8383e-02 l4: 3.2832e-02 l3_ssim: 3.3018e-01 l4_ssim: 3.0357e-01 
2025-04-02 13:58:08,648 INFO: [RAIN2..][epoch:1149, iter:   9,200, lr:(9.987e-04,9.987e-05,)] [eta: 20:58:50, time (data): 0.187 (0.100)] l0: 3.1579e-02 l1: 4.1056e-02 l2: 4.9285e-02 l3: 4.3666e-02 l4: 4.2643e-02 l3_ssim: 3.1900e-01 l4_ssim: 3.4338e-01 
2025-04-02 13:58:47,068 INFO: [RAIN2..][epoch:1174, iter:   9,400, lr:(9.986e-04,9.986e-05,)] [eta: 20:58:01, time (data): 0.192 (0.105)] l0: 2.7714e-02 l1: 3.8216e-02 l2: 4.4448e-02 l3: 4.3540e-02 l4: 4.6192e-02 l3_ssim: 2.9330e-01 l4_ssim: 3.2299e-01 
2025-04-02 13:59:25,501 INFO: [RAIN2..][epoch:1199, iter:   9,600, lr:(9.986e-04,9.986e-05,)] [eta: 20:57:14, time (data): 0.198 (0.111)] l0: 3.2445e-02 l1: 3.6919e-02 l2: 4.4821e-02 l3: 3.8654e-02 l4: 4.2445e-02 l3_ssim: 2.9537e-01 l4_ssim: 3.4027e-01 
2025-04-02 14:00:03,894 INFO: [RAIN2..][epoch:1224, iter:   9,800, lr:(9.985e-04,9.985e-05,)] [eta: 20:56:25, time (data): 0.190 (0.103)] l0: 3.2144e-02 l1: 4.1670e-02 l2: 4.8531e-02 l3: 3.9928e-02 l4: 3.6360e-02 l3_ssim: 2.7650e-01 l4_ssim: 2.8851e-01 
2025-04-02 14:00:42,242 INFO: [RAIN2..][epoch:1249, iter:  10,000, lr:(9.985e-04,9.985e-05,)] [eta: 20:55:35, time (data): 0.194 (0.106)] l0: 3.4406e-02 l1: 4.0579e-02 l2: 4.8443e-02 l3: 4.1965e-02 l4: 4.2291e-02 l3_ssim: 3.0627e-01 l4_ssim: 3.0328e-01 
2025-04-02 14:00:47,229 INFO: Validation RAIN200H,		 # psnr: 22.7493
2025-04-02 14:01:25,485 INFO: [RAIN2..][epoch:1274, iter:  10,200, lr:(9.984e-04,9.984e-05,)] [eta: 20:57:53, time (data): 0.191 (0.104)] l0: 4.8670e-02 l1: 5.0629e-02 l2: 5.7512e-02 l3: 5.0184e-02 l4: 4.5195e-02 l3_ssim: 3.2059e-01 l4_ssim: 3.4400e-01 
2025-04-02 14:02:03,757 INFO: [RAIN2..][epoch:1299, iter:  10,400, lr:(9.983e-04,9.983e-05,)] [eta: 20:56:57, time (data): 0.191 (0.104)] l0: 1.9801e-02 l1: 2.5922e-02 l2: 3.2914e-02 l3: 3.1738e-02 l4: 3.2797e-02 l3_ssim: 2.4218e-01 l4_ssim: 2.8837e-01 
2025-04-02 14:02:42,017 INFO: [RAIN2..][epoch:1324, iter:  10,600, lr:(9.983e-04,9.983e-05,)] [eta: 20:56:02, time (data): 0.188 (0.101)] l0: 4.3329e-02 l1: 5.0905e-02 l2: 5.8281e-02 l3: 4.8612e-02 l4: 4.2788e-02 l3_ssim: 3.2478e-01 l4_ssim: 3.3026e-01 
2025-04-02 14:03:20,132 INFO: [RAIN2..][epoch:1349, iter:  10,800, lr:(9.982e-04,9.982e-05,)] [eta: 20:55:02, time (data): 0.193 (0.106)] l0: 3.0300e-02 l1: 3.8464e-02 l2: 4.7812e-02 l3: 3.7925e-02 l4: 3.8600e-02 l3_ssim: 2.5268e-01 l4_ssim: 3.0461e-01 
2025-04-02 14:03:58,221 INFO: [RAIN2..][epoch:1374, iter:  11,000, lr:(9.981e-04,9.981e-05,)] [eta: 20:54:01, time (data): 0.193 (0.106)] l0: 4.3025e-02 l1: 5.0714e-02 l2: 5.7060e-02 l3: 4.6275e-02 l4: 4.4358e-02 l3_ssim: 2.9468e-01 l4_ssim: 3.1710e-01 
2025-04-02 14:04:36,309 INFO: [RAIN2..][epoch:1399, iter:  11,200, lr:(9.981e-04,9.981e-05,)] [eta: 20:53:02, time (data): 0.191 (0.104)] l0: 3.2958e-02 l1: 3.8547e-02 l2: 4.5561e-02 l3: 3.8499e-02 l4: 3.9494e-02 l3_ssim: 2.5464e-01 l4_ssim: 2.7885e-01 
2025-04-02 14:05:14,523 INFO: [RAIN2..][epoch:1424, iter:  11,400, lr:(9.980e-04,9.980e-05,)] [eta: 20:52:08, time (data): 0.191 (0.104)] l0: 3.7731e-02 l1: 4.4937e-02 l2: 5.5289e-02 l3: 4.0708e-02 l4: 3.9326e-02 l3_ssim: 2.8528e-01 l4_ssim: 3.2120e-01 
2025-04-02 14:05:52,621 INFO: [RAIN2..][epoch:1449, iter:  11,600, lr:(9.979e-04,9.979e-05,)] [eta: 20:51:10, time (data): 0.187 (0.100)] l0: 3.7875e-02 l1: 4.3239e-02 l2: 5.0981e-02 l3: 4.5037e-02 l4: 4.2987e-02 l3_ssim: 2.9302e-01 l4_ssim: 2.9064e-01 
2025-04-02 14:06:30,778 INFO: [RAIN2..][epoch:1474, iter:  11,800, lr:(9.979e-04,9.979e-05,)] [eta: 20:50:15, time (data): 0.192 (0.105)] l0: 3.2417e-02 l1: 3.7916e-02 l2: 4.6438e-02 l3: 3.7369e-02 l4: 3.9785e-02 l3_ssim: 2.4832e-01 l4_ssim: 2.7779e-01 
2025-04-02 14:07:08,853 INFO: [RAIN2..][epoch:1499, iter:  12,000, lr:(9.978e-04,9.978e-05,)] [eta: 20:49:18, time (data): 0.189 (0.103)] l0: 3.7661e-02 l1: 4.3759e-02 l2: 5.2105e-02 l3: 3.4995e-02 l4: 3.3952e-02 l3_ssim: 2.5930e-01 l4_ssim: 2.8900e-01 
2025-04-02 14:07:13,927 INFO: Validation RAIN200H,		 # psnr: 22.5261
2025-04-02 14:07:51,988 INFO: [RAIN2..][epoch:1524, iter:  12,200, lr:(9.977e-04,9.977e-05,)] [eta: 20:51:02, time (data): 0.190 (0.104)] l0: 3.6865e-02 l1: 4.6303e-02 l2: 5.4039e-02 l3: 3.4552e-02 l4: 3.2029e-02 l3_ssim: 2.2960e-01 l4_ssim: 2.5797e-01 
2025-04-02 14:08:30,116 INFO: [RAIN2..][epoch:1549, iter:  12,400, lr:(9.976e-04,9.976e-05,)] [eta: 20:50:05, time (data): 0.196 (0.110)] l0: 3.4761e-02 l1: 4.0395e-02 l2: 4.5642e-02 l3: 3.9794e-02 l4: 3.9158e-02 l3_ssim: 2.7060e-01 l4_ssim: 2.9909e-01 
2025-04-02 14:09:08,209 INFO: [RAIN2..][epoch:1574, iter:  12,600, lr:(9.976e-04,9.976e-05,)] [eta: 20:49:08, time (data): 0.190 (0.104)] l0: 3.4233e-02 l1: 4.0260e-02 l2: 4.7058e-02 l3: 4.3373e-02 l4: 4.3014e-02 l3_ssim: 2.8725e-01 l4_ssim: 2.9754e-01 
2025-04-02 14:09:46,276 INFO: [RAIN2..][epoch:1599, iter:  12,800, lr:(9.975e-04,9.975e-05,)] [eta: 20:48:10, time (data): 0.189 (0.103)] l0: 2.7353e-02 l1: 3.4673e-02 l2: 4.3265e-02 l3: 3.6214e-02 l4: 3.6657e-02 l3_ssim: 2.8188e-01 l4_ssim: 3.0896e-01 
2025-04-02 14:10:24,341 INFO: [RAIN2..][epoch:1624, iter:  13,000, lr:(9.974e-04,9.974e-05,)] [eta: 20:47:13, time (data): 0.194 (0.107)] l0: 3.5171e-02 l1: 4.1317e-02 l2: 4.4622e-02 l3: 3.4547e-02 l4: 3.5181e-02 l3_ssim: 2.2611e-01 l4_ssim: 2.5115e-01 
2025-04-02 14:11:02,407 INFO: [RAIN2..][epoch:1649, iter:  13,200, lr:(9.973e-04,9.973e-05,)] [eta: 20:46:16, time (data): 0.191 (0.104)] l0: 2.4000e-02 l1: 2.9324e-02 l2: 3.6626e-02 l3: 3.4766e-02 l4: 3.7481e-02 l3_ssim: 2.7187e-01 l4_ssim: 2.8214e-01 
