2025-04-02 13:12:23,869 INFO: 
                ____                _       _____  ____
               / __ ) ____ _ _____ (_)_____/ ___/ / __ \
              / __  |/ __ `// ___// // ___/\__ \ / /_/ /
             / /_/ // /_/ /(__  )/ // /__ ___/ // _, _/
            /_____/ \__,_//____//_/ \___//____//_/ |_|
     ______                   __   __                 __      __
    / ____/____   ____   ____/ /  / /   __  __ _____ / /__   / /
   / / __ / __ \ / __ \ / __  /  / /   / / / // ___// //_/  / /
  / /_/ // /_/ // /_/ // /_/ /  / /___/ /_/ // /__ / /<    /_/
  \____/ \____/ \____/ \____/  /_____/\____/ \___//_/|_|  (_)
    
Version Information: 
	PyTorch: 2.0.1+cu117
	TorchVision: 0.15.2+cu117
2025-04-02 13:12:23,869 INFO: 
  name: RAIN200H-LPNet_corner
  model_type: LPNetModel
  scale: 1
  num_gpu: 1
  manual_seed: 10
  datasets:[
    train:[
      name: RAIN200H
      type: PairedImageDataset
      dataroot_gt: /scratch/eecs568s001w25_class_root/eecs568s001w25_class/yiweigui/Deep-Fourier-Upsampling/Dataset/Rain100H/norain
      dataroot_lq: /scratch/eecs568s001w25_class_root/eecs568s001w25_class/yiweigui/Deep-Fourier-Upsampling/Dataset/Rain100H/rainy
      filename_tmpl: {}
      io_backend:[
        type: disk
      ]
      gt_size: 128
      use_flip: True
      use_rot: True
      use_shuffle: True
      num_worker_per_gpu: 0
      batch_size_per_gpu: 12
      dataset_enlarge_ratio: 1
      prefetch_mode: None
      phase: train
      scale: 1
    ]
    val:[
      name: RAIN200H
      type: PairedImageDataset
      dataroot_gt: /scratch/eecs568s001w25_class_root/eecs568s001w25_class/yiweigui/Deep-Fourier-Upsampling/Dataset/Rain100H/norain
      dataroot_lq: /scratch/eecs568s001w25_class_root/eecs568s001w25_class/yiweigui/Deep-Fourier-Upsampling/Dataset/Rain100H/rainy
      io_backend:[
        type: disk
      ]
      phase: val
      scale: 1
    ]
  ]
  network_g:[
    type: LPNet_corner
  ]
  path:[
    pretrain_network_g: None
    strict_load_g: True
    resume_state: None
    root: /scratch/eecs568s001w25_class_root/eecs568s001w25_class/yiweigui/Deep-Fourier-Upsampling/Deraining_LPNET
    experiments_root: /scratch/eecs568s001w25_class_root/eecs568s001w25_class/yiweigui/Deep-Fourier-Upsampling/Deraining_LPNET/experiments/RAIN200H-LPNet_corner
    models: /scratch/eecs568s001w25_class_root/eecs568s001w25_class/yiweigui/Deep-Fourier-Upsampling/Deraining_LPNET/experiments/RAIN200H-LPNet_corner/models
    training_states: /scratch/eecs568s001w25_class_root/eecs568s001w25_class/yiweigui/Deep-Fourier-Upsampling/Deraining_LPNET/experiments/RAIN200H-LPNet_corner/training_states
    log: /scratch/eecs568s001w25_class_root/eecs568s001w25_class/yiweigui/Deep-Fourier-Upsampling/Deraining_LPNET/experiments/RAIN200H-LPNet_corner
    visualization: /scratch/eecs568s001w25_class_root/eecs568s001w25_class/yiweigui/Deep-Fourier-Upsampling/Deraining_LPNET/experiments/RAIN200H-LPNet_corner/visualization
  ]
  train:[
    optim_g:[
      type: Adam
      lr: 0.001
      weight_decay: 0
      betas: [0.9, 0.99]
    ]
    scheduler:[
      type: TrueCosineAnnealingLR
      T_max: 400000
      eta_min: 1e-07
    ]
    total_iter: 400000
    warmup_iter: 0
    pixel_opt:[
      type: L1Loss
      loss_weight: 0.5
      reduction: mean
    ]
  ]
  val:[
    val_freq: 2000.0
    save_img: False
    grids: False
    crop_size: 256
    max_minibatch: 8
    metrics:[
      psnr:[
        type: calculate_psnr
        crop_border: 0
        test_y_channel: True
      ]
    ]
  ]
  logger:[
    print_freq: 200
    save_checkpoint_freq: 20000.0
    use_tb_logger: True
    wandb:[
      project: None
      resume_id: None
    ]
  ]
  dist_params:[
    backend: nccl
    port: 29500
  ]
  is_train: True
  dist: False
  rank: 0
  world_size: 1

2025-04-02 13:12:24,020 INFO: Dataset PairedImageDataset - RAIN200H is created.
2025-04-02 13:12:24,020 INFO: Training statistics:
	Number of train images: 100
	Dataset enlarge ratio: 1
	Batch size per gpu: 12
	World size (gpu number): 1
	Require iter number per epoch: 9
	Total epochs: 44445; iters: 400000.
2025-04-02 13:12:24,024 INFO: Dataset PairedImageDataset - RAIN200H is created.
2025-04-02 13:12:24,024 INFO: Number of val images/folders in RAIN200H: 100
2025-04-02 13:12:24,717 INFO: Model [LPNetModel] is created.
2025-04-02 13:12:24,718 INFO: Start training from epoch: 0, iter: 0
2025-04-02 13:13:09,685 INFO: [RAIN2..][epoch: 24, iter:     200, lr:(1.000e-03,1.000e-04,)] [eta: 1 day, 0:50:42, time (data): 0.191 (0.105)] l0: 6.3918e-02 l1: 6.8447e-02 l2: 7.6889e-02 l3: 8.3458e-02 l4: 9.5189e-02 l3_ssim: 5.2025e-01 l4_ssim: 5.8154e-01 
2025-04-02 13:13:47,351 INFO: [RAIN2..][epoch: 49, iter:     400, lr:(1.000e-03,1.000e-04,)] [eta: 22:52:24, time (data): 0.191 (0.105)] l0: 4.0310e-02 l1: 5.4934e-02 l2: 7.1613e-02 l3: 7.4227e-02 l4: 8.9044e-02 l3_ssim: 4.8331e-01 l4_ssim: 5.8020e-01 
2025-04-02 13:14:25,046 INFO: [RAIN2..][epoch: 74, iter:     600, lr:(1.000e-03,1.000e-04,)] [eta: 22:12:45, time (data): 0.187 (0.102)] l0: 4.6271e-02 l1: 5.5854e-02 l2: 6.2796e-02 l3: 7.2393e-02 l4: 7.4510e-02 l3_ssim: 5.3670e-01 l4_ssim: 6.1626e-01 
2025-04-02 13:15:02,718 INFO: [RAIN2..][epoch: 99, iter:     800, lr:(1.000e-03,1.000e-04,)] [eta: 21:52:23, time (data): 0.189 (0.104)] l0: 3.7618e-02 l1: 4.7005e-02 l2: 5.3700e-02 l3: 6.4945e-02 l4: 7.5056e-02 l3_ssim: 4.7753e-01 l4_ssim: 6.0318e-01 
2025-04-02 13:15:40,386 INFO: [RAIN2..][epoch:124, iter:   1,000, lr:(1.000e-03,1.000e-04,)] [eta: 21:39:53, time (data): 0.187 (0.102)] l0: 3.5487e-02 l1: 4.4666e-02 l2: 5.5411e-02 l3: 6.1398e-02 l4: 6.7124e-02 l3_ssim: 4.9967e-01 l4_ssim: 5.5644e-01 
2025-04-02 13:16:18,018 INFO: [RAIN2..][epoch:149, iter:   1,200, lr:(1.000e-03,1.000e-04,)] [eta: 21:31:08, time (data): 0.188 (0.101)] l0: 3.8434e-02 l1: 4.6263e-02 l2: 5.8442e-02 l3: 6.4391e-02 l4: 6.8959e-02 l3_ssim: 5.1310e-01 l4_ssim: 6.0093e-01 
2025-04-02 13:16:55,680 INFO: [RAIN2..][epoch:174, iter:   1,400, lr:(1.000e-03,1.000e-04,)] [eta: 21:24:51, time (data): 0.189 (0.104)] l0: 2.7734e-02 l1: 3.5689e-02 l2: 5.3618e-02 l3: 5.8616e-02 l4: 7.2343e-02 l3_ssim: 4.7945e-01 l4_ssim: 6.0132e-01 
2025-04-02 13:17:33,354 INFO: [RAIN2..][epoch:199, iter:   1,600, lr:(1.000e-03,1.000e-04,)] [eta: 21:20:02, time (data): 0.187 (0.102)] l0: 3.5580e-02 l1: 4.5724e-02 l2: 5.3901e-02 l3: 6.3830e-02 l4: 6.8838e-02 l3_ssim: 4.8027e-01 l4_ssim: 5.9861e-01 
2025-04-02 13:18:11,012 INFO: [RAIN2..][epoch:224, iter:   1,800, lr:(1.000e-03,1.000e-04,)] [eta: 21:16:05, time (data): 0.184 (0.099)] l0: 3.5079e-02 l1: 4.1279e-02 l2: 5.6062e-02 l3: 6.2715e-02 l4: 7.6221e-02 l3_ssim: 5.0922e-01 l4_ssim: 5.9873e-01 
2025-04-02 13:18:48,661 INFO: [RAIN2..][epoch:249, iter:   2,000, lr:(9.999e-04,9.999e-05,)] [eta: 21:12:46, time (data): 0.190 (0.105)] l0: 3.9251e-02 l1: 4.9903e-02 l2: 5.7728e-02 l3: 6.5522e-02 l4: 6.9702e-02 l3_ssim: 4.6907e-01 l4_ssim: 5.7290e-01 
2025-04-02 13:18:53,762 INFO: Validation RAIN200H,		 # psnr: 18.6124
2025-04-02 13:19:32,048 INFO: [RAIN2..][epoch:274, iter:   2,200, lr:(9.999e-04,9.999e-05,)] [eta: 21:27:13, time (data): 0.188 (0.102)] l0: 3.6560e-02 l1: 4.4591e-02 l2: 5.7971e-02 l3: 6.4728e-02 l4: 6.7982e-02 l3_ssim: 4.9952e-01 l4_ssim: 5.9062e-01 
2025-04-02 13:20:09,858 INFO: [RAIN2..][epoch:299, iter:   2,400, lr:(9.999e-04,9.999e-05,)] [eta: 21:23:45, time (data): 0.189 (0.103)] l0: 3.8162e-02 l1: 4.3751e-02 l2: 5.8792e-02 l3: 6.2683e-02 l4: 6.1999e-02 l3_ssim: 5.3709e-01 l4_ssim: 6.2164e-01 
2025-04-02 13:20:47,699 INFO: [RAIN2..][epoch:324, iter:   2,600, lr:(9.999e-04,9.999e-05,)] [eta: 21:20:49, time (data): 0.190 (0.105)] l0: 3.7965e-02 l1: 4.4838e-02 l2: 5.6282e-02 l3: 6.2563e-02 l4: 5.9849e-02 l3_ssim: 5.2681e-01 l4_ssim: 5.7675e-01 
2025-04-02 13:21:25,469 INFO: [RAIN2..][epoch:349, iter:   2,800, lr:(9.999e-04,9.999e-05,)] [eta: 21:18:01, time (data): 0.194 (0.106)] l0: 3.9195e-02 l1: 4.2360e-02 l2: 5.3452e-02 l3: 5.7479e-02 l4: 4.8721e-02 l3_ssim: 5.0850e-01 l4_ssim: 4.6416e-01 
2025-04-02 13:22:03,242 INFO: [RAIN2..][epoch:374, iter:   3,000, lr:(9.999e-04,9.999e-05,)] [eta: 21:15:32, time (data): 0.187 (0.101)] l0: 3.3397e-02 l1: 3.8799e-02 l2: 5.0433e-02 l3: 5.7323e-02 l4: 4.6668e-02 l3_ssim: 5.2092e-01 l4_ssim: 4.2385e-01 
2025-04-02 13:22:41,044 INFO: [RAIN2..][epoch:399, iter:   3,200, lr:(9.998e-04,9.998e-05,)] [eta: 21:13:20, time (data): 0.188 (0.103)] l0: 3.6919e-02 l1: 4.7672e-02 l2: 5.6662e-02 l3: 6.1823e-02 l4: 5.6236e-02 l3_ssim: 5.5538e-01 l4_ssim: 4.7104e-01 
2025-04-02 13:23:18,829 INFO: [RAIN2..][epoch:424, iter:   3,400, lr:(9.998e-04,9.998e-05,)] [eta: 21:11:17, time (data): 0.190 (0.105)] l0: 4.9717e-02 l1: 5.0113e-02 l2: 6.1263e-02 l3: 5.8880e-02 l4: 4.4371e-02 l3_ssim: 4.3427e-01 l4_ssim: 3.4784e-01 
2025-04-02 13:23:56,627 INFO: [RAIN2..][epoch:449, iter:   3,600, lr:(9.998e-04,9.998e-05,)] [eta: 21:09:25, time (data): 0.188 (0.103)] l0: 3.2138e-02 l1: 4.0307e-02 l2: 5.1561e-02 l3: 5.7326e-02 l4: 4.5056e-02 l3_ssim: 4.8417e-01 l4_ssim: 4.3546e-01 
2025-04-02 13:24:34,434 INFO: [RAIN2..][epoch:474, iter:   3,800, lr:(9.998e-04,9.998e-05,)] [eta: 21:07:42, time (data): 0.190 (0.103)] l0: 4.4264e-02 l1: 5.0955e-02 l2: 6.0705e-02 l3: 6.4194e-02 l4: 5.3259e-02 l3_ssim: 5.0245e-01 l4_ssim: 4.4911e-01 
2025-04-02 13:25:12,210 INFO: [RAIN2..][epoch:499, iter:   4,000, lr:(9.998e-04,9.998e-05,)] [eta: 21:06:02, time (data): 0.189 (0.104)] l0: 2.4257e-02 l1: 2.8755e-02 l2: 4.3338e-02 l3: 3.8462e-02 l4: 4.3466e-02 l3_ssim: 3.2944e-01 l4_ssim: 3.7044e-01 
2025-04-02 13:25:17,039 INFO: Validation RAIN200H,		 # psnr: 22.0474
