2025-04-03 18:29:09,679 INFO: 
                ____                _       _____  ____
               / __ ) ____ _ _____ (_)_____/ ___/ / __ \
              / __  |/ __ `// ___// // ___/\__ \ / /_/ /
             / /_/ // /_/ /(__  )/ // /__ ___/ // _, _/
            /_____/ \__,_//____//_/ \___//____//_/ |_|
     ______                   __   __                 __      __
    / ____/____   ____   ____/ /  / /   __  __ _____ / /__   / /
   / / __ / __ \ / __ \ / __  /  / /   / / / // ___// //_/  / /
  / /_/ // /_/ // /_/ // /_/ /  / /___/ /_/ // /__ / /<    /_/
  \____/ \____/ \____/ \____/  /_____/\____/ \___//_/|_|  (_)
    
Version Information: 
	PyTorch: 2.0.1+cu117
	TorchVision: 0.15.2+cu117
2025-04-03 18:29:09,679 INFO: 
  name: RAIN200H-LPNet_pad
  model_type: LPNetModel
  scale: 1
  num_gpu: 1
  manual_seed: 10
  datasets:[
    train:[
      name: RAIN200H
      type: PairedImageDataset
      dataroot_gt: /scratch/eecs568s001w25_class_root/eecs568s001w25_class/yiweigui/Deep-Fourier-Upsampling/Dataset/Rain100H/norain
      dataroot_lq: /scratch/eecs568s001w25_class_root/eecs568s001w25_class/yiweigui/Deep-Fourier-Upsampling/Dataset/Rain100H/rainy
      filename_tmpl: {}
      io_backend:[
        type: disk
      ]
      gt_size: 128
      use_flip: True
      use_rot: True
      use_shuffle: True
      num_worker_per_gpu: 0
      batch_size_per_gpu: 12
      dataset_enlarge_ratio: 1
      prefetch_mode: None
      phase: train
      scale: 1
    ]
    val:[
      name: RAIN200H
      type: PairedImageDataset
      dataroot_gt: /scratch/eecs568s001w25_class_root/eecs568s001w25_class/yiweigui/Deep-Fourier-Upsampling/Dataset/Rain100H/norain
      dataroot_lq: /scratch/eecs568s001w25_class_root/eecs568s001w25_class/yiweigui/Deep-Fourier-Upsampling/Dataset/Rain100H/rainy
      io_backend:[
        type: disk
      ]
      phase: val
      scale: 1
    ]
  ]
  network_g:[
    type: LPNet_pad
  ]
  path:[
    pretrain_network_g: None
    strict_load_g: True
    resume_state: None
    root: /scratch/eecs568s001w25_class_root/eecs568s001w25_class/yiweigui/Deep-Fourier-Upsampling/Deraining_LPNET
    experiments_root: /scratch/eecs568s001w25_class_root/eecs568s001w25_class/yiweigui/Deep-Fourier-Upsampling/Deraining_LPNET/experiments/RAIN200H-LPNet_pad
    models: /scratch/eecs568s001w25_class_root/eecs568s001w25_class/yiweigui/Deep-Fourier-Upsampling/Deraining_LPNET/experiments/RAIN200H-LPNet_pad/models
    training_states: /scratch/eecs568s001w25_class_root/eecs568s001w25_class/yiweigui/Deep-Fourier-Upsampling/Deraining_LPNET/experiments/RAIN200H-LPNet_pad/training_states
    log: /scratch/eecs568s001w25_class_root/eecs568s001w25_class/yiweigui/Deep-Fourier-Upsampling/Deraining_LPNET/experiments/RAIN200H-LPNet_pad
    visualization: /scratch/eecs568s001w25_class_root/eecs568s001w25_class/yiweigui/Deep-Fourier-Upsampling/Deraining_LPNET/experiments/RAIN200H-LPNet_pad/visualization
  ]
  train:[
    optim_g:[
      type: Adam
      lr: 0.001
      weight_decay: 0
      betas: [0.9, 0.99]
    ]
    scheduler:[
      type: TrueCosineAnnealingLR
      T_max: 1000
      eta_min: 1e-07
    ]
    total_iter: 1000
    warmup_iter: 0
    pixel_opt:[
      type: L1Loss
      loss_weight: 0.5
      reduction: mean
    ]
  ]
  val:[
    val_freq: 200
    save_img: False
    grids: False
    crop_size: 256
    max_minibatch: 8
    metrics:[
      psnr:[
        type: calculate_psnr
        crop_border: 0
        test_y_channel: True
      ]
    ]
  ]
  logger:[
    print_freq: 200
    save_checkpoint_freq: 500
    use_tb_logger: True
    wandb:[
      project: None
      resume_id: None
    ]
  ]
  dist_params:[
    backend: nccl
    port: 29500
  ]
  is_train: True
  dist: False
  rank: 0
  world_size: 1

2025-04-03 18:29:09,832 INFO: Dataset PairedImageDataset - RAIN200H is created.
2025-04-03 18:29:09,832 INFO: Training statistics:
	Number of train images: 100
	Dataset enlarge ratio: 1
	Batch size per gpu: 12
	World size (gpu number): 1
	Require iter number per epoch: 9
	Total epochs: 112; iters: 1000.
2025-04-03 18:29:09,836 INFO: Dataset PairedImageDataset - RAIN200H is created.
2025-04-03 18:29:09,836 INFO: Number of val images/folders in RAIN200H: 100
2025-04-03 18:29:10,488 INFO: Model [LPNetModel] is created.
2025-04-03 18:29:10,488 INFO: Start training from epoch: 0, iter: 0
2025-04-03 18:29:47,783 INFO: [RAIN2..][epoch: 24, iter:     200, lr:(9.054e-04,9.055e-05,)] [eta: 0:02:28, time (data): 0.178 (0.101)] l0: 6.5697e-02 l1: 5.4047e-02 l2: 7.7508e-02 l3: 8.7110e-02 l4: 9.9384e-02 l3_ssim: 5.1990e-01 l4_ssim: 5.8552e-01 
2025-04-03 18:29:52,534 INFO: Validation RAIN200H,		 # psnr: 14.5609
2025-04-03 18:30:28,618 INFO: [RAIN2..][epoch: 49, iter:     400, lr:(6.560e-04,6.563e-05,)] [eta: 0:01:56, time (data): 0.183 (0.106)] l0: 4.0371e-02 l1: 5.4919e-02 l2: 6.9921e-02 l3: 7.7028e-02 l4: 9.4258e-02 l3_ssim: 4.8929e-01 l4_ssim: 5.8843e-01 
2025-04-03 18:30:33,088 INFO: Validation RAIN200H,		 # psnr: 15.1711
2025-04-03 18:30:51,138 INFO: Saving models and training states.
2025-04-03 18:31:09,178 INFO: [RAIN2..][epoch: 74, iter:     600, lr:(3.471e-04,3.476e-05,)] [eta: 0:01:18, time (data): 0.179 (0.102)] l0: 4.5151e-02 l1: 5.7083e-02 l2: 5.8729e-02 l3: 6.6302e-02 l4: 7.6555e-02 l3_ssim: 5.3587e-01 l4_ssim: 6.1566e-01 
2025-04-03 18:31:13,634 INFO: Validation RAIN200H,		 # psnr: 16.2346
2025-04-03 18:31:49,695 INFO: [RAIN2..][epoch: 99, iter:     800, lr:(9.651e-05,9.732e-06,)] [eta: 0:00:39, time (data): 0.182 (0.105)] l0: 3.7971e-02 l1: 5.1415e-02 l2: 5.5283e-02 l3: 6.6429e-02 l4: 7.8363e-02 l3_ssim: 4.8990e-01 l4_ssim: 6.0068e-01 
2025-04-03 18:31:54,149 INFO: Validation RAIN200H,		 # psnr: 16.7094
2025-04-03 18:32:30,195 INFO: [RAIN2..][epoch:124, iter:   1,000, lr:(1.025e-07,1.002e-07,)] [eta: 0:00:00, time (data): 0.178 (0.101)] l0: 3.5224e-02 l1: 4.7638e-02 l2: 5.3938e-02 l3: 6.0301e-02 l4: 6.9624e-02 l3_ssim: 5.0140e-01 l4_ssim: 5.4857e-01 
2025-04-03 18:32:30,195 INFO: Saving models and training states.
2025-04-03 18:32:34,678 INFO: Validation RAIN200H,		 # psnr: 16.7730
2025-04-03 18:32:34,781 INFO: End of training. Time consumed: 0:03:24
2025-04-03 18:32:34,781 INFO: Save the latest model.
